2020-07-01 00:57:15,963[INFO ] [main] [MainDriver.java:75] - Creating object repository object....
2020-07-01 00:57:15,973[INFO ] [main] [Log.java:15] - ****************************************************************************************
2020-07-01 00:57:15,973[INFO ] [main] [Log.java:16] - ****************************************************************************************
2020-07-01 00:57:15,974[INFO ] [main] [Log.java:17] - $$$$$$$$$$$$$$$$$$$$$                -S--T--A--R--T AutomateIOTest       $$$$$$$$$$$$$$$$$$$$$$$$$
2020-07-01 00:57:15,974[INFO ] [main] [Log.java:18] - ****************************************************************************************
2020-07-01 00:57:15,975[INFO ] [main] [Log.java:19] - ****************************************************************************************
2020-07-01 00:57:16,001[INFO ] [main] [Log.java:15] - ****************************************************************************************
2020-07-01 00:57:16,002[INFO ] [main] [Log.java:16] - ****************************************************************************************
2020-07-01 00:57:16,002[INFO ] [main] [Log.java:17] - $$$$$$$$$$$$$$$$$$$$$                -S--T--A--R--T PerformTask2       $$$$$$$$$$$$$$$$$$$$$$$$$
2020-07-01 00:57:16,003[INFO ] [main] [Log.java:18] - ****************************************************************************************
2020-07-01 00:57:16,003[INFO ] [main] [Log.java:19] - ****************************************************************************************
2020-07-01 00:57:16,129[DEBUG] [main] [MainDriver.java:139] - Opening browser
2020-07-01 00:57:31,670[INFO ] [main] [AutomateIOTest.java:59] - Fetching the login credentials..
2020-07-01 00:57:31,673[INFO ] [main] [ServicesKeywords.java:55] - Loading URL :https://api.automate.io/auth/login
2020-07-01 00:57:31,674[INFO ] [main] [ServicesKeywords.java:56] - Request is :Login
2020-07-01 00:57:31,674[INFO ] [main] [ServicesKeywords.java:62] - Successfully loaded Below request:
{
  "email": "${emailID}",
  "password": "${password}"
}
2020-07-01 00:57:31,677[INFO ] [main] [ServicesKeywords.java:66] - ---------------------------------------------------------------------------------------
2020-07-01 00:57:31,678[INFO ] [main] [ServicesKeywords.java:111] - Substituting Key:emailID --> Value:raviauto09@gmail.com
2020-07-01 00:57:31,678[INFO ] [main] [ServicesKeywords.java:113] - Substituted payLoad is:{"email": "raviauto09@gmail.com", "password": "${password}"}
2020-07-01 00:57:31,678[INFO ] [main] [ServicesKeywords.java:114] - ---------------------------------------------------------------------------------------
2020-07-01 00:57:31,678[INFO ] [main] [ServicesKeywords.java:111] - Substituting Key:password --> Value:2589243m
2020-07-01 00:57:31,678[INFO ] [main] [ServicesKeywords.java:113] - Substituted payLoad is:{"email": "raviauto09@gmail.com", "password": "2589243m"}
2020-07-01 00:57:31,678[INFO ] [main] [ServicesKeywords.java:114] - ---------------------------------------------------------------------------------------
2020-07-01 00:57:31,679[INFO ] [main] [ServicesKeywords.java:94] - Substituting header:Content-Type:application/json
2020-07-01 00:57:31,679[INFO ] [main] [ServicesKeywords.java:95] - ---------------------------------------------------------------------------------------
2020-07-01 00:57:31,680[INFO ] [main] [ServicesKeywords.java:94] - Substituting header:Accept:application/json
2020-07-01 00:57:31,680[INFO ] [main] [ServicesKeywords.java:95] - ---------------------------------------------------------------------------------------
2020-07-01 00:57:31,680[INFO ] [main] [ServicesKeywords.java:94] - Substituting header:User-Agent:Mozilla/5.0 (X11; Linux x86_64) AppleWebKit/537.36 (KHTML, like Gecko) Chrome/79.0.3945.130 Safari/537.36
2020-07-01 00:57:31,680[INFO ] [main] [ServicesKeywords.java:95] - ---------------------------------------------------------------------------------------
2020-07-01 00:57:31,681[INFO ] [main] [ServicesKeywords.java:131] - ---------------------------------------------------------------------------------------
2020-07-01 00:57:31,681[INFO ] [main] [ServicesKeywords.java:132] - Posting Request to URL:https://api.automate.io/auth/login
2020-07-01 00:57:34,195[INFO ] [main] [ServicesKeywords.java:138] - Response Code from the Server is:[200]
2020-07-01 00:57:34,196[INFO ] [main] [ServicesKeywords.java:140] - Response from Server is:
{
  "data": {
    "name": "Ravindra Kumar"
  },
  "status": "success"
}
2020-07-01 00:57:34,196[INFO ] [main] [ServicesKeywords.java:142] - ---------------------------------------------------------------------------------------
2020-07-01 00:57:37,199[INFO ] [main] [ServicesKeywords.java:193] - Servercode Matched
2020-07-01 00:57:37,276[INFO ] [main] [ServicesKeywords.java:222] - Response value fetched using Xpath [$.status] is [success]
2020-07-01 00:57:37,276[INFO ] [main] [ServicesKeywords.java:225] - Response Validation: Matched- Actual[success] ---> Expected[success]
2020-07-01 00:57:37,276[INFO ] [main] [ServicesKeywords.java:226] - ---------------------------------------------------------------------------------------
2020-07-01 00:57:37,277[ERROR] [main] [ServicesKeywords.java:308] - Exception Occurred:[Ljava.lang.StackTraceElement;@19868320
2020-07-01 00:57:37,277[ERROR] [main] [ServicesKeywords.java:309] - 
2020-07-01 00:57:37,277[INFO ] [main] [ServicesKeywords.java:310] - ---------------------------------------------------------------------------------------
2020-07-01 00:57:37,277[INFO ] [main] [AutomateIOTest.java:89] - {}
2020-07-01 00:57:37,277[INFO ] [main] [AutomateIOTest.java:93] - TestStep 1:Login to application
2020-07-01 00:57:37,282[DEBUG] [main] [WebKeywords.java:378] - Writing in text box:txtEmailID
2020-07-01 00:57:37,449[INFO ] [main] [XMLObjectRepository_Web.java:106] - Locator Value :By.id: email
2020-07-01 00:57:37,541[INFO ] [main] [XMLObjectRepository_Web.java:106] - Locator Value :By.id: email
2020-07-01 00:57:37,751[DEBUG] [main] [WebKeywords.java:378] - Writing in text box:txtPassword
2020-07-01 00:57:37,755[INFO ] [main] [XMLObjectRepository_Web.java:106] - Locator Value :By.id: password
2020-07-01 00:57:37,796[INFO ] [main] [XMLObjectRepository_Web.java:106] - Locator Value :By.id: password
2020-07-01 00:57:37,900[DEBUG] [main] [WebKeywords.java:345] - Clicking on any element
2020-07-01 00:57:37,902[INFO ] [main] [XMLObjectRepository_Web.java:102] - Locator Value :By.xpath: //button[text()='LOGIN']
2020-07-01 00:57:37,959[INFO ] [main] [XMLObjectRepository_Web.java:102] - Locator Value :By.xpath: //button[text()='LOGIN']
2020-07-01 00:57:38,075[DEBUG] [main] [WebKeywords.java:354] - Clicking Action Success.
2020-07-01 00:57:38,080[DEBUG] [main] [WebKeywords.java:1360] - Waiting for an element to be visible for 30Secs..
2020-07-01 00:57:38,084[INFO ] [main] [XMLObjectRepository_Web.java:116] - Locator Value :By.linkText: Create a Bot
2020-07-01 00:57:41,007[INFO ] [main] [WebKeywords.java:1372] - Element is visible..
2020-07-01 00:57:46,461[INFO ] [main] [ServicesKeywords.java:55] - Loading URL :https://api.automate.io/workflows
2020-07-01 00:57:46,461[INFO ] [main] [ServicesKeywords.java:56] - Request is :CreateBot
2020-07-01 00:57:46,463[INFO ] [main] [ServicesKeywords.java:62] - Successfully loaded Below request:
{
  "actions": [
    {
      "id": "aio_w_k5yxbb1bai1np_5ef8ea6a1645f56c03223643_send_mail",
      "params": [
        {
          "data": {
            "value": "plain"
          },
          "dataType": "string",
          "id": "contentType",
          "inputType": "select",
          "datatype": "string",
          "required": true,
          "value": "plain"
        },
        {
          "id": "fromName",
          "inputType": "input",
          "data": {
            "value": "[[{\"activityId\":\"aio_w_1hqn3znfzyye_5ef8ea6a1645f56c03223643_new_email\",\"appId\":\"gmail\",\"fieldId\":\"fromName\",\"fieldName\":\"From Name\"}]]"
          },
          "datatype": "string",
          "required": false,
          "value": "[[{\"activityId\":\"aio_w_1hqn3znfzyye_5ef8ea6a1645f56c03223643_new_email\",\"appId\":\"gmail\",\"fieldId\":\"fromName\",\"fieldName\":\"From Name\"}]]"
        },
        {
          "id": "from",
          "inputType": "input",
          "data": {
            "value": "[[{\"activityId\":\"aio_w_1hqn3znfzyye_5ef8ea6a1645f56c03223643_new_email\",\"appId\":\"gmail\",\"fieldId\":\"toEmail\",\"fieldName\":\"To Email\"}]]"
          },
          "datatype": "string",
          "required": false,
          "value": "[[{\"activityId\":\"aio_w_1hqn3znfzyye_5ef8ea6a1645f56c03223643_new_email\",\"appId\":\"gmail\",\"fieldId\":\"toEmail\",\"fieldName\":\"To Email\"}]]"
        },
        {
          "id": "toName",
          "inputType": "input",
          "data": {
            "value": "Ravindra Kumar"
          },
          "datatype": "string",
          "required": false,
          "value": "Ravindra Kumar"
        },
        {
          "id": "to",
          "inputType": "multiinput",
          "data": [
            {
              "id": "0",
              "value": "tewst@gmail.com"
            }
          ],
          "datatype": "string",
          "required": false
        },
        {
          "id": "subject",
          "inputType": "input",
          "data": {
            "value": "[[{\"activityId\":\"aio_w_1hqn3znfzyye_5ef8ea6a1645f56c03223643_new_email\",\"appId\":\"gmail\",\"fieldId\":\"Subject\",\"fieldName\":\"Subject\"}]]"
          },
          "datatype": "string",
          "required": true,
          "value": "[[{\"activityId\":\"aio_w_1hqn3znfzyye_5ef8ea6a1645f56c03223643_new_email\",\"appId\":\"gmail\",\"fieldId\":\"Subject\",\"fieldName\":\"Subject\"}]]"
        },
        {
          "id": "email_body",
          "inputType": "input",
          "data": {
            "value": "[[{\"activityId\":\"aio_w_1hqn3znfzyye_5ef8ea6a1645f56c03223643_new_email\",\"appId\":\"gmail\",\"fieldId\":\"body\",\"fieldName\":\"Body\"}]]"
          },
          "datatype": "string",
          "required": true,
          "value": "[[{\"activityId\":\"aio_w_1hqn3znfzyye_5ef8ea6a1645f56c03223643_new_email\",\"appId\":\"gmail\",\"fieldId\":\"body\",\"fieldName\":\"Body\"}]]"
        }
      ],
      "appId": "56bdb323f3e0ce2491d66197",
      "userappId": "5ef8ea6a1645f56c03223643",
      "parsedSampleData": [],
      "sampleData": {},
      "actionId": "send_mail",
      "dynamicResponseFields": []
    }
  ],
  "name": "Gmail - New Email",
  "status": "disabled",
  "trigger": {
    "id": "aio_w_1hqn3znfzyye_5ef8ea6a1645f56c03223643_new_email",
    "params": [
      {
        "id": "label",
        "inputType": "select",
        "data": {
          "isCustom": false,
          "name": "INBOX",
          "value": "INBOX"
        },
        "datatype": "string",
        "required": true,
        "value": "INBOX"
      }
    ],
    "appId": "56bdb323f3e0ce2491d66197",
    "userappId": "5ef8ea6a1645f56c03223643",
    "parsedSampleData": [],
    "sampleData": {},
    "triggerId": "new_email",
    "dynamicResponseFields": []
  },
  "version": "1.1",
  "webhookStatus": "disabled"
}
2020-07-01 00:57:46,463[INFO ] [main] [ServicesKeywords.java:66] - ---------------------------------------------------------------------------------------
2020-07-01 00:57:46,463[INFO ] [main] [ServicesKeywords.java:94] - Substituting header:Content-Type:application/json
2020-07-01 00:57:46,463[INFO ] [main] [ServicesKeywords.java:95] - ---------------------------------------------------------------------------------------
2020-07-01 00:57:46,464[INFO ] [main] [ServicesKeywords.java:94] - Substituting header:Accept:application/json
2020-07-01 00:57:46,464[INFO ] [main] [ServicesKeywords.java:95] - ---------------------------------------------------------------------------------------
2020-07-01 00:57:46,464[INFO ] [main] [ServicesKeywords.java:94] - Substituting header:User-Agent:Mozilla/5.0 (X11; Linux x86_64) AppleWebKit/537.36 (KHTML, like Gecko) Chrome/79.0.3945.130 Safari/537.36
2020-07-01 00:57:46,464[INFO ] [main] [ServicesKeywords.java:95] - ---------------------------------------------------------------------------------------
2020-07-01 00:57:46,464[INFO ] [main] [ServicesKeywords.java:94] - Substituting header:x-xsrf-token:irBb8ypk-y8jbJvHKLNN4QNszTit58awCSTY
2020-07-01 00:57:46,464[INFO ] [main] [ServicesKeywords.java:95] - ---------------------------------------------------------------------------------------
2020-07-01 00:57:46,465[INFO ] [main] [ServicesKeywords.java:94] - Substituting header:Cookie:;_hjIncludedInSample=1;__stripe_sid=0034e67e-6a8f-4f89-a89a-c2ca13f045fe;intercom-id-mqa5mwh7=2d421be9-5c26-4618-8ba6-f3ced07ea3bf;XSRF-TOKEN=irBb8ypk-y8jbJvHKLNN4QNszTit58awCSTY;intercom-session-mqa5mwh7=;_csrf=rjfa9zztDFlrOY79pnyalydU;mp_cbd34858df3ce780f2f7ecbd10436dc6_mixpanel=%7B%22distinct_id%22%3A%20%22raviauto09%40gmail.com%22%2C%22%24device_id%22%3A%20%2217306b2c53a29c-0402be7bd9827b-4353760-100200-17306b2c53bc6%22%2C%22%24initial_referrer%22%3A%20%22%24direct%22%2C%22%24initial_referring_domain%22%3A%20%22%24direct%22%2C%22%24user_id%22%3A%20%22raviauto09%40gmail.com%22%7D;_gid=GA1.2.845678883.1593545245;__stripe_mid=7779ab91-6fa8-474c-82e5-8b1d4ea1c369;_hjAbsoluteSessionInProgress=1;_hjid=ab2f3d67-d590-4717-8024-e8e8bee54316;_ga=GA1.2.1609281922.1593545245;_gat_gtag_UA_63343321_2=1
2020-07-01 00:57:46,465[INFO ] [main] [ServicesKeywords.java:95] - ---------------------------------------------------------------------------------------
2020-07-01 00:57:46,465[INFO ] [main] [ServicesKeywords.java:131] - ---------------------------------------------------------------------------------------
2020-07-01 00:57:46,465[INFO ] [main] [ServicesKeywords.java:132] - Posting Request to URL:https://api.automate.io/workflows
2020-07-01 00:57:48,565[INFO ] [main] [ServicesKeywords.java:138] - Response Code from the Server is:[401]
2020-07-01 00:57:48,566[INFO ] [main] [ServicesKeywords.java:140] - Response from Server is:
{
  "error": {
    "message": "Not a valid User or SessionId!"
  },
  "status": "error"
}
2020-07-01 00:57:48,566[INFO ] [main] [ServicesKeywords.java:142] - ---------------------------------------------------------------------------------------
2020-07-01 00:57:51,580[ERROR] [main] [ServicesKeywords.java:196] - Server code did not matched: Expected[200] ---> Actual[401]
2020-07-01 00:57:51,597[ERROR] [main] [TestListener.java:30] - ***** Error PerformTask2 test has failed *****
2020-07-01 00:57:51,599[ERROR] [main] [TestListener.java:42] - Closing Driver Object:ChromeDriver: chrome on XP (null)
2020-07-01 00:57:51,613[ERROR] [main] [TestListener.java:78] - Closing the driver...ChromeDriver: chrome on XP (null)
2020-07-01 00:57:51,656[INFO ] [main] [TestListener.java:191] - ****************** End of the Suite [AutomateIOTest] ************************
2020-07-01 00:57:51,858[INFO ] [main] [Executor.java:461] - ************ [Total Execution Time-0:0:39] *******************]
