2020-06-30 21:33:46,453[INFO ] [main] [MainDriver.java:75] - Creating object repository object....
2020-06-30 21:33:46,463[INFO ] [main] [Log.java:15] - ****************************************************************************************
2020-06-30 21:33:46,463[INFO ] [main] [Log.java:16] - ****************************************************************************************
2020-06-30 21:33:46,463[INFO ] [main] [Log.java:17] - $$$$$$$$$$$$$$$$$$$$$                -S--T--A--R--T AutomateIOTest       $$$$$$$$$$$$$$$$$$$$$$$$$
2020-06-30 21:33:46,463[INFO ] [main] [Log.java:18] - ****************************************************************************************
2020-06-30 21:33:46,465[INFO ] [main] [Log.java:19] - ****************************************************************************************
2020-06-30 21:33:46,493[INFO ] [main] [Log.java:15] - ****************************************************************************************
2020-06-30 21:33:46,493[INFO ] [main] [Log.java:16] - ****************************************************************************************
2020-06-30 21:33:46,494[INFO ] [main] [Log.java:17] - $$$$$$$$$$$$$$$$$$$$$                -S--T--A--R--T PerformTask2       $$$$$$$$$$$$$$$$$$$$$$$$$
2020-06-30 21:33:46,494[INFO ] [main] [Log.java:18] - ****************************************************************************************
2020-06-30 21:33:46,494[INFO ] [main] [Log.java:19] - ****************************************************************************************
2020-06-30 21:33:46,495[INFO ] [main] [AutomateIOTest.java:52] - Fetching the login credentials..
2020-06-30 21:33:46,612[INFO ] [main] [ServicesKeywords.java:55] - Loading URL :https://api.automate.io/auth/login
2020-06-30 21:33:46,612[INFO ] [main] [ServicesKeywords.java:56] - Request is :Login
2020-06-30 21:33:46,622[INFO ] [main] [ServicesKeywords.java:62] - Successfully loaded Below request:
{
  "email": "${emailID}",
  "password": "${password}"
}
2020-06-30 21:33:46,626[INFO ] [main] [ServicesKeywords.java:66] - ---------------------------------------------------------------------------------------
2020-06-30 21:33:46,627[INFO ] [main] [ServicesKeywords.java:111] - Substituting Key:emailID --> Value:raviauto09@gmail.com
2020-06-30 21:33:46,627[INFO ] [main] [ServicesKeywords.java:113] - Substituted payLoad is:{"email": "raviauto09@gmail.com", "password": "${password}"}
2020-06-30 21:33:46,628[INFO ] [main] [ServicesKeywords.java:114] - ---------------------------------------------------------------------------------------
2020-06-30 21:33:46,628[INFO ] [main] [ServicesKeywords.java:111] - Substituting Key:password --> Value:2589243m
2020-06-30 21:33:46,628[INFO ] [main] [ServicesKeywords.java:113] - Substituted payLoad is:{"email": "raviauto09@gmail.com", "password": "2589243m"}
2020-06-30 21:33:46,628[INFO ] [main] [ServicesKeywords.java:114] - ---------------------------------------------------------------------------------------
2020-06-30 21:33:46,628[INFO ] [main] [ServicesKeywords.java:94] - Substituting header:Content-Type:application/json
2020-06-30 21:33:46,629[INFO ] [main] [ServicesKeywords.java:95] - ---------------------------------------------------------------------------------------
2020-06-30 21:33:46,630[INFO ] [main] [ServicesKeywords.java:94] - Substituting header:Accept:application/json
2020-06-30 21:33:46,630[INFO ] [main] [ServicesKeywords.java:95] - ---------------------------------------------------------------------------------------
2020-06-30 21:33:46,631[INFO ] [main] [ServicesKeywords.java:94] - Substituting header:User-Agent:Mozilla/5.0 (X11; Linux x86_64) AppleWebKit/537.36 (KHTML, like Gecko) Chrome/79.0.3945.130 Safari/537.36
2020-06-30 21:33:46,631[INFO ] [main] [ServicesKeywords.java:95] - ---------------------------------------------------------------------------------------
2020-06-30 21:33:46,631[INFO ] [main] [ServicesKeywords.java:131] - ---------------------------------------------------------------------------------------
2020-06-30 21:33:46,631[INFO ] [main] [ServicesKeywords.java:132] - Posting Request to URL:https://api.automate.io/auth/login
2020-06-30 21:33:50,624[INFO ] [main] [ServicesKeywords.java:138] - Response Code from the Server is:[200]
2020-06-30 21:33:50,625[INFO ] [main] [ServicesKeywords.java:140] - Response from Server is:
{
  "data": {
    "name": "Ravindra Kumar"
  },
  "status": "success"
}
2020-06-30 21:33:50,625[INFO ] [main] [ServicesKeywords.java:142] - ---------------------------------------------------------------------------------------
2020-06-30 21:33:53,627[INFO ] [main] [ServicesKeywords.java:193] - Servercode Matched
2020-06-30 21:33:53,772[INFO ] [main] [ServicesKeywords.java:222] - Response value fetched using Xpath [$.status] is [success]
2020-06-30 21:33:53,772[INFO ] [main] [ServicesKeywords.java:225] - Response Validation: Matched- Actual[success] ---> Expected[success]
2020-06-30 21:33:53,773[INFO ] [main] [ServicesKeywords.java:226] - ---------------------------------------------------------------------------------------
2020-06-30 21:33:53,773[ERROR] [main] [ServicesKeywords.java:308] - Exception Occurred:[Ljava.lang.StackTraceElement;@2783717b
2020-06-30 21:33:53,773[ERROR] [main] [ServicesKeywords.java:309] - 
2020-06-30 21:33:53,774[INFO ] [main] [ServicesKeywords.java:310] - ---------------------------------------------------------------------------------------
2020-06-30 21:33:53,774[ERROR] [main] [ServicesKeywords.java:308] - Exception Occurred:[Ljava.lang.StackTraceElement;@76f7d241
2020-06-30 21:33:53,774[ERROR] [main] [ServicesKeywords.java:309] - 
2020-06-30 21:33:53,774[INFO ] [main] [ServicesKeywords.java:310] - ---------------------------------------------------------------------------------------
2020-06-30 21:33:53,775[INFO ] [main] [AutomateIOTest.java:84] - {cookie=null, xsrfToken=null}
2020-06-30 21:33:53,810[INFO ] [main] [TestListener.java:191] - ****************** End of the Suite [AutomateIOTest] ************************
2020-06-30 21:33:54,000[INFO ] [main] [Executor.java:461] - ************ [Total Execution Time-0:0:10] *******************]
