2020-06-30 21:51:08,363[INFO ] [main] [MainDriver.java:75] - Creating object repository object....
2020-06-30 21:51:08,373[INFO ] [main] [Log.java:15] - ****************************************************************************************
2020-06-30 21:51:08,374[INFO ] [main] [Log.java:16] - ****************************************************************************************
2020-06-30 21:51:08,374[INFO ] [main] [Log.java:17] - $$$$$$$$$$$$$$$$$$$$$                -S--T--A--R--T AutomateIOTest       $$$$$$$$$$$$$$$$$$$$$$$$$
2020-06-30 21:51:08,374[INFO ] [main] [Log.java:18] - ****************************************************************************************
2020-06-30 21:51:08,375[INFO ] [main] [Log.java:19] - ****************************************************************************************
2020-06-30 21:51:08,403[INFO ] [main] [Log.java:15] - ****************************************************************************************
2020-06-30 21:51:08,403[INFO ] [main] [Log.java:16] - ****************************************************************************************
2020-06-30 21:51:08,404[INFO ] [main] [Log.java:17] - $$$$$$$$$$$$$$$$$$$$$                -S--T--A--R--T PerformTask2       $$$$$$$$$$$$$$$$$$$$$$$$$
2020-06-30 21:51:08,404[INFO ] [main] [Log.java:18] - ****************************************************************************************
2020-06-30 21:51:08,405[INFO ] [main] [Log.java:19] - ****************************************************************************************
2020-06-30 21:51:08,562[DEBUG] [main] [MainDriver.java:139] - Opening browser
2020-06-30 21:51:32,485[INFO ] [main] [AutomateIOTest.java:56] - Fetching the login credentials..
2020-06-30 21:51:32,493[INFO ] [main] [AutomateIOTest.java:60] - TestStep 1:Login to application
2020-06-30 21:51:32,504[DEBUG] [main] [WebKeywords.java:378] - Writing in text box:txtEmailID
2020-06-30 21:51:32,732[INFO ] [main] [XMLObjectRepository_Web.java:106] - Locator Value :By.id: email
2020-06-30 21:51:32,814[INFO ] [main] [XMLObjectRepository_Web.java:106] - Locator Value :By.id: email
2020-06-30 21:51:32,983[DEBUG] [main] [WebKeywords.java:378] - Writing in text box:txtPassword
2020-06-30 21:51:32,985[INFO ] [main] [XMLObjectRepository_Web.java:106] - Locator Value :By.id: password
2020-06-30 21:51:33,032[INFO ] [main] [XMLObjectRepository_Web.java:106] - Locator Value :By.id: password
2020-06-30 21:51:33,119[DEBUG] [main] [WebKeywords.java:345] - Clicking on any element
2020-06-30 21:51:33,121[INFO ] [main] [XMLObjectRepository_Web.java:102] - Locator Value :By.xpath: //button[text()='LOGIN']
2020-06-30 21:51:33,173[INFO ] [main] [XMLObjectRepository_Web.java:102] - Locator Value :By.xpath: //button[text()='LOGIN']
2020-06-30 21:51:33,279[DEBUG] [main] [WebKeywords.java:354] - Clicking Action Success.
2020-06-30 21:51:33,282[DEBUG] [main] [WebKeywords.java:1360] - Waiting for an element to be visible for 30Secs..
2020-06-30 21:51:33,284[INFO ] [main] [XMLObjectRepository_Web.java:116] - Locator Value :By.linkText: Create a Bot
2020-06-30 21:51:37,134[INFO ] [main] [WebKeywords.java:1372] - Element is visible..
2020-06-30 21:51:37,246[INFO ] [main] [ServicesKeywords.java:55] - Loading URL :https://api.automate.io/auth/login
2020-06-30 21:51:37,247[INFO ] [main] [ServicesKeywords.java:56] - Request is :Login
2020-06-30 21:51:37,247[INFO ] [main] [ServicesKeywords.java:62] - Successfully loaded Below request:
{
  "email": "${emailID}",
  "password": "${password}"
}
2020-06-30 21:51:37,250[INFO ] [main] [ServicesKeywords.java:66] - ---------------------------------------------------------------------------------------
2020-06-30 21:51:37,251[INFO ] [main] [ServicesKeywords.java:111] - Substituting Key:emailID --> Value:raviauto09@gmail.com
2020-06-30 21:51:37,251[INFO ] [main] [ServicesKeywords.java:113] - Substituted payLoad is:{"email": "raviauto09@gmail.com", "password": "${password}"}
2020-06-30 21:51:37,251[INFO ] [main] [ServicesKeywords.java:114] - ---------------------------------------------------------------------------------------
2020-06-30 21:51:37,251[INFO ] [main] [ServicesKeywords.java:111] - Substituting Key:password --> Value:2589243m
2020-06-30 21:51:37,252[INFO ] [main] [ServicesKeywords.java:113] - Substituted payLoad is:{"email": "raviauto09@gmail.com", "password": "2589243m"}
2020-06-30 21:51:37,252[INFO ] [main] [ServicesKeywords.java:114] - ---------------------------------------------------------------------------------------
2020-06-30 21:51:37,252[INFO ] [main] [ServicesKeywords.java:94] - Substituting header:Content-Type:application/json
2020-06-30 21:51:37,252[INFO ] [main] [ServicesKeywords.java:95] - ---------------------------------------------------------------------------------------
2020-06-30 21:51:37,253[INFO ] [main] [ServicesKeywords.java:94] - Substituting header:Accept:application/json
2020-06-30 21:51:37,254[INFO ] [main] [ServicesKeywords.java:95] - ---------------------------------------------------------------------------------------
2020-06-30 21:51:37,254[INFO ] [main] [ServicesKeywords.java:94] - Substituting header:User-Agent:Mozilla/5.0 (X11; Linux x86_64) AppleWebKit/537.36 (KHTML, like Gecko) Chrome/79.0.3945.130 Safari/537.36
2020-06-30 21:51:37,254[INFO ] [main] [ServicesKeywords.java:95] - ---------------------------------------------------------------------------------------
2020-06-30 21:51:37,254[INFO ] [main] [ServicesKeywords.java:131] - ---------------------------------------------------------------------------------------
2020-06-30 21:51:37,254[INFO ] [main] [ServicesKeywords.java:132] - Posting Request to URL:https://api.automate.io/auth/login
2020-06-30 21:51:39,741[INFO ] [main] [ServicesKeywords.java:138] - Response Code from the Server is:[200]
2020-06-30 21:51:39,742[INFO ] [main] [ServicesKeywords.java:140] - Response from Server is:
{
  "data": {
    "name": "Ravindra Kumar"
  },
  "status": "success"
}
2020-06-30 21:51:39,743[INFO ] [main] [ServicesKeywords.java:142] - ---------------------------------------------------------------------------------------
2020-06-30 21:51:42,747[INFO ] [main] [ServicesKeywords.java:193] - Servercode Matched
2020-06-30 21:51:42,904[INFO ] [main] [ServicesKeywords.java:222] - Response value fetched using Xpath [$.status] is [success]
2020-06-30 21:51:42,904[INFO ] [main] [ServicesKeywords.java:225] - Response Validation: Matched- Actual[success] ---> Expected[success]
2020-06-30 21:51:42,904[INFO ] [main] [ServicesKeywords.java:226] - ---------------------------------------------------------------------------------------
2020-06-30 21:51:42,905[ERROR] [main] [ServicesKeywords.java:308] - Exception Occurred:[Ljava.lang.StackTraceElement;@907f2b7
2020-06-30 21:51:42,905[ERROR] [main] [ServicesKeywords.java:309] - 
2020-06-30 21:51:42,905[INFO ] [main] [ServicesKeywords.java:310] - ---------------------------------------------------------------------------------------
2020-06-30 21:51:42,905[ERROR] [main] [ServicesKeywords.java:308] - Exception Occurred:[Ljava.lang.StackTraceElement;@435ce306
2020-06-30 21:51:42,905[ERROR] [main] [ServicesKeywords.java:309] - 
2020-06-30 21:51:42,906[INFO ] [main] [ServicesKeywords.java:310] - ---------------------------------------------------------------------------------------
2020-06-30 21:51:42,906[INFO ] [main] [ServicesKeywords.java:305] - Fetched Header is ETag:W/"35-uoC/6EuAmjOpNtI6KGGN5efIWSI"
2020-06-30 21:51:42,906[INFO ] [main] [ServicesKeywords.java:306] - ---------------------------------------------------------------------------------------
2020-06-30 21:51:42,906[INFO ] [main] [AutomateIOTest.java:97] - {cookie=null, ETag=W/"35-uoC/6EuAmjOpNtI6KGGN5efIWSI", xsrfToken=null}
2020-06-30 21:51:48,877[INFO ] [main] [TestListener.java:191] - ****************** End of the Suite [AutomateIOTest] ************************
2020-06-30 21:51:49,053[INFO ] [main] [Executor.java:461] - ************ [Total Execution Time-0:0:44] *******************]
