2020-07-01 00:41:04,680[INFO ] [main] [MainDriver.java:75] - Creating object repository object....
2020-07-01 00:41:04,689[INFO ] [main] [Log.java:15] - ****************************************************************************************
2020-07-01 00:41:04,690[INFO ] [main] [Log.java:16] - ****************************************************************************************
2020-07-01 00:41:04,690[INFO ] [main] [Log.java:17] - $$$$$$$$$$$$$$$$$$$$$                -S--T--A--R--T AutomateIOTest       $$$$$$$$$$$$$$$$$$$$$$$$$
2020-07-01 00:41:04,690[INFO ] [main] [Log.java:18] - ****************************************************************************************
2020-07-01 00:41:04,691[INFO ] [main] [Log.java:19] - ****************************************************************************************
2020-07-01 00:41:04,715[INFO ] [main] [Log.java:15] - ****************************************************************************************
2020-07-01 00:41:04,716[INFO ] [main] [Log.java:16] - ****************************************************************************************
2020-07-01 00:41:04,717[INFO ] [main] [Log.java:17] - $$$$$$$$$$$$$$$$$$$$$                -S--T--A--R--T PerformTask2       $$$$$$$$$$$$$$$$$$$$$$$$$
2020-07-01 00:41:04,717[INFO ] [main] [Log.java:18] - ****************************************************************************************
2020-07-01 00:41:04,718[INFO ] [main] [Log.java:19] - ****************************************************************************************
2020-07-01 00:41:04,845[DEBUG] [main] [MainDriver.java:139] - Opening browser
2020-07-01 00:41:19,823[INFO ] [main] [AutomateIOTest.java:59] - Fetching the login credentials..
2020-07-01 00:41:19,827[INFO ] [main] [AutomateIOTest.java:63] - TestStep 1:Login to application
2020-07-01 00:41:19,833[DEBUG] [main] [WebKeywords.java:378] - Writing in text box:txtEmailID
2020-07-01 00:41:19,964[INFO ] [main] [XMLObjectRepository_Web.java:106] - Locator Value :By.id: email
2020-07-01 00:41:20,049[INFO ] [main] [XMLObjectRepository_Web.java:106] - Locator Value :By.id: email
2020-07-01 00:41:20,212[DEBUG] [main] [WebKeywords.java:378] - Writing in text box:txtPassword
2020-07-01 00:41:20,214[INFO ] [main] [XMLObjectRepository_Web.java:106] - Locator Value :By.id: password
2020-07-01 00:41:20,252[INFO ] [main] [XMLObjectRepository_Web.java:106] - Locator Value :By.id: password
2020-07-01 00:41:20,353[DEBUG] [main] [WebKeywords.java:345] - Clicking on any element
2020-07-01 00:41:20,356[INFO ] [main] [XMLObjectRepository_Web.java:102] - Locator Value :By.xpath: //button[text()='LOGIN']
2020-07-01 00:41:20,409[INFO ] [main] [XMLObjectRepository_Web.java:102] - Locator Value :By.xpath: //button[text()='LOGIN']
2020-07-01 00:41:20,510[DEBUG] [main] [WebKeywords.java:354] - Clicking Action Success.
2020-07-01 00:41:20,515[DEBUG] [main] [WebKeywords.java:1360] - Waiting for an element to be visible for 30Secs..
2020-07-01 00:41:20,517[INFO ] [main] [XMLObjectRepository_Web.java:116] - Locator Value :By.linkText: Create a Bot
2020-07-01 00:41:22,878[INFO ] [main] [WebKeywords.java:1372] - Element is visible..
2020-07-01 00:41:24,298[INFO ] [main] [ServicesKeywords.java:55] - Loading URL :https://api.automate.io/auth/login
2020-07-01 00:41:24,299[INFO ] [main] [ServicesKeywords.java:56] - Request is :Login
2020-07-01 00:41:24,299[INFO ] [main] [ServicesKeywords.java:62] - Successfully loaded Below request:
{
  "email": "${emailID}",
  "password": "${password}"
}
2020-07-01 00:41:24,301[INFO ] [main] [ServicesKeywords.java:66] - ---------------------------------------------------------------------------------------
2020-07-01 00:41:24,301[INFO ] [main] [ServicesKeywords.java:111] - Substituting Key:emailID --> Value:raviauto09@gmail.com
2020-07-01 00:41:24,301[INFO ] [main] [ServicesKeywords.java:113] - Substituted payLoad is:{"email": "raviauto09@gmail.com", "password": "${password}"}
2020-07-01 00:41:24,302[INFO ] [main] [ServicesKeywords.java:114] - ---------------------------------------------------------------------------------------
2020-07-01 00:41:24,302[INFO ] [main] [ServicesKeywords.java:111] - Substituting Key:password --> Value:2589243m
2020-07-01 00:41:24,302[INFO ] [main] [ServicesKeywords.java:113] - Substituted payLoad is:{"email": "raviauto09@gmail.com", "password": "2589243m"}
2020-07-01 00:41:24,302[INFO ] [main] [ServicesKeywords.java:114] - ---------------------------------------------------------------------------------------
2020-07-01 00:41:24,302[INFO ] [main] [ServicesKeywords.java:94] - Substituting header:Content-Type:application/json
2020-07-01 00:41:24,303[INFO ] [main] [ServicesKeywords.java:95] - ---------------------------------------------------------------------------------------
2020-07-01 00:41:24,303[INFO ] [main] [ServicesKeywords.java:94] - Substituting header:Accept:application/json
2020-07-01 00:41:24,303[INFO ] [main] [ServicesKeywords.java:95] - ---------------------------------------------------------------------------------------
2020-07-01 00:41:24,304[INFO ] [main] [ServicesKeywords.java:94] - Substituting header:User-Agent:Mozilla/5.0 (X11; Linux x86_64) AppleWebKit/537.36 (KHTML, like Gecko) Chrome/79.0.3945.130 Safari/537.36
2020-07-01 00:41:24,304[INFO ] [main] [ServicesKeywords.java:95] - ---------------------------------------------------------------------------------------
2020-07-01 00:41:24,304[INFO ] [main] [ServicesKeywords.java:131] - ---------------------------------------------------------------------------------------
2020-07-01 00:41:24,304[INFO ] [main] [ServicesKeywords.java:132] - Posting Request to URL:https://api.automate.io/auth/login
2020-07-01 00:41:26,531[INFO ] [main] [ServicesKeywords.java:138] - Response Code from the Server is:[200]
2020-07-01 00:41:26,532[INFO ] [main] [ServicesKeywords.java:140] - Response from Server is:
{
  "data": {
    "name": "Ravindra Kumar"
  },
  "status": "success"
}
2020-07-01 00:41:26,532[INFO ] [main] [ServicesKeywords.java:142] - ---------------------------------------------------------------------------------------
2020-07-01 00:41:29,540[INFO ] [main] [ServicesKeywords.java:193] - Servercode Matched
2020-07-01 00:41:29,643[INFO ] [main] [ServicesKeywords.java:222] - Response value fetched using Xpath [$.status] is [success]
2020-07-01 00:41:29,644[INFO ] [main] [ServicesKeywords.java:225] - Response Validation: Matched- Actual[success] ---> Expected[success]
2020-07-01 00:41:29,644[INFO ] [main] [ServicesKeywords.java:226] - ---------------------------------------------------------------------------------------
2020-07-01 00:41:29,644[INFO ] [main] [AutomateIOTest.java:123] - {xsrfToken=fx5Z8w2s-iMpGfEG2ciK4okpO34k41IRjsrk}
2020-07-01 00:41:29,644[INFO ] [main] [ServicesKeywords.java:55] - Loading URL :https://api.automate.io/workflows
2020-07-01 00:41:29,645[INFO ] [main] [ServicesKeywords.java:56] - Request is :Login
2020-07-01 00:41:29,645[INFO ] [main] [ServicesKeywords.java:62] - Successfully loaded Below request:
{
  "email": "${emailID}",
  "password": "${password}"
}
2020-07-01 00:41:29,645[INFO ] [main] [ServicesKeywords.java:66] - ---------------------------------------------------------------------------------------
2020-07-01 00:41:29,646[INFO ] [main] [ServicesKeywords.java:94] - Substituting header:Content-Type:application/json
2020-07-01 00:41:29,646[INFO ] [main] [ServicesKeywords.java:95] - ---------------------------------------------------------------------------------------
2020-07-01 00:41:29,646[INFO ] [main] [ServicesKeywords.java:94] - Substituting header:Accept:application/json
2020-07-01 00:41:29,646[INFO ] [main] [ServicesKeywords.java:95] - ---------------------------------------------------------------------------------------
2020-07-01 00:41:29,646[INFO ] [main] [ServicesKeywords.java:94] - Substituting header:User-Agent:Mozilla/5.0 (X11; Linux x86_64) AppleWebKit/537.36 (KHTML, like Gecko) Chrome/79.0.3945.130 Safari/537.36
2020-07-01 00:41:29,646[INFO ] [main] [ServicesKeywords.java:95] - ---------------------------------------------------------------------------------------
2020-07-01 00:41:29,647[INFO ] [main] [ServicesKeywords.java:94] - Substituting header:x-xsrf-token:fx5Z8w2s-iMpGfEG2ciK4okpO34k41IRjsrk
2020-07-01 00:41:29,647[INFO ] [main] [ServicesKeywords.java:95] - ---------------------------------------------------------------------------------------
2020-07-01 00:41:29,647[INFO ] [main] [ServicesKeywords.java:94] - Substituting header:Cookie:;_hjIncludedInSample=1;__stripe_sid=0c67bccb-370d-4260-878c-db9540bc6654;intercom-id-mqa5mwh7=31f0fc2f-86c5-40c8-b663-bbc192bb222f;_hjid=a1ab75b1-2f4b-4b6f-8fa6-b38b676d94fb;_ga=GA1.2.261806378.1593544274;XSRF-TOKEN=fx5Z8w2s-iMpGfEG2ciK4okpO34k41IRjsrk;intercom-session-mqa5mwh7=;_csrf=5ehHXWONIPpcrz7sGinVdYHz;mp_cbd34858df3ce780f2f7ecbd10436dc6_mixpanel=%7B%22distinct_id%22%3A%20%22raviauto09%40gmail.com%22%2C%22%24device_id%22%3A%20%2217306a3ef7958d-0767fa26cbf87e-4353760-100200-17306a3ef7a765%22%2C%22%24initial_referrer%22%3A%20%22%24direct%22%2C%22%24initial_referring_domain%22%3A%20%22%24direct%22%2C%22%24user_id%22%3A%20%22raviauto09%40gmail.com%22%7D;_gat_gtag_UA_63343321_2=1;_gid=GA1.2.1815351172.1593544274;__stripe_mid=65227e55-2d06-4599-a2a8-99575d56a0b4
2020-07-01 00:41:29,647[INFO ] [main] [ServicesKeywords.java:95] - ---------------------------------------------------------------------------------------
2020-07-01 00:41:29,647[INFO ] [main] [ServicesKeywords.java:131] - ---------------------------------------------------------------------------------------
2020-07-01 00:41:29,647[INFO ] [main] [ServicesKeywords.java:132] - Posting Request to URL:https://api.automate.io/workflows
2020-07-01 00:41:31,605[INFO ] [main] [ServicesKeywords.java:138] - Response Code from the Server is:[401]
2020-07-01 00:41:31,606[INFO ] [main] [ServicesKeywords.java:140] - Response from Server is:
{
  "error": {
    "message": "Not a valid User or SessionId!"
  },
  "status": "error"
}
2020-07-01 00:41:31,606[INFO ] [main] [ServicesKeywords.java:142] - ---------------------------------------------------------------------------------------
2020-07-01 00:41:34,607[ERROR] [main] [ServicesKeywords.java:196] - Server code did not matched: Expected[200] ---> Actual[401]
2020-07-01 00:41:34,611[ERROR] [main] [TestListener.java:30] - ***** Error PerformTask2 test has failed *****
2020-07-01 00:41:34,612[ERROR] [main] [TestListener.java:42] - Closing Driver Object:ChromeDriver: chrome on XP (null)
2020-07-01 00:41:34,618[ERROR] [main] [TestListener.java:78] - Closing the driver...ChromeDriver: chrome on XP (null)
2020-07-01 00:41:34,646[INFO ] [main] [TestListener.java:191] - ****************** End of the Suite [AutomateIOTest] ************************
2020-07-01 00:41:34,881[INFO ] [main] [Executor.java:461] - ************ [Total Execution Time-0:0:33] *******************]
