2020-06-29 22:36:22,845[INFO ] [main] [MainDriver.java:75] - Creating object repository object....
2020-06-29 22:36:22,854[INFO ] [main] [Log.java:15] - ****************************************************************************************
2020-06-29 22:36:22,854[INFO ] [main] [Log.java:16] - ****************************************************************************************
2020-06-29 22:36:22,854[INFO ] [main] [Log.java:17] - $$$$$$$$$$$$$$$$$$$$$                -S--T--A--R--T AutomateIOTest       $$$$$$$$$$$$$$$$$$$$$$$$$
2020-06-29 22:36:22,854[INFO ] [main] [Log.java:18] - ****************************************************************************************
2020-06-29 22:36:22,856[INFO ] [main] [Log.java:19] - ****************************************************************************************
2020-06-29 22:36:22,880[INFO ] [main] [Log.java:15] - ****************************************************************************************
2020-06-29 22:36:22,880[INFO ] [main] [Log.java:16] - ****************************************************************************************
2020-06-29 22:36:22,880[INFO ] [main] [Log.java:17] - $$$$$$$$$$$$$$$$$$$$$                -S--T--A--R--T PerformTask1       $$$$$$$$$$$$$$$$$$$$$$$$$
2020-06-29 22:36:22,881[INFO ] [main] [Log.java:18] - ****************************************************************************************
2020-06-29 22:36:22,881[INFO ] [main] [Log.java:19] - ****************************************************************************************
2020-06-29 22:36:23,012[DEBUG] [main] [MainDriver.java:139] - Opening browser
2020-06-29 22:36:38,178[INFO ] [main] [AutomateIOTest.java:30] - Fetching the login credentials..
2020-06-29 22:36:38,186[INFO ] [main] [AutomateIOTest.java:35] - TestStep 1:Login to application
2020-06-29 22:36:38,186[DEBUG] [main] [WebKeywords.java:378] - Writing in text box:txtEmailID
2020-06-29 22:36:38,314[INFO ] [main] [XMLObjectRepository_Web.java:106] - Locator Value :By.id: email
2020-06-29 22:36:38,382[INFO ] [main] [XMLObjectRepository_Web.java:106] - Locator Value :By.id: email
2020-06-29 22:36:38,556[DEBUG] [main] [WebKeywords.java:378] - Writing in text box:txtPassword
2020-06-29 22:36:38,559[INFO ] [main] [XMLObjectRepository_Web.java:106] - Locator Value :By.id: password
2020-06-29 22:36:38,608[INFO ] [main] [XMLObjectRepository_Web.java:106] - Locator Value :By.id: password
2020-06-29 22:36:38,705[DEBUG] [main] [WebKeywords.java:345] - Clicking on any element
2020-06-29 22:36:38,707[INFO ] [main] [XMLObjectRepository_Web.java:102] - Locator Value :By.xpath: //button[text()='LOGIN']
2020-06-29 22:36:38,744[INFO ] [main] [XMLObjectRepository_Web.java:102] - Locator Value :By.xpath: //button[text()='LOGIN']
2020-06-29 22:36:38,834[DEBUG] [main] [WebKeywords.java:354] - Clicking Action Success.
2020-06-29 22:36:38,838[DEBUG] [main] [WebKeywords.java:1360] - Waiting for an element to be visible for 30Secs..
2020-06-29 22:36:38,839[INFO ] [main] [XMLObjectRepository_Web.java:116] - Locator Value :By.linkText: Create a Bot
2020-06-29 22:36:41,137[INFO ] [main] [WebKeywords.java:1372] - Element is visible..
2020-06-29 22:36:41,145[INFO ] [main] [AutomateIOTest.java:37] - TestStep 1: PASSED
2020-06-29 22:36:41,145[INFO ] [main] [AutomateIOTest.java:39] - TestStep 2:Create a bot that sends an email to another Gmail account (input: to-email)
2020-06-29 22:36:41,145[DEBUG] [main] [WebKeywords.java:345] - Clicking on any element
2020-06-29 22:36:41,149[INFO ] [main] [XMLObjectRepository_Web.java:116] - Locator Value :By.linkText: Create a Bot
2020-06-29 22:36:41,214[INFO ] [main] [XMLObjectRepository_Web.java:116] - Locator Value :By.linkText: Create a Bot
2020-06-29 22:36:41,387[DEBUG] [main] [WebKeywords.java:354] - Clicking Action Success.
2020-06-29 22:36:41,387[DEBUG] [main] [WebKeywords.java:1360] - Waiting for an element to be visible for 30Secs..
2020-06-29 22:36:41,390[INFO ] [main] [XMLObjectRepository_Web.java:102] - Locator Value :By.xpath: //h5[text()='Connected Apps']/../following-sibling::div[1]//span[text()='Gmail']
2020-06-29 22:36:42,787[INFO ] [main] [WebKeywords.java:1372] - Element is visible..
2020-06-29 22:36:42,787[DEBUG] [main] [WebKeywords.java:345] - Clicking on any element
2020-06-29 22:36:42,790[INFO ] [main] [XMLObjectRepository_Web.java:102] - Locator Value :By.xpath: //h5[text()='Connected Apps']/../following-sibling::div[1]//span[text()='Gmail']
2020-06-29 22:36:42,885[INFO ] [main] [XMLObjectRepository_Web.java:102] - Locator Value :By.xpath: //h5[text()='Connected Apps']/../following-sibling::div[1]//span[text()='Gmail']
2020-06-29 22:36:43,023[DEBUG] [main] [WebKeywords.java:354] - Clicking Action Success.
2020-06-29 22:36:43,024[DEBUG] [main] [WebKeywords.java:378] - Writing in text box:txtTriggerEvent
2020-06-29 22:36:43,027[INFO ] [main] [XMLObjectRepository_Web.java:102] - Locator Value :By.xpath: //span[text()='Select the trigger event']/../following-sibling::ul//form/input
2020-06-29 22:36:43,675[INFO ] [main] [XMLObjectRepository_Web.java:102] - Locator Value :By.xpath: //span[text()='Select the trigger event']/../following-sibling::ul//form/input
2020-06-29 22:36:43,831[DEBUG] [main] [WebKeywords.java:345] - Clicking on any element
2020-06-29 22:36:43,833[INFO ] [main] [XMLObjectRepository_Web.java:102] - Locator Value :By.xpath: //div[@title='New Email']
2020-06-29 22:36:43,878[INFO ] [main] [XMLObjectRepository_Web.java:102] - Locator Value :By.xpath: //div[@title='New Email']
2020-06-29 22:36:44,045[DEBUG] [main] [WebKeywords.java:354] - Clicking Action Success.
2020-06-29 22:36:44,045[DEBUG] [main] [WebKeywords.java:345] - Clicking on any element
2020-06-29 22:36:44,047[INFO ] [main] [XMLObjectRepository_Web.java:102] - Locator Value :By.xpath: //small[text()='Gmail folder in which to look for New Email.']/preceding-sibling::div[1]
2020-06-29 22:36:44,222[INFO ] [main] [XMLObjectRepository_Web.java:102] - Locator Value :By.xpath: //small[text()='Gmail folder in which to look for New Email.']/preceding-sibling::div[1]
2020-06-29 22:36:44,358[DEBUG] [main] [WebKeywords.java:354] - Clicking Action Success.
2020-06-29 22:36:44,358[DEBUG] [main] [WebKeywords.java:378] - Writing in text box:txtFolderSearch
2020-06-29 22:36:44,360[INFO ] [main] [XMLObjectRepository_Web.java:102] - Locator Value :By.xpath: //small[text()='Gmail folder in which to look for New Email.']/preceding-sibling::div[1]//input
2020-06-29 22:36:45,468[INFO ] [main] [XMLObjectRepository_Web.java:102] - Locator Value :By.xpath: //small[text()='Gmail folder in which to look for New Email.']/preceding-sibling::div[1]//input
2020-06-29 22:36:45,580[DEBUG] [main] [WebKeywords.java:1360] - Waiting for an element to be visible for 30Secs..
2020-06-29 22:36:45,583[INFO ] [main] [XMLObjectRepository_Web.java:102] - Locator Value :By.xpath: //div[@title='INBOX']
2020-06-29 22:36:45,669[INFO ] [main] [WebKeywords.java:1372] - Element is visible..
2020-06-29 22:36:45,669[DEBUG] [main] [WebKeywords.java:345] - Clicking on any element
2020-06-29 22:36:45,672[INFO ] [main] [XMLObjectRepository_Web.java:102] - Locator Value :By.xpath: //div[@title='INBOX']
2020-06-29 22:36:45,732[INFO ] [main] [XMLObjectRepository_Web.java:102] - Locator Value :By.xpath: //div[@title='INBOX']
2020-06-29 22:36:45,851[DEBUG] [main] [WebKeywords.java:354] - Clicking Action Success.
2020-06-29 22:36:45,851[DEBUG] [main] [WebKeywords.java:1360] - Waiting for an element to be visible for 30Secs..
2020-06-29 22:36:45,853[INFO ] [main] [XMLObjectRepository_Web.java:102] - Locator Value :By.xpath: //span[contains(text(),'Select')]
2020-06-29 22:36:45,914[INFO ] [main] [WebKeywords.java:1372] - Element is visible..
2020-06-29 22:36:45,914[DEBUG] [main] [WebKeywords.java:345] - Clicking on any element
2020-06-29 22:36:45,916[INFO ] [main] [XMLObjectRepository_Web.java:102] - Locator Value :By.xpath: //span[contains(text(),'Select')]
2020-06-29 22:36:45,947[INFO ] [main] [XMLObjectRepository_Web.java:102] - Locator Value :By.xpath: //span[contains(text(),'Select')]
2020-06-29 22:36:46,111[DEBUG] [main] [WebKeywords.java:354] - Clicking Action Success.
2020-06-29 22:36:46,112[DEBUG] [main] [WebKeywords.java:345] - Clicking on any element
2020-06-29 22:36:46,115[INFO ] [main] [XMLObjectRepository_Web.java:102] - Locator Value :By.xpath: (//aio-user-app-select-figure[@title='Gmail']//img[1])[2]
2020-06-29 22:36:46,221[INFO ] [main] [XMLObjectRepository_Web.java:102] - Locator Value :By.xpath: (//aio-user-app-select-figure[@title='Gmail']//img[1])[2]
2020-06-29 22:36:46,447[DEBUG] [main] [WebKeywords.java:354] - Clicking Action Success.
2020-06-29 22:36:46,448[DEBUG] [main] [WebKeywords.java:345] - Clicking on any element
2020-06-29 22:36:46,451[INFO ] [main] [XMLObjectRepository_Web.java:102] - Locator Value :By.xpath: //div[contains(text(),'Send an Email from your account')]
2020-06-29 22:36:46,502[INFO ] [main] [XMLObjectRepository_Web.java:102] - Locator Value :By.xpath: //div[contains(text(),'Send an Email from your account')]
2020-06-29 22:36:46,850[DEBUG] [main] [WebKeywords.java:354] - Clicking Action Success.
2020-06-29 22:36:46,851[DEBUG] [main] [WebKeywords.java:345] - Clicking on any element
2020-06-29 22:36:46,853[INFO ] [main] [XMLObjectRepository_Web.java:102] - Locator Value :By.xpath: //label[contains(text(),'From Name')]/../following-sibling::div[1]//button
2020-06-29 22:36:46,916[INFO ] [main] [XMLObjectRepository_Web.java:102] - Locator Value :By.xpath: //label[contains(text(),'From Name')]/../following-sibling::div[1]//button
2020-06-29 22:36:47,035[DEBUG] [main] [WebKeywords.java:354] - Clicking Action Success.
2020-06-29 22:36:47,035[DEBUG] [main] [WebKeywords.java:345] - Clicking on any element
2020-06-29 22:36:47,037[INFO ] [main] [XMLObjectRepository_Web.java:102] - Locator Value :By.xpath: (//div[text()='Input Fields']/following-sibling::div//span[text()='From Name'])[2]
2020-06-29 22:36:47,087[INFO ] [main] [XMLObjectRepository_Web.java:102] - Locator Value :By.xpath: (//div[text()='Input Fields']/following-sibling::div//span[text()='From Name'])[2]
2020-06-29 22:36:47,232[DEBUG] [main] [WebKeywords.java:354] - Clicking Action Success.
2020-06-29 22:36:47,232[DEBUG] [main] [WebKeywords.java:345] - Clicking on any element
2020-06-29 22:36:47,235[INFO ] [main] [XMLObjectRepository_Web.java:102] - Locator Value :By.xpath: //label[contains(text(),'From Address')]/../following-sibling::div[1]//button
2020-06-29 22:36:47,290[INFO ] [main] [XMLObjectRepository_Web.java:102] - Locator Value :By.xpath: //label[contains(text(),'From Address')]/../following-sibling::div[1]//button
2020-06-29 22:36:47,423[DEBUG] [main] [WebKeywords.java:354] - Clicking Action Success.
2020-06-29 22:36:47,423[DEBUG] [main] [WebKeywords.java:345] - Clicking on any element
2020-06-29 22:36:47,425[INFO ] [main] [XMLObjectRepository_Web.java:102] - Locator Value :By.xpath: (//div[text()='Input Fields']/following-sibling::div//span[text()='From Email'])[3]
2020-06-29 22:36:47,478[INFO ] [main] [XMLObjectRepository_Web.java:102] - Locator Value :By.xpath: (//div[text()='Input Fields']/following-sibling::div//span[text()='From Email'])[3]
2020-06-29 22:36:47,609[DEBUG] [main] [WebKeywords.java:354] - Clicking Action Success.
2020-06-29 22:36:47,609[DEBUG] [main] [WebKeywords.java:378] - Writing in text box:spnToNameTrigger
2020-06-29 22:36:47,612[INFO ] [main] [XMLObjectRepository_Web.java:102] - Locator Value :By.xpath: //label[contains(text(),'To Name')]/../following-sibling::div/div/div
2020-06-29 22:36:47,664[INFO ] [main] [XMLObjectRepository_Web.java:102] - Locator Value :By.xpath: //label[contains(text(),'To Name')]/../following-sibling::div/div/div
2020-06-29 22:36:47,839[DEBUG] [main] [WebKeywords.java:378] - Writing in text box:spnToAddressTrigger
2020-06-29 22:36:47,842[INFO ] [main] [XMLObjectRepository_Web.java:102] - Locator Value :By.xpath: //label[contains(text(),'To Addresses')]/../following-sibling::div/aio-content-editable/div/div/div
2020-06-29 22:36:47,909[INFO ] [main] [XMLObjectRepository_Web.java:102] - Locator Value :By.xpath: //label[contains(text(),'To Addresses')]/../following-sibling::div/aio-content-editable/div/div/div
2020-06-29 22:36:47,987[DEBUG] [main] [WebKeywords.java:345] - Clicking on any element
2020-06-29 22:36:47,989[INFO ] [main] [XMLObjectRepository_Web.java:102] - Locator Value :By.xpath: //label[contains(text(),'Subject')]/../following-sibling::div[1]//button
2020-06-29 22:36:48,046[INFO ] [main] [XMLObjectRepository_Web.java:102] - Locator Value :By.xpath: //label[contains(text(),'Subject')]/../following-sibling::div[1]//button
2020-06-29 22:36:48,178[DEBUG] [main] [WebKeywords.java:354] - Clicking Action Success.
2020-06-29 22:36:48,178[DEBUG] [main] [WebKeywords.java:1360] - Waiting for an element to be visible for 15Secs..
2020-06-29 22:36:48,181[INFO ] [main] [XMLObjectRepository_Web.java:102] - Locator Value :By.xpath: //div[@class='input-group-btn open']//li[6]//div[1]//i[1]
2020-06-29 22:36:48,257[INFO ] [main] [WebKeywords.java:1372] - Element is visible..
2020-06-29 22:36:48,258[DEBUG] [main] [WebKeywords.java:345] - Clicking on any element
2020-06-29 22:36:48,259[INFO ] [main] [XMLObjectRepository_Web.java:102] - Locator Value :By.xpath: //div[@class='input-group-btn open']//li[6]//div[1]//i[1]
2020-06-29 22:36:48,290[INFO ] [main] [XMLObjectRepository_Web.java:102] - Locator Value :By.xpath: //div[@class='input-group-btn open']//li[6]//div[1]//i[1]
2020-06-29 22:36:48,430[DEBUG] [main] [WebKeywords.java:354] - Clicking Action Success.
2020-06-29 22:36:50,445[DEBUG] [main] [WebKeywords.java:345] - Clicking on any element
2020-06-29 22:36:50,453[INFO ] [main] [XMLObjectRepository_Web.java:102] - Locator Value :By.xpath: //label[contains(text(),'Body')]/../following-sibling::div[1]//button
2020-06-29 22:36:50,552[INFO ] [main] [XMLObjectRepository_Web.java:102] - Locator Value :By.xpath: //label[contains(text(),'Body')]/../following-sibling::div[1]//button
2020-06-29 22:36:50,688[DEBUG] [main] [WebKeywords.java:354] - Clicking Action Success.
2020-06-29 22:36:50,688[DEBUG] [main] [WebKeywords.java:345] - Clicking on any element
2020-06-29 22:36:50,691[INFO ] [main] [XMLObjectRepository_Web.java:102] - Locator Value :By.xpath: //label[contains(text(),'Body')]/../following-sibling::div[1]//button
2020-06-29 22:36:50,757[INFO ] [main] [XMLObjectRepository_Web.java:102] - Locator Value :By.xpath: //label[contains(text(),'Body')]/../following-sibling::div[1]//button
2020-06-29 22:36:50,844[DEBUG] [main] [WebKeywords.java:354] - Clicking Action Success.
2020-06-29 22:36:54,931[INFO ] [main] [WebKeywords.java:1880] - Performing KeyPress:Body
2020-06-29 22:36:56,978[DEBUG] [main] [WebKeywords.java:1360] - Waiting for an element to be visible for 15Secs..
2020-06-29 22:36:56,983[INFO ] [main] [XMLObjectRepository_Web.java:102] - Locator Value :By.xpath: (//div[@title='Body']//i[contains(text(),'trigger')])[8]
2020-06-29 22:37:07,306[INFO ] [main] [WebKeywords.java:1377] - Element is not visible..
2020-06-29 22:37:07,312[INFO ] [main] [XMLObjectRepository_Web.java:102] - Locator Value :By.xpath: (//div[@title='Body']//i[contains(text(),'trigger')])[8]
2020-06-29 22:37:17,570[INFO ] [main] [WebKeywords.java:1377] - Element is not visible..
2020-06-29 22:37:17,571[ERROR] [main] [WebKeywords.java:1388] - java.lang.Exception: Element wait failed.
2020-06-29 22:37:17,572[DEBUG] [main] [WebKeywords.java:345] - Clicking on any element
2020-06-29 22:37:17,576[INFO ] [main] [XMLObjectRepository_Web.java:102] - Locator Value :By.xpath: (//div[@title='Body']//i[contains(text(),'trigger')])[8]
2020-06-29 22:38:18,132[ERROR] [main] [WebKeywords.java:356] - org.openqa.selenium.TimeoutException: Expected condition failed: waiting for visibility of element located by By.xpath: (//div[@title='Body']//i[contains(text(),'trigger')])[8] (tried for 60 second(s) with 500 MILLISECONDS interval)
Build info: version: 'unknown', revision: 'unknown', time: 'unknown'
System info: host: 'DESKTOP-AT125D0', ip: '192.168.43.80', os.name: 'Windows 10', os.arch: 'amd64', os.version: '10.0', java.version: '1.8.0_241'
Driver info: org.openqa.selenium.chrome.ChromeDriver
Capabilities [{applicationCacheEnabled=false, rotatable=false, mobileEmulationEnabled=false, networkConnectionEnabled=false, chrome={chromedriverVersion=2.35.528161 (5b82f2d2aae0ca24b877009200ced9065a772e73), userDataDir=C:\Users\rkuma\AppData\Local\Temp\scoped_dir3344_10958}, takesHeapSnapshot=true, pageLoadStrategy=normal, databaseEnabled=false, handlesAlerts=true, hasTouchScreen=false, version=83.0.4103.116, platform=XP, browserConnectionEnabled=false, nativeEvents=true, acceptSslCerts=false, acceptInsecureCerts=false, locationContextEnabled=true, webStorageEnabled=true, browserName=chrome, takesScreenshot=true, javascriptEnabled=true, cssSelectorsEnabled=true, setWindowRect=true, unexpectedAlertBehaviour=}]
Session ID: 7c6896b6956f9b9ea2f1a3c417dfba17
2020-06-29 22:38:28,146[DEBUG] [main] [WebKeywords.java:273] - Closing the browser
2020-06-29 22:38:32,354[DEBUG] [main] [WebKeywords.java:311] - quiting the driver instance
2020-06-29 22:38:32,355[INFO ] [main] [WebKeywords.java:312] - 7c6896b6956f9b9ea2f1a3c417dfba17
2020-06-29 22:38:33,264[INFO ] [main] [TestListener.java:191] - ****************** End of the Suite [AutomateIOTest] ************************
2020-06-29 22:38:33,543[INFO ] [main] [Executor.java:461] - ************ [Total Execution Time-0:2:13] *******************]
