2020-06-30 21:26:11,834[INFO ] [main] [MainDriver.java:75] - Creating object repository object....
2020-06-30 21:26:11,843[INFO ] [main] [Log.java:15] - ****************************************************************************************
2020-06-30 21:26:11,843[INFO ] [main] [Log.java:16] - ****************************************************************************************
2020-06-30 21:26:11,843[INFO ] [main] [Log.java:17] - $$$$$$$$$$$$$$$$$$$$$                -S--T--A--R--T AutomateIOTest       $$$$$$$$$$$$$$$$$$$$$$$$$
2020-06-30 21:26:11,843[INFO ] [main] [Log.java:18] - ****************************************************************************************
2020-06-30 21:26:11,845[INFO ] [main] [Log.java:19] - ****************************************************************************************
2020-06-30 21:26:11,872[INFO ] [main] [Log.java:15] - ****************************************************************************************
2020-06-30 21:26:11,872[INFO ] [main] [Log.java:16] - ****************************************************************************************
2020-06-30 21:26:11,872[INFO ] [main] [Log.java:17] - $$$$$$$$$$$$$$$$$$$$$                -S--T--A--R--T PerformTask2       $$$$$$$$$$$$$$$$$$$$$$$$$
2020-06-30 21:26:11,873[INFO ] [main] [Log.java:18] - ****************************************************************************************
2020-06-30 21:26:11,873[INFO ] [main] [Log.java:19] - ****************************************************************************************
2020-06-30 21:26:11,874[INFO ] [main] [AutomateIOTest.java:52] - Fetching the login credentials..
2020-06-30 21:26:11,985[INFO ] [main] [ServicesKeywords.java:55] - Loading URL :https://api.automate.io/auth/login
2020-06-30 21:26:11,985[INFO ] [main] [ServicesKeywords.java:56] - Request is :Login
2020-06-30 21:26:11,994[INFO ] [main] [ServicesKeywords.java:62] - Successfully loaded Below request:
{
  "email": "${emailID}",
  "password": "${password}"
}
2020-06-30 21:26:11,997[INFO ] [main] [ServicesKeywords.java:66] - ---------------------------------------------------------------------------------------
2020-06-30 21:26:11,998[INFO ] [main] [ServicesKeywords.java:111] - Substituting Key:emailID --> Value:raviauto09@gmail.com
2020-06-30 21:26:11,998[INFO ] [main] [ServicesKeywords.java:113] - Substituted payLoad is:{"email": "raviauto09@gmail.com", "password": "${password}"}
2020-06-30 21:26:11,998[INFO ] [main] [ServicesKeywords.java:114] - ---------------------------------------------------------------------------------------
2020-06-30 21:26:11,998[INFO ] [main] [ServicesKeywords.java:111] - Substituting Key:password --> Value:2589243m
2020-06-30 21:26:11,999[INFO ] [main] [ServicesKeywords.java:113] - Substituted payLoad is:{"email": "raviauto09@gmail.com", "password": "2589243m"}
2020-06-30 21:26:11,999[INFO ] [main] [ServicesKeywords.java:114] - ---------------------------------------------------------------------------------------
2020-06-30 21:26:11,999[INFO ] [main] [ServicesKeywords.java:94] - Substituting header:Content-Type:application/json
2020-06-30 21:26:11,999[INFO ] [main] [ServicesKeywords.java:95] - ---------------------------------------------------------------------------------------
2020-06-30 21:26:12,001[INFO ] [main] [ServicesKeywords.java:131] - ---------------------------------------------------------------------------------------
2020-06-30 21:26:12,001[INFO ] [main] [ServicesKeywords.java:132] - Posting Request to URL:https://api.automate.io/auth/login
2020-06-30 21:26:15,354[INFO ] [main] [ServicesKeywords.java:138] - Response Code from the Server is:[200]
2020-06-30 21:26:15,355[INFO ] [main] [ServicesKeywords.java:140] - Response from Server is:
{
  "data": {
    "name": "Ravindra Kumar"
  },
  "status": "success"
}
2020-06-30 21:26:15,356[INFO ] [main] [ServicesKeywords.java:142] - ---------------------------------------------------------------------------------------
2020-06-30 21:26:18,369[INFO ] [main] [ServicesKeywords.java:193] - Servercode Matched
2020-06-30 21:26:18,570[ERROR] [main] [ServicesKeywords.java:234] - user_verifies_response_value Keyword FAILED to fetch xpath[$.statusCode] data from response:{"data":{"name":"Ravindra Kumar"},"status":"success"}

2020-06-30 21:26:18,570[ERROR] [main] [ServicesKeywords.java:235] - FAILED:com.jayway.jsonpath.PathNotFoundException: No results for path: $['statusCode']
2020-06-30 21:26:18,571[INFO ] [main] [ServicesKeywords.java:236] - ---------------------------------------------------------------------------------------
2020-06-30 21:26:18,584[ERROR] [main] [TestListener.java:30] - ***** Error PerformTask2 test has failed *****
2020-06-30 21:26:18,588[ERROR] [main] [TestListener.java:42] - Closing Driver Object:null
2020-06-30 21:26:18,661[INFO ] [main] [TestListener.java:191] - ****************** End of the Suite [AutomateIOTest] ************************
2020-06-30 21:26:18,875[INFO ] [main] [Executor.java:461] - ************ [Total Execution Time-0:0:10] *******************]
