2020-07-02 13:27:32,725[INFO ] [main] [MainDriver.java:75] - Creating object repository object....
2020-07-02 13:27:32,734[INFO ] [main] [Log.java:15] - ****************************************************************************************
2020-07-02 13:27:32,735[INFO ] [main] [Log.java:16] - ****************************************************************************************
2020-07-02 13:27:32,735[INFO ] [main] [Log.java:17] - $$$$$$$$$$$$$$$$$$$$$                -S--T--A--R--T AutomateIOTest       $$$$$$$$$$$$$$$$$$$$$$$$$
2020-07-02 13:27:32,736[INFO ] [main] [Log.java:18] - ****************************************************************************************
2020-07-02 13:27:32,736[INFO ] [main] [Log.java:19] - ****************************************************************************************
2020-07-02 13:27:32,747[INFO ] [main] [Log.java:15] - ****************************************************************************************
2020-07-02 13:27:32,747[INFO ] [main] [Log.java:16] - ****************************************************************************************
2020-07-02 13:27:32,748[INFO ] [main] [Log.java:17] - $$$$$$$$$$$$$$$$$$$$$                -S--T--A--R--T PerformTask1       $$$$$$$$$$$$$$$$$$$$$$$$$
2020-07-02 13:27:32,750[INFO ] [main] [Log.java:18] - ****************************************************************************************
2020-07-02 13:27:32,750[INFO ] [main] [Log.java:19] - ****************************************************************************************
2020-07-02 13:27:32,755[DEBUG] [main] [MainDriver.java:139] - Opening browser
2020-07-02 13:27:49,089[INFO ] [main] [AutomateIOTest.java:34] - Fetching the login credentials..
2020-07-02 13:27:49,091[INFO ] [main] [AutomateIOTest.java:39] - TestStep 1:Login to application
2020-07-02 13:27:49,092[DEBUG] [main] [WebKeywords.java:326] - Writing in text box:txtEmailID
2020-07-02 13:27:49,235[INFO ] [main] [XMLObjectRepository_Web.java:106] - Locator Value :By.id: email
2020-07-02 13:27:49,335[INFO ] [main] [XMLObjectRepository_Web.java:106] - Locator Value :By.id: email
2020-07-02 13:27:49,517[DEBUG] [main] [WebKeywords.java:326] - Writing in text box:txtPassword
2020-07-02 13:27:49,520[INFO ] [main] [XMLObjectRepository_Web.java:106] - Locator Value :By.id: password
2020-07-02 13:27:49,556[INFO ] [main] [XMLObjectRepository_Web.java:106] - Locator Value :By.id: password
2020-07-02 13:27:49,679[DEBUG] [main] [WebKeywords.java:293] - Clicking on any element
2020-07-02 13:27:49,682[INFO ] [main] [XMLObjectRepository_Web.java:102] - Locator Value :By.xpath: //button[text()='LOGIN']
2020-07-02 13:27:49,742[INFO ] [main] [XMLObjectRepository_Web.java:102] - Locator Value :By.xpath: //button[text()='LOGIN']
2020-07-02 13:27:49,852[DEBUG] [main] [WebKeywords.java:302] - Clicking Action Success.
2020-07-02 13:27:49,858[DEBUG] [main] [WebKeywords.java:710] - Waiting for an element to be visible for 30Secs..
2020-07-02 13:27:49,860[INFO ] [main] [XMLObjectRepository_Web.java:116] - Locator Value :By.linkText: Create a Bot
2020-07-02 13:27:51,793[INFO ] [main] [WebKeywords.java:722] - Element is visible..
2020-07-02 13:27:51,795[INFO ] [main] [AutomateIOTest.java:41] - TestStep 1: PASSED
2020-07-02 13:27:51,796[INFO ] [main] [AutomateIOTest.java:43] - TestStep 2:Create a bot that sends an email to another Gmail account (input: to-email)
2020-07-02 13:27:51,796[DEBUG] [main] [WebKeywords.java:293] - Clicking on any element
2020-07-02 13:27:51,798[INFO ] [main] [XMLObjectRepository_Web.java:116] - Locator Value :By.linkText: Create a Bot
2020-07-02 13:27:51,856[INFO ] [main] [XMLObjectRepository_Web.java:116] - Locator Value :By.linkText: Create a Bot
2020-07-02 13:27:52,035[DEBUG] [main] [WebKeywords.java:302] - Clicking Action Success.
2020-07-02 13:27:52,037[DEBUG] [main] [WebKeywords.java:710] - Waiting for an element to be visible for 30Secs..
2020-07-02 13:27:52,041[INFO ] [main] [XMLObjectRepository_Web.java:102] - Locator Value :By.xpath: //h5[text()='Connected Apps']/../following-sibling::div[1]//span[text()='Gmail']
2020-07-02 13:27:54,186[INFO ] [main] [WebKeywords.java:722] - Element is visible..
2020-07-02 13:27:54,186[DEBUG] [main] [WebKeywords.java:293] - Clicking on any element
2020-07-02 13:27:54,189[INFO ] [main] [XMLObjectRepository_Web.java:102] - Locator Value :By.xpath: //h5[text()='Connected Apps']/../following-sibling::div[1]//span[text()='Gmail']
2020-07-02 13:27:54,233[INFO ] [main] [XMLObjectRepository_Web.java:102] - Locator Value :By.xpath: //h5[text()='Connected Apps']/../following-sibling::div[1]//span[text()='Gmail']
2020-07-02 13:27:54,435[DEBUG] [main] [WebKeywords.java:302] - Clicking Action Success.
2020-07-02 13:27:54,445[DEBUG] [main] [WebKeywords.java:326] - Writing in text box:txtTriggerEvent
2020-07-02 13:27:54,450[INFO ] [main] [XMLObjectRepository_Web.java:102] - Locator Value :By.xpath: //span[text()='Select the trigger event']/../following-sibling::ul//form/input
2020-07-02 13:27:55,670[INFO ] [main] [XMLObjectRepository_Web.java:102] - Locator Value :By.xpath: //span[text()='Select the trigger event']/../following-sibling::ul//form/input
2020-07-02 13:27:55,813[DEBUG] [main] [WebKeywords.java:293] - Clicking on any element
2020-07-02 13:27:55,815[INFO ] [main] [XMLObjectRepository_Web.java:102] - Locator Value :By.xpath: //div[@title='New Email']
2020-07-02 13:27:55,850[INFO ] [main] [XMLObjectRepository_Web.java:102] - Locator Value :By.xpath: //div[@title='New Email']
2020-07-02 13:27:56,018[DEBUG] [main] [WebKeywords.java:302] - Clicking Action Success.
2020-07-02 13:27:56,019[DEBUG] [main] [WebKeywords.java:293] - Clicking on any element
2020-07-02 13:27:56,023[INFO ] [main] [XMLObjectRepository_Web.java:102] - Locator Value :By.xpath: //small[text()='Gmail folder in which to look for New Email.']/preceding-sibling::div[1]
2020-07-02 13:27:56,218[INFO ] [main] [XMLObjectRepository_Web.java:102] - Locator Value :By.xpath: //small[text()='Gmail folder in which to look for New Email.']/preceding-sibling::div[1]
2020-07-02 13:27:56,348[DEBUG] [main] [WebKeywords.java:302] - Clicking Action Success.
2020-07-02 13:27:56,348[DEBUG] [main] [WebKeywords.java:326] - Writing in text box:txtFolderSearch
2020-07-02 13:27:56,352[INFO ] [main] [XMLObjectRepository_Web.java:102] - Locator Value :By.xpath: //small[text()='Gmail folder in which to look for New Email.']/preceding-sibling::div[1]//input
2020-07-02 13:27:56,956[INFO ] [main] [XMLObjectRepository_Web.java:102] - Locator Value :By.xpath: //small[text()='Gmail folder in which to look for New Email.']/preceding-sibling::div[1]//input
2020-07-02 13:27:57,080[DEBUG] [main] [WebKeywords.java:710] - Waiting for an element to be visible for 30Secs..
2020-07-02 13:27:57,084[INFO ] [main] [XMLObjectRepository_Web.java:102] - Locator Value :By.xpath: //div[@title='INBOX']
2020-07-02 13:27:57,153[INFO ] [main] [WebKeywords.java:722] - Element is visible..
2020-07-02 13:27:57,153[DEBUG] [main] [WebKeywords.java:293] - Clicking on any element
2020-07-02 13:27:57,157[INFO ] [main] [XMLObjectRepository_Web.java:102] - Locator Value :By.xpath: //div[@title='INBOX']
2020-07-02 13:27:57,202[INFO ] [main] [XMLObjectRepository_Web.java:102] - Locator Value :By.xpath: //div[@title='INBOX']
2020-07-02 13:27:57,302[DEBUG] [main] [WebKeywords.java:302] - Clicking Action Success.
2020-07-02 13:27:57,303[DEBUG] [main] [WebKeywords.java:710] - Waiting for an element to be visible for 30Secs..
2020-07-02 13:27:57,305[INFO ] [main] [XMLObjectRepository_Web.java:102] - Locator Value :By.xpath: //span[contains(text(),'Select')]
2020-07-02 13:27:57,389[INFO ] [main] [WebKeywords.java:722] - Element is visible..
2020-07-02 13:27:57,389[DEBUG] [main] [WebKeywords.java:293] - Clicking on any element
2020-07-02 13:27:57,392[INFO ] [main] [XMLObjectRepository_Web.java:102] - Locator Value :By.xpath: //span[contains(text(),'Select')]
2020-07-02 13:27:57,422[INFO ] [main] [XMLObjectRepository_Web.java:102] - Locator Value :By.xpath: //span[contains(text(),'Select')]
2020-07-02 13:27:57,605[DEBUG] [main] [WebKeywords.java:302] - Clicking Action Success.
2020-07-02 13:27:57,606[DEBUG] [main] [WebKeywords.java:293] - Clicking on any element
2020-07-02 13:27:57,609[INFO ] [main] [XMLObjectRepository_Web.java:102] - Locator Value :By.xpath: (//aio-user-app-select-figure[@title='Gmail']//img[1])[2]
2020-07-02 13:27:57,712[INFO ] [main] [XMLObjectRepository_Web.java:102] - Locator Value :By.xpath: (//aio-user-app-select-figure[@title='Gmail']//img[1])[2]
2020-07-02 13:27:57,960[DEBUG] [main] [WebKeywords.java:302] - Clicking Action Success.
2020-07-02 13:27:57,960[DEBUG] [main] [WebKeywords.java:293] - Clicking on any element
2020-07-02 13:27:57,964[INFO ] [main] [XMLObjectRepository_Web.java:102] - Locator Value :By.xpath: //div[contains(text(),'Send an Email from your account')]
2020-07-02 13:27:58,076[INFO ] [main] [XMLObjectRepository_Web.java:102] - Locator Value :By.xpath: //div[contains(text(),'Send an Email from your account')]
2020-07-02 13:27:58,444[DEBUG] [main] [WebKeywords.java:302] - Clicking Action Success.
2020-07-02 13:27:58,445[DEBUG] [main] [WebKeywords.java:293] - Clicking on any element
2020-07-02 13:27:58,448[INFO ] [main] [XMLObjectRepository_Web.java:102] - Locator Value :By.xpath: //label[contains(text(),'From Name')]/../following-sibling::div[1]//button
2020-07-02 13:27:58,491[INFO ] [main] [XMLObjectRepository_Web.java:102] - Locator Value :By.xpath: //label[contains(text(),'From Name')]/../following-sibling::div[1]//button
2020-07-02 13:27:58,600[DEBUG] [main] [WebKeywords.java:302] - Clicking Action Success.
2020-07-02 13:27:58,601[DEBUG] [main] [WebKeywords.java:293] - Clicking on any element
2020-07-02 13:27:58,604[INFO ] [main] [XMLObjectRepository_Web.java:102] - Locator Value :By.xpath: (//div[text()='Input Fields']/following-sibling::div//span[text()='From Name'])[2]
2020-07-02 13:27:58,662[INFO ] [main] [XMLObjectRepository_Web.java:102] - Locator Value :By.xpath: (//div[text()='Input Fields']/following-sibling::div//span[text()='From Name'])[2]
2020-07-02 13:27:58,794[DEBUG] [main] [WebKeywords.java:302] - Clicking Action Success.
2020-07-02 13:27:58,794[DEBUG] [main] [WebKeywords.java:293] - Clicking on any element
2020-07-02 13:27:58,798[INFO ] [main] [XMLObjectRepository_Web.java:102] - Locator Value :By.xpath: //label[contains(text(),'From Address')]/../following-sibling::div[1]//button
2020-07-02 13:27:58,858[INFO ] [main] [XMLObjectRepository_Web.java:102] - Locator Value :By.xpath: //label[contains(text(),'From Address')]/../following-sibling::div[1]//button
2020-07-02 13:27:59,012[DEBUG] [main] [WebKeywords.java:302] - Clicking Action Success.
2020-07-02 13:27:59,012[DEBUG] [main] [WebKeywords.java:293] - Clicking on any element
2020-07-02 13:27:59,015[INFO ] [main] [XMLObjectRepository_Web.java:102] - Locator Value :By.xpath: (//div[text()='Input Fields']/following-sibling::div//span[text()='From Email'])[3]
2020-07-02 13:27:59,085[INFO ] [main] [XMLObjectRepository_Web.java:102] - Locator Value :By.xpath: (//div[text()='Input Fields']/following-sibling::div//span[text()='From Email'])[3]
2020-07-02 13:27:59,239[DEBUG] [main] [WebKeywords.java:302] - Clicking Action Success.
2020-07-02 13:27:59,239[DEBUG] [main] [WebKeywords.java:326] - Writing in text box:spnToNameTrigger
2020-07-02 13:27:59,242[INFO ] [main] [XMLObjectRepository_Web.java:102] - Locator Value :By.xpath: //label[contains(text(),'To Name')]/../following-sibling::div/div/div
2020-07-02 13:27:59,300[INFO ] [main] [XMLObjectRepository_Web.java:102] - Locator Value :By.xpath: //label[contains(text(),'To Name')]/../following-sibling::div/div/div
2020-07-02 13:27:59,457[DEBUG] [main] [WebKeywords.java:326] - Writing in text box:spnToAddressTrigger
2020-07-02 13:27:59,459[INFO ] [main] [XMLObjectRepository_Web.java:102] - Locator Value :By.xpath: //label[contains(text(),'To Addresses')]/../following-sibling::div/aio-content-editable/div/div/div
2020-07-02 13:27:59,521[INFO ] [main] [XMLObjectRepository_Web.java:102] - Locator Value :By.xpath: //label[contains(text(),'To Addresses')]/../following-sibling::div/aio-content-editable/div/div/div
2020-07-02 13:27:59,745[DEBUG] [main] [WebKeywords.java:293] - Clicking on any element
2020-07-02 13:27:59,748[INFO ] [main] [XMLObjectRepository_Web.java:102] - Locator Value :By.xpath: //label[contains(text(),'Subject')]/../following-sibling::div[1]//button
2020-07-02 13:27:59,807[INFO ] [main] [XMLObjectRepository_Web.java:102] - Locator Value :By.xpath: //label[contains(text(),'Subject')]/../following-sibling::div[1]//button
2020-07-02 13:27:59,970[DEBUG] [main] [WebKeywords.java:302] - Clicking Action Success.
2020-07-02 13:27:59,972[DEBUG] [main] [WebKeywords.java:710] - Waiting for an element to be visible for 15Secs..
2020-07-02 13:27:59,975[INFO ] [main] [XMLObjectRepository_Web.java:102] - Locator Value :By.xpath: //div[@class='input-group-btn open']//li[6]//div[1]//i[1]
2020-07-02 13:28:00,051[INFO ] [main] [WebKeywords.java:722] - Element is visible..
2020-07-02 13:28:00,051[DEBUG] [main] [WebKeywords.java:293] - Clicking on any element
2020-07-02 13:28:00,054[INFO ] [main] [XMLObjectRepository_Web.java:102] - Locator Value :By.xpath: //div[@class='input-group-btn open']//li[6]//div[1]//i[1]
2020-07-02 13:28:00,099[INFO ] [main] [XMLObjectRepository_Web.java:102] - Locator Value :By.xpath: //div[@class='input-group-btn open']//li[6]//div[1]//i[1]
2020-07-02 13:28:00,218[DEBUG] [main] [WebKeywords.java:302] - Clicking Action Success.
2020-07-02 13:28:02,233[DEBUG] [main] [WebKeywords.java:293] - Clicking on any element
2020-07-02 13:28:02,238[INFO ] [main] [XMLObjectRepository_Web.java:102] - Locator Value :By.xpath: //label[contains(text(),'Body')]/../following-sibling::div[1]//button
2020-07-02 13:28:02,316[INFO ] [main] [XMLObjectRepository_Web.java:102] - Locator Value :By.xpath: //label[contains(text(),'Body')]/../following-sibling::div[1]//button
2020-07-02 13:28:02,446[DEBUG] [main] [WebKeywords.java:302] - Clicking Action Success.
2020-07-02 13:28:02,447[DEBUG] [main] [WebKeywords.java:293] - Clicking on any element
2020-07-02 13:28:02,450[INFO ] [main] [XMLObjectRepository_Web.java:102] - Locator Value :By.xpath: //label[contains(text(),'Body')]/../following-sibling::div[1]//button
2020-07-02 13:28:02,515[INFO ] [main] [XMLObjectRepository_Web.java:102] - Locator Value :By.xpath: //label[contains(text(),'Body')]/../following-sibling::div[1]//button
2020-07-02 13:28:02,615[DEBUG] [main] [WebKeywords.java:302] - Clicking Action Success.
2020-07-02 13:28:06,679[INFO ] [main] [WebKeywords.java:878] - Performing KeyPress:Body
2020-07-02 13:28:08,739[DEBUG] [main] [WebKeywords.java:710] - Waiting for an element to be visible for 15Secs..
2020-07-02 13:28:08,743[INFO ] [main] [XMLObjectRepository_Web.java:102] - Locator Value :By.xpath: (//div[@title='Body']//i[contains(text(),'trigger')])[9]
2020-07-02 13:28:08,844[INFO ] [main] [WebKeywords.java:722] - Element is visible..
2020-07-02 13:28:08,845[DEBUG] [main] [WebKeywords.java:293] - Clicking on any element
2020-07-02 13:28:08,848[INFO ] [main] [XMLObjectRepository_Web.java:102] - Locator Value :By.xpath: (//div[@title='Body']//i[contains(text(),'trigger')])[9]
2020-07-02 13:28:08,908[INFO ] [main] [XMLObjectRepository_Web.java:102] - Locator Value :By.xpath: (//div[@title='Body']//i[contains(text(),'trigger')])[9]
2020-07-02 13:28:09,063[DEBUG] [main] [WebKeywords.java:302] - Clicking Action Success.
2020-07-02 13:28:09,063[DEBUG] [main] [WebKeywords.java:293] - Clicking on any element
2020-07-02 13:28:09,068[INFO ] [main] [XMLObjectRepository_Web.java:102] - Locator Value :By.xpath: //a[@class='btn btn-cta1 mw6 pull-right']
2020-07-02 13:28:09,135[INFO ] [main] [XMLObjectRepository_Web.java:102] - Locator Value :By.xpath: //a[@class='btn btn-cta1 mw6 pull-right']
2020-07-02 13:28:09,259[DEBUG] [main] [WebKeywords.java:302] - Clicking Action Success.
2020-07-02 13:28:09,260[DEBUG] [main] [WebKeywords.java:710] - Waiting for an element to be visible for 15Secs..
2020-07-02 13:28:09,262[INFO ] [main] [XMLObjectRepository_Web.java:102] - Locator Value :By.xpath: //span[@class='text text-off']
2020-07-02 13:28:10,965[INFO ] [main] [WebKeywords.java:722] - Element is visible..
2020-07-02 13:28:10,966[DEBUG] [main] [WebKeywords.java:293] - Clicking on any element
2020-07-02 13:28:10,970[INFO ] [main] [XMLObjectRepository_Web.java:102] - Locator Value :By.xpath: //span[@class='text text-off']
2020-07-02 13:28:11,009[INFO ] [main] [XMLObjectRepository_Web.java:102] - Locator Value :By.xpath: //span[@class='text text-off']
2020-07-02 13:28:11,097[DEBUG] [main] [WebKeywords.java:302] - Clicking Action Success.
2020-07-02 13:28:11,098[DEBUG] [main] [WebKeywords.java:710] - Waiting for an element to be visible for 15Secs..
2020-07-02 13:28:11,100[INFO ] [main] [XMLObjectRepository_Web.java:102] - Locator Value :By.xpath: //button[text()="I'm Done"]
2020-07-02 13:28:12,238[INFO ] [main] [WebKeywords.java:722] - Element is visible..
2020-07-02 13:28:12,239[DEBUG] [main] [WebKeywords.java:293] - Clicking on any element
2020-07-02 13:28:12,240[INFO ] [main] [XMLObjectRepository_Web.java:102] - Locator Value :By.xpath: //button[text()="I'm Done"]
2020-07-02 13:28:12,271[INFO ] [main] [XMLObjectRepository_Web.java:102] - Locator Value :By.xpath: //button[text()="I'm Done"]
2020-07-02 13:28:12,361[DEBUG] [main] [WebKeywords.java:302] - Clicking Action Success.
2020-07-02 13:28:12,361[DEBUG] [main] [WebKeywords.java:584] - Verifying the text
2020-07-02 13:28:12,379[INFO ] [main] [AutomateIOTest.java:45] - TestStep 2: PASSED
2020-07-02 13:28:12,380[INFO ] [main] [AutomateIOTest.java:47] - Closing the driver instance..
2020-07-02 13:28:12,381[DEBUG] [main] [WebKeywords.java:221] - Closing the browser
2020-07-02 13:28:12,530[DEBUG] [main] [WebKeywords.java:259] - quiting the driver instance
2020-07-02 13:28:12,530[INFO ] [main] [WebKeywords.java:260] - dd23a1b4ccb65b0b22d440a0d97d3a3f
2020-07-02 13:28:15,623[INFO ] [main] [MainDriver.java:399] - Successfully closed the recording
2020-07-02 13:28:15,682[INFO ] [main] [TestListener.java:192] - ****************** End of the Suite [AutomateIOTest] ************************
2020-07-02 13:28:15,972[INFO ] [main] [Executor.java:461] - ************ [Total Execution Time-0:0:45] *******************]
