2020-07-01 00:38:30,402[INFO ] [main] [MainDriver.java:75] - Creating object repository object....
2020-07-01 00:38:30,412[INFO ] [main] [Log.java:15] - ****************************************************************************************
2020-07-01 00:38:30,412[INFO ] [main] [Log.java:16] - ****************************************************************************************
2020-07-01 00:38:30,412[INFO ] [main] [Log.java:17] - $$$$$$$$$$$$$$$$$$$$$                -S--T--A--R--T AutomateIOTest       $$$$$$$$$$$$$$$$$$$$$$$$$
2020-07-01 00:38:30,413[INFO ] [main] [Log.java:18] - ****************************************************************************************
2020-07-01 00:38:30,414[INFO ] [main] [Log.java:19] - ****************************************************************************************
2020-07-01 00:38:30,443[INFO ] [main] [Log.java:15] - ****************************************************************************************
2020-07-01 00:38:30,443[INFO ] [main] [Log.java:16] - ****************************************************************************************
2020-07-01 00:38:30,444[INFO ] [main] [Log.java:17] - $$$$$$$$$$$$$$$$$$$$$                -S--T--A--R--T PerformTask2       $$$$$$$$$$$$$$$$$$$$$$$$$
2020-07-01 00:38:30,444[INFO ] [main] [Log.java:18] - ****************************************************************************************
2020-07-01 00:38:30,444[INFO ] [main] [Log.java:19] - ****************************************************************************************
2020-07-01 00:38:30,610[DEBUG] [main] [MainDriver.java:139] - Opening browser
2020-07-01 00:38:46,806[INFO ] [main] [AutomateIOTest.java:59] - Fetching the login credentials..
2020-07-01 00:38:46,811[INFO ] [main] [AutomateIOTest.java:63] - TestStep 1:Login to application
2020-07-01 00:38:46,816[DEBUG] [main] [WebKeywords.java:378] - Writing in text box:txtEmailID
2020-07-01 00:38:46,924[INFO ] [main] [XMLObjectRepository_Web.java:106] - Locator Value :By.id: email
2020-07-01 00:38:46,992[INFO ] [main] [XMLObjectRepository_Web.java:106] - Locator Value :By.id: email
2020-07-01 00:38:47,160[DEBUG] [main] [WebKeywords.java:378] - Writing in text box:txtPassword
2020-07-01 00:38:47,161[INFO ] [main] [XMLObjectRepository_Web.java:106] - Locator Value :By.id: password
2020-07-01 00:38:47,209[INFO ] [main] [XMLObjectRepository_Web.java:106] - Locator Value :By.id: password
2020-07-01 00:38:47,293[DEBUG] [main] [WebKeywords.java:345] - Clicking on any element
2020-07-01 00:38:47,295[INFO ] [main] [XMLObjectRepository_Web.java:102] - Locator Value :By.xpath: //button[text()='LOGIN']
2020-07-01 00:38:47,336[INFO ] [main] [XMLObjectRepository_Web.java:102] - Locator Value :By.xpath: //button[text()='LOGIN']
2020-07-01 00:38:47,440[DEBUG] [main] [WebKeywords.java:354] - Clicking Action Success.
2020-07-01 00:38:47,444[DEBUG] [main] [WebKeywords.java:1360] - Waiting for an element to be visible for 30Secs..
2020-07-01 00:38:47,446[INFO ] [main] [XMLObjectRepository_Web.java:116] - Locator Value :By.linkText: Create a Bot
2020-07-01 00:38:49,237[INFO ] [main] [WebKeywords.java:1372] - Element is visible..
2020-07-01 00:38:50,790[INFO ] [main] [ServicesKeywords.java:55] - Loading URL :https://api.automate.io/auth/login
2020-07-01 00:38:50,790[INFO ] [main] [ServicesKeywords.java:56] - Request is :Login
2020-07-01 00:38:50,791[INFO ] [main] [ServicesKeywords.java:62] - Successfully loaded Below request:
{
  "email": "${emailID}",
  "password": "${password}"
}
2020-07-01 00:38:50,793[INFO ] [main] [ServicesKeywords.java:66] - ---------------------------------------------------------------------------------------
2020-07-01 00:38:50,793[INFO ] [main] [ServicesKeywords.java:111] - Substituting Key:emailID --> Value:raviauto09@gmail.com
2020-07-01 00:38:50,793[INFO ] [main] [ServicesKeywords.java:113] - Substituted payLoad is:{"email": "raviauto09@gmail.com", "password": "${password}"}
2020-07-01 00:38:50,793[INFO ] [main] [ServicesKeywords.java:114] - ---------------------------------------------------------------------------------------
2020-07-01 00:38:50,793[INFO ] [main] [ServicesKeywords.java:111] - Substituting Key:password --> Value:2589243m
2020-07-01 00:38:50,794[INFO ] [main] [ServicesKeywords.java:113] - Substituted payLoad is:{"email": "raviauto09@gmail.com", "password": "2589243m"}
2020-07-01 00:38:50,794[INFO ] [main] [ServicesKeywords.java:114] - ---------------------------------------------------------------------------------------
2020-07-01 00:38:50,794[INFO ] [main] [ServicesKeywords.java:94] - Substituting header:Content-Type:application/json
2020-07-01 00:38:50,794[INFO ] [main] [ServicesKeywords.java:95] - ---------------------------------------------------------------------------------------
2020-07-01 00:38:50,795[INFO ] [main] [ServicesKeywords.java:94] - Substituting header:Accept:application/json
2020-07-01 00:38:50,795[INFO ] [main] [ServicesKeywords.java:95] - ---------------------------------------------------------------------------------------
2020-07-01 00:38:50,795[INFO ] [main] [ServicesKeywords.java:94] - Substituting header:User-Agent:Mozilla/5.0 (X11; Linux x86_64) AppleWebKit/537.36 (KHTML, like Gecko) Chrome/79.0.3945.130 Safari/537.36
2020-07-01 00:38:50,795[INFO ] [main] [ServicesKeywords.java:95] - ---------------------------------------------------------------------------------------
2020-07-01 00:38:50,795[INFO ] [main] [ServicesKeywords.java:131] - ---------------------------------------------------------------------------------------
2020-07-01 00:38:50,796[INFO ] [main] [ServicesKeywords.java:132] - Posting Request to URL:https://api.automate.io/auth/login
2020-07-01 00:38:52,919[INFO ] [main] [ServicesKeywords.java:138] - Response Code from the Server is:[200]
2020-07-01 00:38:52,919[INFO ] [main] [ServicesKeywords.java:140] - Response from Server is:
{
  "data": {
    "name": "Ravindra Kumar"
  },
  "status": "success"
}
2020-07-01 00:38:52,920[INFO ] [main] [ServicesKeywords.java:142] - ---------------------------------------------------------------------------------------
2020-07-01 00:38:55,929[INFO ] [main] [ServicesKeywords.java:193] - Servercode Matched
2020-07-01 00:38:56,021[INFO ] [main] [ServicesKeywords.java:222] - Response value fetched using Xpath [$.status] is [success]
2020-07-01 00:38:56,022[INFO ] [main] [ServicesKeywords.java:225] - Response Validation: Matched- Actual[success] ---> Expected[success]
2020-07-01 00:38:56,022[INFO ] [main] [ServicesKeywords.java:226] - ---------------------------------------------------------------------------------------
2020-07-01 00:38:56,022[INFO ] [main] [AutomateIOTest.java:123] - {xsrfToken=Qvh4nRlD-OIDAvUGGqneOErggIdQzwzCd6xo}
2020-07-01 00:38:56,022[INFO ] [main] [ServicesKeywords.java:55] - Loading URL :https://api.automate.io/workflows
2020-07-01 00:38:56,022[INFO ] [main] [ServicesKeywords.java:56] - Request is :Login
2020-07-01 00:38:56,022[INFO ] [main] [ServicesKeywords.java:62] - Successfully loaded Below request:
{
  "email": "${emailID}",
  "password": "${password}"
}
2020-07-01 00:38:56,023[INFO ] [main] [ServicesKeywords.java:66] - ---------------------------------------------------------------------------------------
2020-07-01 00:38:56,023[INFO ] [main] [ServicesKeywords.java:94] - Substituting header:Content-Type:application/json
2020-07-01 00:38:56,023[INFO ] [main] [ServicesKeywords.java:95] - ---------------------------------------------------------------------------------------
2020-07-01 00:38:56,023[INFO ] [main] [ServicesKeywords.java:94] - Substituting header:Accept:application/json
2020-07-01 00:38:56,023[INFO ] [main] [ServicesKeywords.java:95] - ---------------------------------------------------------------------------------------
2020-07-01 00:38:56,023[INFO ] [main] [ServicesKeywords.java:94] - Substituting header:User-Agent:Mozilla/5.0 (X11; Linux x86_64) AppleWebKit/537.36 (KHTML, like Gecko) Chrome/79.0.3945.130 Safari/537.36
2020-07-01 00:38:56,023[INFO ] [main] [ServicesKeywords.java:95] - ---------------------------------------------------------------------------------------
2020-07-01 00:38:56,024[INFO ] [main] [ServicesKeywords.java:94] - Substituting header:x-xsrf-token:Qvh4nRlD-OIDAvUGGqneOErggIdQzwzCd6xo
2020-07-01 00:38:56,024[INFO ] [main] [ServicesKeywords.java:95] - ---------------------------------------------------------------------------------------
2020-07-01 00:38:56,024[INFO ] [main] [ServicesKeywords.java:94] - Substituting header:Cookie:;__stripe_sid;967002dc-835c-4479-99b3-9ef849e73a3a;_hjid;2775f2f7-3944-4f00-bd1d-00fdfaf9f825;_ga;GA1.2.39890662.1593544120;XSRF-TOKEN;Qvh4nRlD-OIDAvUGGqneOErggIdQzwzCd6xo;_csrf;N-1xvxUeMbH17PZA84rhaWMR;mp_cbd34858df3ce780f2f7ecbd10436dc6_mixpanel;%7B%22distinct_id%22%3A%20%22raviauto09%40gmail.com%22%2C%22%24device_id%22%3A%20%2217306a194d7bb-06f2dc6d177154-4353760-100200-17306a194d82c3%22%2C%22%24initial_referrer%22%3A%20%22%24direct%22%2C%22%24initial_referring_domain%22%3A%20%22%24direct%22%2C%22%24user_id%22%3A%20%22raviauto09%40gmail.com%22%7D;_gat_gtag_UA_63343321_2;1;_gid;GA1.2.1770226337.1593544120;__stripe_mid;4f96d763-0757-4b24-b7ce-ce8b9998a289
2020-07-01 00:38:56,024[INFO ] [main] [ServicesKeywords.java:95] - ---------------------------------------------------------------------------------------
2020-07-01 00:38:56,024[INFO ] [main] [ServicesKeywords.java:131] - ---------------------------------------------------------------------------------------
2020-07-01 00:38:56,025[INFO ] [main] [ServicesKeywords.java:132] - Posting Request to URL:https://api.automate.io/workflows
2020-07-01 00:38:57,666[INFO ] [main] [ServicesKeywords.java:138] - Response Code from the Server is:[401]
2020-07-01 00:38:57,666[INFO ] [main] [ServicesKeywords.java:140] - Response from Server is:
{
  "error": {
    "message": "Not a valid User or SessionId!"
  },
  "status": "error"
}
2020-07-01 00:38:57,667[INFO ] [main] [ServicesKeywords.java:142] - ---------------------------------------------------------------------------------------
2020-07-01 00:39:00,668[ERROR] [main] [ServicesKeywords.java:196] - Server code did not matched: Expected[200] ---> Actual[401]
2020-07-01 00:39:00,673[ERROR] [main] [TestListener.java:30] - ***** Error PerformTask2 test has failed *****
2020-07-01 00:39:00,674[ERROR] [main] [TestListener.java:42] - Closing Driver Object:ChromeDriver: chrome on XP (null)
2020-07-01 00:39:00,681[ERROR] [main] [TestListener.java:78] - Closing the driver...ChromeDriver: chrome on XP (null)
2020-07-01 00:39:00,710[INFO ] [main] [TestListener.java:191] - ****************** End of the Suite [AutomateIOTest] ************************
2020-07-01 00:39:00,925[INFO ] [main] [Executor.java:461] - ************ [Total Execution Time-0:0:33] *******************]
