2020-06-30 21:22:36,965[INFO ] [main] [MainDriver.java:75] - Creating object repository object....
2020-06-30 21:22:36,997[INFO ] [main] [Log.java:15] - ****************************************************************************************
2020-06-30 21:22:36,998[INFO ] [main] [Log.java:16] - ****************************************************************************************
2020-06-30 21:22:36,998[INFO ] [main] [Log.java:17] - $$$$$$$$$$$$$$$$$$$$$                -S--T--A--R--T AutomateIOTest       $$$$$$$$$$$$$$$$$$$$$$$$$
2020-06-30 21:22:36,998[INFO ] [main] [Log.java:18] - ****************************************************************************************
2020-06-30 21:22:36,999[INFO ] [main] [Log.java:19] - ****************************************************************************************
2020-06-30 21:22:37,026[INFO ] [main] [Log.java:15] - ****************************************************************************************
2020-06-30 21:22:37,026[INFO ] [main] [Log.java:16] - ****************************************************************************************
2020-06-30 21:22:37,026[INFO ] [main] [Log.java:17] - $$$$$$$$$$$$$$$$$$$$$                -S--T--A--R--T PerformTask2       $$$$$$$$$$$$$$$$$$$$$$$$$
2020-06-30 21:22:37,027[INFO ] [main] [Log.java:18] - ****************************************************************************************
2020-06-30 21:22:37,027[INFO ] [main] [Log.java:19] - ****************************************************************************************
2020-06-30 21:22:37,028[INFO ] [main] [AutomateIOTest.java:52] - Fetching the login credentials..
2020-06-30 21:22:37,136[INFO ] [main] [ServicesKeywords.java:55] - Loading URL :https://api.automate.io/auth/login
2020-06-30 21:22:37,136[INFO ] [main] [ServicesKeywords.java:56] - Request is :empty
2020-06-30 21:22:37,139[INFO ] [main] [ServicesKeywords.java:66] - ---------------------------------------------------------------------------------------
2020-06-30 21:22:37,139[INFO ] [main] [ServicesKeywords.java:111] - Substituting Key:emailID --> Value:raviauto09@gmail.com
2020-06-30 21:22:37,140[INFO ] [main] [ServicesKeywords.java:113] - Substituted payLoad is:{}
2020-06-30 21:22:37,140[INFO ] [main] [ServicesKeywords.java:114] - ---------------------------------------------------------------------------------------
2020-06-30 21:22:37,140[INFO ] [main] [ServicesKeywords.java:111] - Substituting Key:password --> Value:2589243m
2020-06-30 21:22:37,140[INFO ] [main] [ServicesKeywords.java:113] - Substituted payLoad is:{}
2020-06-30 21:22:37,141[INFO ] [main] [ServicesKeywords.java:114] - ---------------------------------------------------------------------------------------
2020-06-30 21:22:37,141[INFO ] [main] [ServicesKeywords.java:94] - Substituting header:Content-Type:application/json
2020-06-30 21:22:37,141[INFO ] [main] [ServicesKeywords.java:95] - ---------------------------------------------------------------------------------------
2020-06-30 21:22:37,143[INFO ] [main] [ServicesKeywords.java:131] - ---------------------------------------------------------------------------------------
2020-06-30 21:22:37,143[INFO ] [main] [ServicesKeywords.java:132] - Posting Request to URL:https://api.automate.io/auth/login
2020-06-30 21:22:40,045[INFO ] [main] [ServicesKeywords.java:138] - Response Code from the Server is:[401]
2020-06-30 21:22:40,067[INFO ] [main] [ServicesKeywords.java:140] - Response from Server is:
{
  "error": {
    "message": "Login email or password incorrect."
  },
  "status": "error"
}
2020-06-30 21:22:40,068[INFO ] [main] [ServicesKeywords.java:142] - ---------------------------------------------------------------------------------------
2020-06-30 21:22:43,077[ERROR] [main] [ServicesKeywords.java:196] - Server code did not matched: Expected[200] ---> Actual[401]
2020-06-30 21:22:43,096[ERROR] [main] [TestListener.java:30] - ***** Error PerformTask2 test has failed *****
2020-06-30 21:22:43,098[ERROR] [main] [TestListener.java:42] - Closing Driver Object:null
2020-06-30 21:22:43,174[INFO ] [main] [TestListener.java:191] - ****************** End of the Suite [AutomateIOTest] ************************
2020-06-30 21:22:43,399[INFO ] [main] [Executor.java:461] - ************ [Total Execution Time-0:0:9] *******************]
