2020-06-29 13:58:18,335[INFO ] [main] [MainDriver.java:75] - Creating object repository object....
2020-06-29 13:58:18,344[INFO ] [main] [Log.java:15] - ****************************************************************************************
2020-06-29 13:58:18,344[INFO ] [main] [Log.java:16] - ****************************************************************************************
2020-06-29 13:58:18,344[INFO ] [main] [Log.java:17] - $$$$$$$$$$$$$$$$$$$$$                -S--T--A--R--T AutomateIOTest       $$$$$$$$$$$$$$$$$$$$$$$$$
2020-06-29 13:58:18,345[INFO ] [main] [Log.java:18] - ****************************************************************************************
2020-06-29 13:58:18,346[INFO ] [main] [Log.java:19] - ****************************************************************************************
2020-06-29 13:58:18,370[INFO ] [main] [Log.java:15] - ****************************************************************************************
2020-06-29 13:58:18,370[INFO ] [main] [Log.java:16] - ****************************************************************************************
2020-06-29 13:58:18,371[INFO ] [main] [Log.java:17] - $$$$$$$$$$$$$$$$$$$$$                -S--T--A--R--T PerformTask1       $$$$$$$$$$$$$$$$$$$$$$$$$
2020-06-29 13:58:18,371[INFO ] [main] [Log.java:18] - ****************************************************************************************
2020-06-29 13:58:18,371[INFO ] [main] [Log.java:19] - ****************************************************************************************
2020-06-29 13:58:18,493[DEBUG] [main] [MainDriver.java:139] - Opening browser
2020-06-29 13:58:35,153[INFO ] [main] [AutomateIOTest.java:30] - Fetching the login credentials..
2020-06-29 13:58:35,157[INFO ] [main] [AutomateIOTest.java:35] - TestStep 1:Login to application
2020-06-29 13:58:35,157[DEBUG] [main] [WebKeywords.java:378] - Writing in text box:txtEmailID
2020-06-29 13:58:35,252[INFO ] [main] [XMLObjectRepository_Web.java:106] - Locator Value :By.id: email
2020-06-29 13:58:35,321[INFO ] [main] [XMLObjectRepository_Web.java:106] - Locator Value :By.id: email
2020-06-29 13:58:35,522[DEBUG] [main] [WebKeywords.java:378] - Writing in text box:txtPassword
2020-06-29 13:58:35,525[INFO ] [main] [XMLObjectRepository_Web.java:106] - Locator Value :By.id: password
2020-06-29 13:58:35,570[INFO ] [main] [XMLObjectRepository_Web.java:106] - Locator Value :By.id: password
2020-06-29 13:58:35,652[DEBUG] [main] [WebKeywords.java:345] - Clicking on any element
2020-06-29 13:58:35,654[INFO ] [main] [XMLObjectRepository_Web.java:102] - Locator Value :By.xpath: //button[text()='LOGIN']
2020-06-29 13:58:35,714[INFO ] [main] [XMLObjectRepository_Web.java:102] - Locator Value :By.xpath: //button[text()='LOGIN']
2020-06-29 13:58:35,814[DEBUG] [main] [WebKeywords.java:354] - Clicking Action Success.
2020-06-29 13:58:35,818[DEBUG] [main] [WebKeywords.java:1360] - Waiting for an element to be visible for 30Secs..
2020-06-29 13:58:35,820[INFO ] [main] [XMLObjectRepository_Web.java:116] - Locator Value :By.linkText: Create a Bot
2020-06-29 13:58:38,846[INFO ] [main] [WebKeywords.java:1372] - Element is visible..
2020-06-29 13:58:38,851[INFO ] [main] [AutomateIOTest.java:37] - TestStep 1: PASSED
2020-06-29 13:58:38,852[INFO ] [main] [AutomateIOTest.java:39] - TestStep 2:Create a bot that sends an email to another Gmail account (input: to-email)
2020-06-29 13:58:38,852[DEBUG] [main] [WebKeywords.java:345] - Clicking on any element
2020-06-29 13:58:38,855[INFO ] [main] [XMLObjectRepository_Web.java:116] - Locator Value :By.linkText: Create a Bot
2020-06-29 13:58:38,943[INFO ] [main] [XMLObjectRepository_Web.java:116] - Locator Value :By.linkText: Create a Bot
2020-06-29 13:58:39,133[DEBUG] [main] [WebKeywords.java:354] - Clicking Action Success.
2020-06-29 13:58:39,133[DEBUG] [main] [WebKeywords.java:1360] - Waiting for an element to be visible for 30Secs..
2020-06-29 13:58:39,136[INFO ] [main] [XMLObjectRepository_Web.java:102] - Locator Value :By.xpath: //h5[text()='Connected Apps']/../following-sibling::div[1]//span[text()='Gmail']
2020-06-29 13:58:40,167[INFO ] [main] [WebKeywords.java:1372] - Element is visible..
2020-06-29 13:58:40,168[DEBUG] [main] [WebKeywords.java:345] - Clicking on any element
2020-06-29 13:58:40,169[INFO ] [main] [XMLObjectRepository_Web.java:102] - Locator Value :By.xpath: //h5[text()='Connected Apps']/../following-sibling::div[1]//span[text()='Gmail']
2020-06-29 13:58:40,202[INFO ] [main] [XMLObjectRepository_Web.java:102] - Locator Value :By.xpath: //h5[text()='Connected Apps']/../following-sibling::div[1]//span[text()='Gmail']
2020-06-29 13:58:40,315[DEBUG] [main] [WebKeywords.java:354] - Clicking Action Success.
2020-06-29 13:58:40,316[DEBUG] [main] [WebKeywords.java:378] - Writing in text box:txtTriggerEvent
2020-06-29 13:58:40,318[INFO ] [main] [XMLObjectRepository_Web.java:102] - Locator Value :By.xpath: //span[text()='Select the trigger event']/../following-sibling::ul//form/input
2020-06-29 13:58:41,495[INFO ] [main] [XMLObjectRepository_Web.java:102] - Locator Value :By.xpath: //span[text()='Select the trigger event']/../following-sibling::ul//form/input
2020-06-29 13:58:41,619[DEBUG] [main] [WebKeywords.java:345] - Clicking on any element
2020-06-29 13:58:41,621[INFO ] [main] [XMLObjectRepository_Web.java:102] - Locator Value :By.xpath: //div[@title='New Email']
2020-06-29 13:58:41,663[INFO ] [main] [XMLObjectRepository_Web.java:102] - Locator Value :By.xpath: //div[@title='New Email']
2020-06-29 13:58:41,799[DEBUG] [main] [WebKeywords.java:354] - Clicking Action Success.
2020-06-29 13:58:41,799[DEBUG] [main] [WebKeywords.java:345] - Clicking on any element
2020-06-29 13:58:41,802[INFO ] [main] [XMLObjectRepository_Web.java:102] - Locator Value :By.xpath: //small[text()='Gmail folder in which to look for New Email.']/preceding-sibling::div[1]
2020-06-29 13:58:41,984[INFO ] [main] [XMLObjectRepository_Web.java:102] - Locator Value :By.xpath: //small[text()='Gmail folder in which to look for New Email.']/preceding-sibling::div[1]
2020-06-29 13:58:42,107[DEBUG] [main] [WebKeywords.java:354] - Clicking Action Success.
2020-06-29 13:58:42,107[DEBUG] [main] [WebKeywords.java:378] - Writing in text box:txtFolderSearch
2020-06-29 13:58:42,109[INFO ] [main] [XMLObjectRepository_Web.java:102] - Locator Value :By.xpath: //small[text()='Gmail folder in which to look for New Email.']/preceding-sibling::div[1]//input
2020-06-29 13:58:42,697[INFO ] [main] [XMLObjectRepository_Web.java:102] - Locator Value :By.xpath: //small[text()='Gmail folder in which to look for New Email.']/preceding-sibling::div[1]//input
2020-06-29 13:58:42,803[DEBUG] [main] [WebKeywords.java:1360] - Waiting for an element to be visible for 30Secs..
2020-06-29 13:58:42,805[INFO ] [main] [XMLObjectRepository_Web.java:102] - Locator Value :By.xpath: //div[@title='INBOX']
2020-06-29 13:58:42,852[INFO ] [main] [WebKeywords.java:1372] - Element is visible..
2020-06-29 13:58:42,852[DEBUG] [main] [WebKeywords.java:345] - Clicking on any element
2020-06-29 13:58:42,854[INFO ] [main] [XMLObjectRepository_Web.java:102] - Locator Value :By.xpath: //div[@title='INBOX']
2020-06-29 13:58:42,886[INFO ] [main] [XMLObjectRepository_Web.java:102] - Locator Value :By.xpath: //div[@title='INBOX']
2020-06-29 13:58:43,003[DEBUG] [main] [WebKeywords.java:354] - Clicking Action Success.
2020-06-29 13:58:43,004[DEBUG] [main] [WebKeywords.java:1360] - Waiting for an element to be visible for 30Secs..
2020-06-29 13:58:43,006[INFO ] [main] [XMLObjectRepository_Web.java:102] - Locator Value :By.xpath: //span[contains(text(),'Select')]
2020-06-29 13:58:43,075[INFO ] [main] [WebKeywords.java:1372] - Element is visible..
2020-06-29 13:58:43,075[DEBUG] [main] [WebKeywords.java:345] - Clicking on any element
2020-06-29 13:58:43,077[INFO ] [main] [XMLObjectRepository_Web.java:102] - Locator Value :By.xpath: //span[contains(text(),'Select')]
2020-06-29 13:58:43,108[INFO ] [main] [XMLObjectRepository_Web.java:102] - Locator Value :By.xpath: //span[contains(text(),'Select')]
2020-06-29 13:58:43,260[DEBUG] [main] [WebKeywords.java:354] - Clicking Action Success.
2020-06-29 13:58:43,261[DEBUG] [main] [WebKeywords.java:345] - Clicking on any element
2020-06-29 13:58:43,264[INFO ] [main] [XMLObjectRepository_Web.java:102] - Locator Value :By.xpath: (//aio-user-app-select-figure[@title='Gmail']//img[1])[2]
2020-06-29 13:58:43,366[INFO ] [main] [XMLObjectRepository_Web.java:102] - Locator Value :By.xpath: (//aio-user-app-select-figure[@title='Gmail']//img[1])[2]
2020-06-29 13:58:43,569[DEBUG] [main] [WebKeywords.java:354] - Clicking Action Success.
2020-06-29 13:58:43,570[DEBUG] [main] [WebKeywords.java:345] - Clicking on any element
2020-06-29 13:58:43,572[INFO ] [main] [XMLObjectRepository_Web.java:102] - Locator Value :By.xpath: //div[contains(text(),'Send an Email from your account')]
2020-06-29 13:58:43,662[INFO ] [main] [XMLObjectRepository_Web.java:102] - Locator Value :By.xpath: //div[contains(text(),'Send an Email from your account')]
2020-06-29 13:58:43,971[DEBUG] [main] [WebKeywords.java:354] - Clicking Action Success.
2020-06-29 13:58:43,972[DEBUG] [main] [WebKeywords.java:345] - Clicking on any element
2020-06-29 13:58:43,975[INFO ] [main] [XMLObjectRepository_Web.java:102] - Locator Value :By.xpath: //label[contains(text(),'From Name')]/../following-sibling::div[1]//button
2020-06-29 13:58:44,019[INFO ] [main] [XMLObjectRepository_Web.java:102] - Locator Value :By.xpath: //label[contains(text(),'From Name')]/../following-sibling::div[1]//button
2020-06-29 13:58:44,135[DEBUG] [main] [WebKeywords.java:354] - Clicking Action Success.
2020-06-29 13:58:44,135[DEBUG] [main] [WebKeywords.java:345] - Clicking on any element
2020-06-29 13:58:44,137[INFO ] [main] [XMLObjectRepository_Web.java:102] - Locator Value :By.xpath: (//div[text()='Input Fields']/following-sibling::div//span[text()='From Name'])[2]
2020-06-29 13:58:44,193[INFO ] [main] [XMLObjectRepository_Web.java:102] - Locator Value :By.xpath: (//div[text()='Input Fields']/following-sibling::div//span[text()='From Name'])[2]
2020-06-29 13:58:44,331[DEBUG] [main] [WebKeywords.java:354] - Clicking Action Success.
2020-06-29 13:58:44,331[DEBUG] [main] [WebKeywords.java:345] - Clicking on any element
2020-06-29 13:58:44,335[INFO ] [main] [XMLObjectRepository_Web.java:102] - Locator Value :By.xpath: //label[contains(text(),'From Address')]/../following-sibling::div[1]//button
2020-06-29 13:58:44,396[INFO ] [main] [XMLObjectRepository_Web.java:102] - Locator Value :By.xpath: //label[contains(text(),'From Address')]/../following-sibling::div[1]//button
2020-06-29 13:58:44,520[DEBUG] [main] [WebKeywords.java:354] - Clicking Action Success.
2020-06-29 13:58:44,520[DEBUG] [main] [WebKeywords.java:345] - Clicking on any element
2020-06-29 13:58:44,523[INFO ] [main] [XMLObjectRepository_Web.java:102] - Locator Value :By.xpath: (//div[text()='Input Fields']/following-sibling::div//span[text()='From Email'])[3]
2020-06-29 13:58:44,585[INFO ] [main] [XMLObjectRepository_Web.java:102] - Locator Value :By.xpath: (//div[text()='Input Fields']/following-sibling::div//span[text()='From Email'])[3]
2020-06-29 13:58:44,739[DEBUG] [main] [WebKeywords.java:354] - Clicking Action Success.
2020-06-29 13:58:44,740[DEBUG] [main] [WebKeywords.java:378] - Writing in text box:spnToNameTrigger
2020-06-29 13:58:44,743[INFO ] [main] [XMLObjectRepository_Web.java:102] - Locator Value :By.xpath: //label[contains(text(),'To Name')]/../following-sibling::div/div/div
2020-06-29 13:58:44,790[INFO ] [main] [XMLObjectRepository_Web.java:102] - Locator Value :By.xpath: //label[contains(text(),'To Name')]/../following-sibling::div/div/div
2020-06-29 13:58:44,920[DEBUG] [main] [WebKeywords.java:378] - Writing in text box:spnToAddressTrigger
2020-06-29 13:58:44,922[INFO ] [main] [XMLObjectRepository_Web.java:102] - Locator Value :By.xpath: //label[contains(text(),'To Addresses')]/../following-sibling::div/aio-content-editable/div/div/div
2020-06-29 13:58:44,962[INFO ] [main] [XMLObjectRepository_Web.java:102] - Locator Value :By.xpath: //label[contains(text(),'To Addresses')]/../following-sibling::div/aio-content-editable/div/div/div
2020-06-29 13:58:45,038[DEBUG] [main] [WebKeywords.java:345] - Clicking on any element
2020-06-29 13:58:45,040[INFO ] [main] [XMLObjectRepository_Web.java:102] - Locator Value :By.xpath: //label[contains(text(),'Subject')]/../following-sibling::div[1]//button
2020-06-29 13:58:45,089[INFO ] [main] [XMLObjectRepository_Web.java:102] - Locator Value :By.xpath: //label[contains(text(),'Subject')]/../following-sibling::div[1]//button
2020-06-29 13:58:45,200[DEBUG] [main] [WebKeywords.java:354] - Clicking Action Success.
2020-06-29 13:58:45,200[DEBUG] [main] [WebKeywords.java:1360] - Waiting for an element to be visible for 15Secs..
2020-06-29 13:58:45,203[INFO ] [main] [XMLObjectRepository_Web.java:102] - Locator Value :By.xpath: //div[@class='input-group-btn open']//li[6]//div[1]//i[1]
2020-06-29 13:58:45,283[INFO ] [main] [WebKeywords.java:1372] - Element is visible..
2020-06-29 13:58:45,284[DEBUG] [main] [WebKeywords.java:345] - Clicking on any element
2020-06-29 13:58:45,285[INFO ] [main] [XMLObjectRepository_Web.java:102] - Locator Value :By.xpath: //div[@class='input-group-btn open']//li[6]//div[1]//i[1]
2020-06-29 13:58:45,316[INFO ] [main] [XMLObjectRepository_Web.java:102] - Locator Value :By.xpath: //div[@class='input-group-btn open']//li[6]//div[1]//i[1]
2020-06-29 13:58:45,406[DEBUG] [main] [WebKeywords.java:354] - Clicking Action Success.
2020-06-29 13:58:47,407[DEBUG] [main] [WebKeywords.java:345] - Clicking on any element
2020-06-29 13:58:47,414[INFO ] [main] [XMLObjectRepository_Web.java:102] - Locator Value :By.xpath: //label[contains(text(),'Body')]/../following-sibling::div[1]//button
2020-06-29 13:58:47,501[INFO ] [main] [XMLObjectRepository_Web.java:102] - Locator Value :By.xpath: //label[contains(text(),'Body')]/../following-sibling::div[1]//button
2020-06-29 13:58:47,634[DEBUG] [main] [WebKeywords.java:354] - Clicking Action Success.
2020-06-29 13:58:49,639[DEBUG] [main] [WebKeywords.java:1360] - Waiting for an element to be visible for 15Secs..
2020-06-29 13:58:49,643[INFO ] [main] [XMLObjectRepository_Web.java:121] - Locator Value :By.cssSelector: div.body-scroll-container:nth-child(2) div.workflows-container div.container.workflows.wf-container-t-margin aio-workflow-card.box.fixed-heading.panel.panel-default.box-color.panel-box-install-view.active.pulsating-card.w-card-t-margin:nth-child(3) div.panel-body.scroll-box div.group div.dropdown div.input-group div.input-group-btn.open aio-searchable-dropdown.dropdown-menu div.data-items-wrapper li.data-item.link-like.highlighted:nth-child(14) div.heading.ellipsed > i:nth-child(4)
2020-06-29 13:59:00,016[INFO ] [main] [WebKeywords.java:1377] - Element is not visible..
2020-06-29 13:59:00,018[INFO ] [main] [XMLObjectRepository_Web.java:121] - Locator Value :By.cssSelector: div.body-scroll-container:nth-child(2) div.workflows-container div.container.workflows.wf-container-t-margin aio-workflow-card.box.fixed-heading.panel.panel-default.box-color.panel-box-install-view.active.pulsating-card.w-card-t-margin:nth-child(3) div.panel-body.scroll-box div.group div.dropdown div.input-group div.input-group-btn.open aio-searchable-dropdown.dropdown-menu div.data-items-wrapper li.data-item.link-like.highlighted:nth-child(14) div.heading.ellipsed > i:nth-child(4)
2020-06-29 13:59:10,388[INFO ] [main] [WebKeywords.java:1377] - Element is not visible..
2020-06-29 13:59:10,388[ERROR] [main] [WebKeywords.java:1388] - java.lang.Exception: Element wait failed.
2020-06-29 13:59:10,389[DEBUG] [main] [WebKeywords.java:345] - Clicking on any element
2020-06-29 13:59:10,393[INFO ] [main] [XMLObjectRepository_Web.java:121] - Locator Value :By.cssSelector: div.body-scroll-container:nth-child(2) div.workflows-container div.container.workflows.wf-container-t-margin aio-workflow-card.box.fixed-heading.panel.panel-default.box-color.panel-box-install-view.active.pulsating-card.w-card-t-margin:nth-child(3) div.panel-body.scroll-box div.group div.dropdown div.input-group div.input-group-btn.open aio-searchable-dropdown.dropdown-menu div.data-items-wrapper li.data-item.link-like.highlighted:nth-child(14) div.heading.ellipsed > i:nth-child(4)
2020-06-29 13:59:13,716[INFO ] [main] [XMLObjectRepository_Web.java:121] - Locator Value :By.cssSelector: div.body-scroll-container:nth-child(2) div.workflows-container div.container.workflows.wf-container-t-margin aio-workflow-card.box.fixed-heading.panel.panel-default.box-color.panel-box-install-view.active.pulsating-card.w-card-t-margin:nth-child(3) div.panel-body.scroll-box div.group div.dropdown div.input-group div.input-group-btn.open aio-searchable-dropdown.dropdown-menu div.data-items-wrapper li.data-item.link-like.highlighted:nth-child(14) div.heading.ellipsed > i:nth-child(4)
2020-06-29 13:59:13,842[DEBUG] [main] [WebKeywords.java:354] - Clicking Action Success.
2020-06-29 13:59:23,845[DEBUG] [main] [WebKeywords.java:273] - Closing the browser
2020-06-29 13:59:28,029[DEBUG] [main] [WebKeywords.java:311] - quiting the driver instance
2020-06-29 13:59:28,030[INFO ] [main] [WebKeywords.java:312] - 485627a02c619389987c7d04676745b3
2020-06-29 13:59:28,909[INFO ] [main] [TestListener.java:191] - ****************** End of the Suite [AutomateIOTest] ************************
2020-06-29 13:59:29,092[INFO ] [main] [Executor.java:461] - ************ [Total Execution Time-0:1:13] *******************]
