2020-06-30 21:28:32,354[INFO ] [main] [MainDriver.java:75] - Creating object repository object....
2020-06-30 21:28:32,363[INFO ] [main] [Log.java:15] - ****************************************************************************************
2020-06-30 21:28:32,363[INFO ] [main] [Log.java:16] - ****************************************************************************************
2020-06-30 21:28:32,364[INFO ] [main] [Log.java:17] - $$$$$$$$$$$$$$$$$$$$$                -S--T--A--R--T AutomateIOTest       $$$$$$$$$$$$$$$$$$$$$$$$$
2020-06-30 21:28:32,364[INFO ] [main] [Log.java:18] - ****************************************************************************************
2020-06-30 21:28:32,365[INFO ] [main] [Log.java:19] - ****************************************************************************************
2020-06-30 21:28:32,392[INFO ] [main] [Log.java:15] - ****************************************************************************************
2020-06-30 21:28:32,392[INFO ] [main] [Log.java:16] - ****************************************************************************************
2020-06-30 21:28:32,392[INFO ] [main] [Log.java:17] - $$$$$$$$$$$$$$$$$$$$$                -S--T--A--R--T PerformTask2       $$$$$$$$$$$$$$$$$$$$$$$$$
2020-06-30 21:28:32,393[INFO ] [main] [Log.java:18] - ****************************************************************************************
2020-06-30 21:28:32,393[INFO ] [main] [Log.java:19] - ****************************************************************************************
2020-06-30 21:28:32,394[INFO ] [main] [AutomateIOTest.java:52] - Fetching the login credentials..
2020-06-30 21:28:32,501[INFO ] [main] [ServicesKeywords.java:55] - Loading URL :https://api.automate.io/auth/login
2020-06-30 21:28:32,501[INFO ] [main] [ServicesKeywords.java:56] - Request is :Login
2020-06-30 21:28:32,509[INFO ] [main] [ServicesKeywords.java:62] - Successfully loaded Below request:
{
  "email": "${emailID}",
  "password": "${password}"
}
2020-06-30 21:28:32,512[INFO ] [main] [ServicesKeywords.java:66] - ---------------------------------------------------------------------------------------
2020-06-30 21:28:32,513[INFO ] [main] [ServicesKeywords.java:111] - Substituting Key:emailID --> Value:raviauto09@gmail.com
2020-06-30 21:28:32,513[INFO ] [main] [ServicesKeywords.java:113] - Substituted payLoad is:{"email": "raviauto09@gmail.com", "password": "${password}"}
2020-06-30 21:28:32,513[INFO ] [main] [ServicesKeywords.java:114] - ---------------------------------------------------------------------------------------
2020-06-30 21:28:32,513[INFO ] [main] [ServicesKeywords.java:111] - Substituting Key:password --> Value:2589243m
2020-06-30 21:28:32,514[INFO ] [main] [ServicesKeywords.java:113] - Substituted payLoad is:{"email": "raviauto09@gmail.com", "password": "2589243m"}
2020-06-30 21:28:32,514[INFO ] [main] [ServicesKeywords.java:114] - ---------------------------------------------------------------------------------------
2020-06-30 21:28:32,514[INFO ] [main] [ServicesKeywords.java:94] - Substituting header:Content-Type:application/json
2020-06-30 21:28:32,514[INFO ] [main] [ServicesKeywords.java:95] - ---------------------------------------------------------------------------------------
2020-06-30 21:28:32,516[INFO ] [main] [ServicesKeywords.java:131] - ---------------------------------------------------------------------------------------
2020-06-30 21:28:32,516[INFO ] [main] [ServicesKeywords.java:132] - Posting Request to URL:https://api.automate.io/auth/login
2020-06-30 21:28:36,584[INFO ] [main] [ServicesKeywords.java:138] - Response Code from the Server is:[200]
2020-06-30 21:28:36,585[INFO ] [main] [ServicesKeywords.java:140] - Response from Server is:
{
  "data": {
    "name": "Ravindra Kumar"
  },
  "status": "success"
}
2020-06-30 21:28:36,585[INFO ] [main] [ServicesKeywords.java:142] - ---------------------------------------------------------------------------------------
2020-06-30 21:28:39,597[INFO ] [main] [ServicesKeywords.java:193] - Servercode Matched
2020-06-30 21:28:39,784[INFO ] [main] [ServicesKeywords.java:222] - Response value fetched using Xpath [$.status] is [success]
2020-06-30 21:28:39,784[INFO ] [main] [ServicesKeywords.java:225] - Response Validation: Matched- Actual[success] ---> Expected[success]
2020-06-30 21:28:39,785[INFO ] [main] [ServicesKeywords.java:226] - ---------------------------------------------------------------------------------------
2020-06-30 21:28:39,787[ERROR] [main] [ServicesKeywords.java:308] - Exception Occurred:[Ljava.lang.StackTraceElement;@2783717b
2020-06-30 21:28:39,787[INFO ] [main] [ServicesKeywords.java:309] - ---------------------------------------------------------------------------------------
2020-06-30 21:28:39,788[ERROR] [main] [ServicesKeywords.java:308] - Exception Occurred:[Ljava.lang.StackTraceElement;@76f7d241
2020-06-30 21:28:39,789[INFO ] [main] [ServicesKeywords.java:309] - ---------------------------------------------------------------------------------------
2020-06-30 21:28:39,789[INFO ] [main] [AutomateIOTest.java:81] - {cookie=null, xsrfToken=null}
2020-06-30 21:28:39,857[INFO ] [main] [TestListener.java:191] - ****************** End of the Suite [AutomateIOTest] ************************
2020-06-30 21:28:40,140[INFO ] [main] [Executor.java:461] - ************ [Total Execution Time-0:0:11] *******************]
