2020-07-01 17:20:19,041[INFO ] [main] [MainDriver.java:75] - Creating object repository object....
2020-07-01 17:20:19,078[INFO ] [main] [Log.java:15] - ****************************************************************************************
2020-07-01 17:20:19,078[INFO ] [main] [Log.java:16] - ****************************************************************************************
2020-07-01 17:20:19,079[INFO ] [main] [Log.java:17] - $$$$$$$$$$$$$$$$$$$$$                -S--T--A--R--T AutomateIOTest       $$$$$$$$$$$$$$$$$$$$$$$$$
2020-07-01 17:20:19,079[INFO ] [main] [Log.java:18] - ****************************************************************************************
2020-07-01 17:20:19,079[INFO ] [main] [Log.java:19] - ****************************************************************************************
2020-07-01 17:20:19,106[INFO ] [main] [Log.java:15] - ****************************************************************************************
2020-07-01 17:20:19,106[INFO ] [main] [Log.java:16] - ****************************************************************************************
2020-07-01 17:20:19,107[INFO ] [main] [Log.java:17] - $$$$$$$$$$$$$$$$$$$$$                -S--T--A--R--T PerformTask2       $$$$$$$$$$$$$$$$$$$$$$$$$
2020-07-01 17:20:19,107[INFO ] [main] [Log.java:18] - ****************************************************************************************
2020-07-01 17:20:19,108[INFO ] [main] [Log.java:19] - ****************************************************************************************
2020-07-01 17:20:19,305[DEBUG] [main] [MainDriver.java:139] - Opening browser
2020-07-01 17:20:35,231[INFO ] [main] [AutomateIOTest.java:59] - Fetching the login credentials..
2020-07-01 17:20:35,240[INFO ] [main] [ServicesKeywords.java:55] - Loading URL :https://api.automate.io/auth/login
2020-07-01 17:20:35,240[INFO ] [main] [ServicesKeywords.java:56] - Request is :Login
2020-07-01 17:20:35,241[INFO ] [main] [ServicesKeywords.java:62] - Successfully loaded Below request:
{
  "email": "${emailID}",
  "password": "${password}"
}
2020-07-01 17:20:35,247[INFO ] [main] [ServicesKeywords.java:66] - ---------------------------------------------------------------------------------------
2020-07-01 17:20:35,247[INFO ] [main] [ServicesKeywords.java:111] - Substituting Key:emailID --> Value:raviauto09@gmail.com
2020-07-01 17:20:35,247[INFO ] [main] [ServicesKeywords.java:113] - Substituted payLoad is:{"email": "raviauto09@gmail.com", "password": "${password}"}
2020-07-01 17:20:35,248[INFO ] [main] [ServicesKeywords.java:114] - ---------------------------------------------------------------------------------------
2020-07-01 17:20:35,248[INFO ] [main] [ServicesKeywords.java:111] - Substituting Key:password --> Value:2589243m
2020-07-01 17:20:35,248[INFO ] [main] [ServicesKeywords.java:113] - Substituted payLoad is:{"email": "raviauto09@gmail.com", "password": "2589243m"}
2020-07-01 17:20:35,249[INFO ] [main] [ServicesKeywords.java:114] - ---------------------------------------------------------------------------------------
2020-07-01 17:20:35,249[INFO ] [main] [ServicesKeywords.java:94] - Substituting header:Content-Type:application/json
2020-07-01 17:20:35,249[INFO ] [main] [ServicesKeywords.java:95] - ---------------------------------------------------------------------------------------
2020-07-01 17:20:35,250[INFO ] [main] [ServicesKeywords.java:94] - Substituting header:Accept:application/json
2020-07-01 17:20:35,251[INFO ] [main] [ServicesKeywords.java:95] - ---------------------------------------------------------------------------------------
2020-07-01 17:20:35,251[INFO ] [main] [ServicesKeywords.java:94] - Substituting header:User-Agent:Mozilla/5.0 (X11; Linux x86_64) AppleWebKit/537.36 (KHTML, like Gecko) Chrome/79.0.3945.130 Safari/537.36
2020-07-01 17:20:35,251[INFO ] [main] [ServicesKeywords.java:95] - ---------------------------------------------------------------------------------------
2020-07-01 17:20:35,252[INFO ] [main] [ServicesKeywords.java:131] - ---------------------------------------------------------------------------------------
2020-07-01 17:20:35,252[INFO ] [main] [ServicesKeywords.java:132] - Posting Request to URL:https://api.automate.io/auth/login
2020-07-01 17:20:37,237[INFO ] [main] [ServicesKeywords.java:138] - Response Code from the Server is:[200]
2020-07-01 17:20:37,238[INFO ] [main] [ServicesKeywords.java:140] - Response from Server is:
{
  "data": {
    "name": "Ravindra Kumar"
  },
  "status": "success"
}
2020-07-01 17:20:37,238[INFO ] [main] [ServicesKeywords.java:142] - ---------------------------------------------------------------------------------------
2020-07-01 17:20:40,252[INFO ] [main] [ServicesKeywords.java:193] - Servercode Matched
2020-07-01 17:20:40,377[INFO ] [main] [ServicesKeywords.java:222] - Response value fetched using Xpath [$.status] is [success]
2020-07-01 17:20:40,377[INFO ] [main] [ServicesKeywords.java:225] - Response Validation: Matched- Actual[success] ---> Expected[success]
2020-07-01 17:20:40,377[INFO ] [main] [ServicesKeywords.java:226] - ---------------------------------------------------------------------------------------
2020-07-01 17:20:40,378[ERROR] [main] [ServicesKeywords.java:308] - Exception Occurred:[Ljava.lang.StackTraceElement;@50b0bc4c
2020-07-01 17:20:40,378[ERROR] [main] [ServicesKeywords.java:309] - 
2020-07-01 17:20:40,378[INFO ] [main] [ServicesKeywords.java:310] - ---------------------------------------------------------------------------------------
2020-07-01 17:20:40,378[INFO ] [main] [AutomateIOTest.java:89] - {}
2020-07-01 17:20:40,378[INFO ] [main] [AutomateIOTest.java:93] - TestStep 1:Login to application
2020-07-01 17:20:40,382[DEBUG] [main] [WebKeywords.java:378] - Writing in text box:txtEmailID
2020-07-01 17:20:40,515[INFO ] [main] [XMLObjectRepository_Web.java:106] - Locator Value :By.id: email
2020-07-01 17:20:40,600[INFO ] [main] [XMLObjectRepository_Web.java:106] - Locator Value :By.id: email
2020-07-01 17:20:40,787[DEBUG] [main] [WebKeywords.java:378] - Writing in text box:txtPassword
2020-07-01 17:20:40,789[INFO ] [main] [XMLObjectRepository_Web.java:106] - Locator Value :By.id: password
2020-07-01 17:20:40,837[INFO ] [main] [XMLObjectRepository_Web.java:106] - Locator Value :By.id: password
2020-07-01 17:20:40,940[DEBUG] [main] [WebKeywords.java:345] - Clicking on any element
2020-07-01 17:20:40,942[INFO ] [main] [XMLObjectRepository_Web.java:102] - Locator Value :By.xpath: //button[text()='LOGIN']
2020-07-01 17:20:40,977[INFO ] [main] [XMLObjectRepository_Web.java:102] - Locator Value :By.xpath: //button[text()='LOGIN']
2020-07-01 17:20:41,091[DEBUG] [main] [WebKeywords.java:354] - Clicking Action Success.
2020-07-01 17:20:41,097[DEBUG] [main] [WebKeywords.java:1360] - Waiting for an element to be visible for 30Secs..
2020-07-01 17:20:41,100[INFO ] [main] [XMLObjectRepository_Web.java:116] - Locator Value :By.linkText: Create a Bot
2020-07-01 17:20:44,313[INFO ] [main] [WebKeywords.java:1372] - Element is visible..
2020-07-01 17:20:45,934[INFO ] [main] [ServicesKeywords.java:55] - Loading URL :https://api.automate.io/workflows
2020-07-01 17:20:45,934[INFO ] [main] [ServicesKeywords.java:56] - Request is :CreateBot
2020-07-01 17:20:45,935[INFO ] [main] [ServicesKeywords.java:62] - Successfully loaded Below request:
{
  "actions": [
    {
      "id": "aio_w_k5yxbb1bai1np_5ef8ea6a1645f56c03223643_send_mail",
      "params": [
        {
          "data": {
            "value": "plain"
          },
          "dataType": "string",
          "id": "contentType",
          "inputType": "select",
          "datatype": "string",
          "required": true,
          "value": "plain"
        },
        {
          "id": "fromName",
          "inputType": "input",
          "data": {
            "value": "[[{\"activityId\":\"aio_w_1hqn3znfzyye_5ef8ea6a1645f56c03223643_new_email\",\"appId\":\"gmail\",\"fieldId\":\"fromName\",\"fieldName\":\"From Name\"}]]"
          },
          "datatype": "string",
          "required": false,
          "value": "[[{\"activityId\":\"aio_w_1hqn3znfzyye_5ef8ea6a1645f56c03223643_new_email\",\"appId\":\"gmail\",\"fieldId\":\"fromName\",\"fieldName\":\"From Name\"}]]"
        },
        {
          "id": "from",
          "inputType": "input",
          "data": {
            "value": "[[{\"activityId\":\"aio_w_1hqn3znfzyye_5ef8ea6a1645f56c03223643_new_email\",\"appId\":\"gmail\",\"fieldId\":\"toEmail\",\"fieldName\":\"To Email\"}]]"
          },
          "datatype": "string",
          "required": false,
          "value": "[[{\"activityId\":\"aio_w_1hqn3znfzyye_5ef8ea6a1645f56c03223643_new_email\",\"appId\":\"gmail\",\"fieldId\":\"toEmail\",\"fieldName\":\"To Email\"}]]"
        },
        {
          "id": "toName",
          "inputType": "input",
          "data": {
            "value": "Ravindra Kumar"
          },
          "datatype": "string",
          "required": false,
          "value": "Ravindra Kumar"
        },
        {
          "id": "to",
          "inputType": "multiinput",
          "data": [
            {
              "id": "0",
              "value": "tewst@gmail.com"
            }
          ],
          "datatype": "string",
          "required": false
        },
        {
          "id": "subject",
          "inputType": "input",
          "data": {
            "value": "[[{\"activityId\":\"aio_w_1hqn3znfzyye_5ef8ea6a1645f56c03223643_new_email\",\"appId\":\"gmail\",\"fieldId\":\"Subject\",\"fieldName\":\"Subject\"}]]"
          },
          "datatype": "string",
          "required": true,
          "value": "[[{\"activityId\":\"aio_w_1hqn3znfzyye_5ef8ea6a1645f56c03223643_new_email\",\"appId\":\"gmail\",\"fieldId\":\"Subject\",\"fieldName\":\"Subject\"}]]"
        },
        {
          "id": "email_body",
          "inputType": "input",
          "data": {
            "value": "[[{\"activityId\":\"aio_w_1hqn3znfzyye_5ef8ea6a1645f56c03223643_new_email\",\"appId\":\"gmail\",\"fieldId\":\"body\",\"fieldName\":\"Body\"}]]"
          },
          "datatype": "string",
          "required": true,
          "value": "[[{\"activityId\":\"aio_w_1hqn3znfzyye_5ef8ea6a1645f56c03223643_new_email\",\"appId\":\"gmail\",\"fieldId\":\"body\",\"fieldName\":\"Body\"}]]"
        }
      ],
      "appId": "56bdb323f3e0ce2491d66197",
      "userappId": "5ef8ea6a1645f56c03223643",
      "parsedSampleData": [],
      "sampleData": {},
      "actionId": "send_mail",
      "dynamicResponseFields": []
    }
  ],
  "name": "Gmail - New Email",
  "status": "disabled",
  "trigger": {
    "id": "aio_w_1hqn3znfzyye_5ef8ea6a1645f56c03223643_new_email",
    "params": [
      {
        "id": "label",
        "inputType": "select",
        "data": {
          "isCustom": false,
          "name": "INBOX",
          "value": "INBOX"
        },
        "datatype": "string",
        "required": true,
        "value": "INBOX"
      }
    ],
    "appId": "56bdb323f3e0ce2491d66197",
    "userappId": "5ef8ea6a1645f56c03223643",
    "parsedSampleData": [],
    "sampleData": {},
    "triggerId": "new_email",
    "dynamicResponseFields": []
  },
  "version": "1.1",
  "webhookStatus": "disabled"
}
2020-07-01 17:20:45,935[INFO ] [main] [ServicesKeywords.java:66] - ---------------------------------------------------------------------------------------
2020-07-01 17:20:45,936[INFO ] [main] [ServicesKeywords.java:94] - Substituting header:Content-Type:application/json
2020-07-01 17:20:45,936[INFO ] [main] [ServicesKeywords.java:95] - ---------------------------------------------------------------------------------------
2020-07-01 17:20:45,936[INFO ] [main] [ServicesKeywords.java:94] - Substituting header:Accept:application/json
2020-07-01 17:20:45,936[INFO ] [main] [ServicesKeywords.java:95] - ---------------------------------------------------------------------------------------
2020-07-01 17:20:45,936[INFO ] [main] [ServicesKeywords.java:94] - Substituting header:User-Agent:Mozilla/5.0 (X11; Linux x86_64) AppleWebKit/537.36 (KHTML, like Gecko) Chrome/79.0.3945.130 Safari/537.36
2020-07-01 17:20:45,936[INFO ] [main] [ServicesKeywords.java:95] - ---------------------------------------------------------------------------------------
2020-07-01 17:20:45,936[INFO ] [main] [ServicesKeywords.java:94] - Substituting header:x-xsrf-token:HNbMzef5-CEVOUQXqp1F7hZyBaedN4ZqTD_U
2020-07-01 17:20:45,937[INFO ] [main] [ServicesKeywords.java:95] - ---------------------------------------------------------------------------------------
2020-07-01 17:20:45,937[INFO ] [main] [ServicesKeywords.java:94] - Substituting header:Cookie:;_hjAbsoluteSessionInProgress=1;__stripe_sid=5b20d2fc-8fcc-4f59-9f5a-fb98d07d4d5d;intercom-id-mqa5mwh7=882252c7-e194-462f-94c7-2b72c858684c;_hjid=1ab04e95-62f5-4de1-bf2b-7e44646edc62;_ga=GA1.2.237280822.1593604230;XSRF-TOKEN=HNbMzef5-CEVOUQXqp1F7hZyBaedN4ZqTD_U;intercom-session-mqa5mwh7=;_csrf=h-6gopJZN7tV8irTrMvRl7Xw;mp_cbd34858df3ce780f2f7ecbd10436dc6_mixpanel=%7B%22distinct_id%22%3A%20%22raviauto09%40gmail.com%22%2C%22%24device_id%22%3A%20%221730a36c826111-0e6a3c72bd3d93-4353760-100200-1730a36c8276ab%22%2C%22%24initial_referrer%22%3A%20%22%24direct%22%2C%22%24initial_referring_domain%22%3A%20%22%24direct%22%2C%22%24user_id%22%3A%20%22raviauto09%40gmail.com%22%7D;_gat_gtag_UA_63343321_2=1;_gid=GA1.2.325481683.1593604230;__stripe_mid=85118634-259d-4cae-b2ca-3184d5bb805c
2020-07-01 17:20:45,937[INFO ] [main] [ServicesKeywords.java:95] - ---------------------------------------------------------------------------------------
2020-07-01 17:20:45,937[INFO ] [main] [ServicesKeywords.java:131] - ---------------------------------------------------------------------------------------
2020-07-01 17:20:45,937[INFO ] [main] [ServicesKeywords.java:132] - Posting Request to URL:https://api.automate.io/workflows
2020-07-01 17:20:47,446[INFO ] [main] [ServicesKeywords.java:138] - Response Code from the Server is:[401]
2020-07-01 17:20:47,447[INFO ] [main] [ServicesKeywords.java:140] - Response from Server is:
{
  "error": {
    "message": "Not a valid User or SessionId!"
  },
  "status": "error"
}
2020-07-01 17:20:47,447[INFO ] [main] [ServicesKeywords.java:142] - ---------------------------------------------------------------------------------------
2020-07-01 17:20:50,449[ERROR] [main] [ServicesKeywords.java:196] - Server code did not matched: Expected[200] ---> Actual[401]
2020-07-01 17:20:50,459[ERROR] [main] [TestListener.java:30] - ***** Error PerformTask2 test has failed *****
2020-07-01 17:20:50,461[ERROR] [main] [TestListener.java:42] - Closing Driver Object:ChromeDriver: chrome on XP (null)
2020-07-01 17:20:50,474[ERROR] [main] [TestListener.java:78] - Closing the driver...ChromeDriver: chrome on XP (null)
2020-07-01 17:20:50,531[INFO ] [main] [TestListener.java:191] - ****************** End of the Suite [AutomateIOTest] ************************
2020-07-01 17:20:50,757[INFO ] [main] [Executor.java:461] - ************ [Total Execution Time-0:0:50] *******************]
