2020-06-30 23:18:07,947[INFO ] [main] [MainDriver.java:75] - Creating object repository object....
2020-06-30 23:18:07,957[INFO ] [main] [Log.java:15] - ****************************************************************************************
2020-06-30 23:18:07,957[INFO ] [main] [Log.java:16] - ****************************************************************************************
2020-06-30 23:18:07,958[INFO ] [main] [Log.java:17] - $$$$$$$$$$$$$$$$$$$$$                -S--T--A--R--T AutomateIOTest       $$$$$$$$$$$$$$$$$$$$$$$$$
2020-06-30 23:18:07,958[INFO ] [main] [Log.java:18] - ****************************************************************************************
2020-06-30 23:18:07,959[INFO ] [main] [Log.java:19] - ****************************************************************************************
2020-06-30 23:18:07,984[INFO ] [main] [Log.java:15] - ****************************************************************************************
2020-06-30 23:18:07,984[INFO ] [main] [Log.java:16] - ****************************************************************************************
2020-06-30 23:18:07,985[INFO ] [main] [Log.java:17] - $$$$$$$$$$$$$$$$$$$$$                -S--T--A--R--T PerformTask2       $$$$$$$$$$$$$$$$$$$$$$$$$
2020-06-30 23:18:07,985[INFO ] [main] [Log.java:18] - ****************************************************************************************
2020-06-30 23:18:07,985[INFO ] [main] [Log.java:19] - ****************************************************************************************
2020-06-30 23:18:08,116[DEBUG] [main] [MainDriver.java:139] - Opening browser
2020-06-30 23:18:22,895[INFO ] [main] [AutomateIOTest.java:57] - Fetching the login credentials..
2020-06-30 23:18:22,903[INFO ] [main] [AutomateIOTest.java:61] - TestStep 1:Login to application
2020-06-30 23:18:22,915[DEBUG] [main] [WebKeywords.java:378] - Writing in text box:txtEmailID
2020-06-30 23:18:23,046[INFO ] [main] [XMLObjectRepository_Web.java:106] - Locator Value :By.id: email
2020-06-30 23:18:23,113[INFO ] [main] [XMLObjectRepository_Web.java:106] - Locator Value :By.id: email
2020-06-30 23:18:23,290[DEBUG] [main] [WebKeywords.java:378] - Writing in text box:txtPassword
2020-06-30 23:18:23,292[INFO ] [main] [XMLObjectRepository_Web.java:106] - Locator Value :By.id: password
2020-06-30 23:18:23,333[INFO ] [main] [XMLObjectRepository_Web.java:106] - Locator Value :By.id: password
2020-06-30 23:18:23,435[DEBUG] [main] [WebKeywords.java:345] - Clicking on any element
2020-06-30 23:18:23,437[INFO ] [main] [XMLObjectRepository_Web.java:102] - Locator Value :By.xpath: //button[text()='LOGIN']
2020-06-30 23:18:23,492[INFO ] [main] [XMLObjectRepository_Web.java:102] - Locator Value :By.xpath: //button[text()='LOGIN']
2020-06-30 23:18:23,600[DEBUG] [main] [WebKeywords.java:354] - Clicking Action Success.
2020-06-30 23:18:23,604[DEBUG] [main] [WebKeywords.java:1360] - Waiting for an element to be visible for 30Secs..
2020-06-30 23:18:23,608[INFO ] [main] [XMLObjectRepository_Web.java:116] - Locator Value :By.linkText: Create a Bot
2020-06-30 23:18:26,084[INFO ] [main] [WebKeywords.java:1372] - Element is visible..
2020-06-30 23:18:27,402[INFO ] [main] [ServicesKeywords.java:55] - Loading URL :https://api.automate.io/auth/login
2020-06-30 23:18:27,402[INFO ] [main] [ServicesKeywords.java:56] - Request is :Login
2020-06-30 23:18:27,403[INFO ] [main] [ServicesKeywords.java:62] - Successfully loaded Below request:
{
  "email": "${emailID}",
  "password": "${password}"
}
2020-06-30 23:18:27,405[INFO ] [main] [ServicesKeywords.java:66] - ---------------------------------------------------------------------------------------
2020-06-30 23:18:27,405[INFO ] [main] [ServicesKeywords.java:111] - Substituting Key:emailID --> Value:raviauto09@gmail.com
2020-06-30 23:18:27,405[INFO ] [main] [ServicesKeywords.java:113] - Substituted payLoad is:{"email": "raviauto09@gmail.com", "password": "${password}"}
2020-06-30 23:18:27,405[INFO ] [main] [ServicesKeywords.java:114] - ---------------------------------------------------------------------------------------
2020-06-30 23:18:27,405[INFO ] [main] [ServicesKeywords.java:111] - Substituting Key:password --> Value:2589243m
2020-06-30 23:18:27,405[INFO ] [main] [ServicesKeywords.java:113] - Substituted payLoad is:{"email": "raviauto09@gmail.com", "password": "2589243m"}
2020-06-30 23:18:27,406[INFO ] [main] [ServicesKeywords.java:114] - ---------------------------------------------------------------------------------------
2020-06-30 23:18:27,406[INFO ] [main] [ServicesKeywords.java:94] - Substituting header:Content-Type:application/json
2020-06-30 23:18:27,406[INFO ] [main] [ServicesKeywords.java:95] - ---------------------------------------------------------------------------------------
2020-06-30 23:18:27,407[INFO ] [main] [ServicesKeywords.java:94] - Substituting header:Accept:application/json
2020-06-30 23:18:27,407[INFO ] [main] [ServicesKeywords.java:95] - ---------------------------------------------------------------------------------------
2020-06-30 23:18:27,407[INFO ] [main] [ServicesKeywords.java:94] - Substituting header:User-Agent:Mozilla/5.0 (X11; Linux x86_64) AppleWebKit/537.36 (KHTML, like Gecko) Chrome/79.0.3945.130 Safari/537.36
2020-06-30 23:18:27,407[INFO ] [main] [ServicesKeywords.java:95] - ---------------------------------------------------------------------------------------
2020-06-30 23:18:27,407[INFO ] [main] [ServicesKeywords.java:131] - ---------------------------------------------------------------------------------------
2020-06-30 23:18:27,407[INFO ] [main] [ServicesKeywords.java:132] - Posting Request to URL:https://api.automate.io/auth/login
2020-06-30 23:18:29,840[INFO ] [main] [ServicesKeywords.java:138] - Response Code from the Server is:[200]
2020-06-30 23:18:29,840[INFO ] [main] [ServicesKeywords.java:140] - Response from Server is:
{
  "data": {
    "name": "Ravindra Kumar"
  },
  "status": "success"
}
2020-06-30 23:18:29,841[INFO ] [main] [ServicesKeywords.java:142] - ---------------------------------------------------------------------------------------
2020-06-30 23:18:32,855[INFO ] [main] [ServicesKeywords.java:193] - Servercode Matched
2020-06-30 23:18:32,929[INFO ] [main] [ServicesKeywords.java:222] - Response value fetched using Xpath [$.status] is [success]
2020-06-30 23:18:32,929[INFO ] [main] [ServicesKeywords.java:225] - Response Validation: Matched- Actual[success] ---> Expected[success]
2020-06-30 23:18:32,929[INFO ] [main] [ServicesKeywords.java:226] - ---------------------------------------------------------------------------------------
2020-06-30 23:18:32,930[INFO ] [main] [AutomateIOTest.java:100] - {xsrfToken=HozIm8Uw-xAedJLDfmpPagx1ERy1h9Im4V4Q}
2020-06-30 23:18:32,930[INFO ] [main] [ServicesKeywords.java:55] - Loading URL :https://api.automate.io/workflows
2020-06-30 23:18:32,930[INFO ] [main] [ServicesKeywords.java:56] - Request is :Login
2020-06-30 23:18:32,930[INFO ] [main] [ServicesKeywords.java:62] - Successfully loaded Below request:
{
  "email": "${emailID}",
  "password": "${password}"
}
2020-06-30 23:18:32,930[INFO ] [main] [ServicesKeywords.java:66] - ---------------------------------------------------------------------------------------
2020-06-30 23:18:32,931[INFO ] [main] [ServicesKeywords.java:94] - Substituting header:Content-Type:application/json
2020-06-30 23:18:32,931[INFO ] [main] [ServicesKeywords.java:95] - ---------------------------------------------------------------------------------------
2020-06-30 23:18:32,931[INFO ] [main] [ServicesKeywords.java:94] - Substituting header:Accept:application/json
2020-06-30 23:18:32,931[INFO ] [main] [ServicesKeywords.java:95] - ---------------------------------------------------------------------------------------
2020-06-30 23:18:32,932[INFO ] [main] [ServicesKeywords.java:94] - Substituting header:User-Agent:Mozilla/5.0 (X11; Linux x86_64) AppleWebKit/537.36 (KHTML, like Gecko) Chrome/79.0.3945.130 Safari/537.36
2020-06-30 23:18:32,932[INFO ] [main] [ServicesKeywords.java:95] - ---------------------------------------------------------------------------------------
2020-06-30 23:18:32,932[INFO ] [main] [ServicesKeywords.java:94] - Substituting header:x-xsrf-token:HozIm8Uw-xAedJLDfmpPagx1ERy1h9Im4V4Q
2020-06-30 23:18:32,932[INFO ] [main] [ServicesKeywords.java:95] - ---------------------------------------------------------------------------------------
2020-06-30 23:18:32,938[ERROR] [main] [TestListener.java:30] - ***** Error PerformTask2 test has failed *****
2020-06-30 23:18:32,939[ERROR] [main] [TestListener.java:42] - Closing Driver Object:ChromeDriver: chrome on XP (null)
2020-06-30 23:18:32,943[ERROR] [main] [TestListener.java:78] - Closing the driver...ChromeDriver: chrome on XP (null)
2020-06-30 23:18:32,971[INFO ] [main] [TestListener.java:191] - ****************** End of the Suite [AutomateIOTest] ************************
2020-06-30 23:18:33,201[INFO ] [main] [Executor.java:461] - ************ [Total Execution Time-0:0:28] *******************]
