2020-06-29 13:29:16,216[INFO ] [main] [MainDriver.java:75] - Creating object repository object....
2020-06-29 13:29:16,225[INFO ] [main] [Log.java:15] - ****************************************************************************************
2020-06-29 13:29:16,226[INFO ] [main] [Log.java:16] - ****************************************************************************************
2020-06-29 13:29:16,226[INFO ] [main] [Log.java:17] - $$$$$$$$$$$$$$$$$$$$$                -S--T--A--R--T AutomateIOTest       $$$$$$$$$$$$$$$$$$$$$$$$$
2020-06-29 13:29:16,226[INFO ] [main] [Log.java:18] - ****************************************************************************************
2020-06-29 13:29:16,227[INFO ] [main] [Log.java:19] - ****************************************************************************************
2020-06-29 13:29:16,252[INFO ] [main] [Log.java:15] - ****************************************************************************************
2020-06-29 13:29:16,252[INFO ] [main] [Log.java:16] - ****************************************************************************************
2020-06-29 13:29:16,253[INFO ] [main] [Log.java:17] - $$$$$$$$$$$$$$$$$$$$$                -S--T--A--R--T PerformTask1       $$$$$$$$$$$$$$$$$$$$$$$$$
2020-06-29 13:29:16,253[INFO ] [main] [Log.java:18] - ****************************************************************************************
2020-06-29 13:29:16,253[INFO ] [main] [Log.java:19] - ****************************************************************************************
2020-06-29 13:29:16,370[DEBUG] [main] [MainDriver.java:139] - Opening browser
2020-06-29 13:29:34,257[INFO ] [main] [AutomateIOTest.java:30] - Fetching the login credentials..
2020-06-29 13:29:34,264[INFO ] [main] [AutomateIOTest.java:35] - TestStep 1:Login to application
2020-06-29 13:29:34,264[DEBUG] [main] [WebKeywords.java:378] - Writing in text box:txtEmailID
2020-06-29 13:29:34,355[INFO ] [main] [XMLObjectRepository_Web.java:106] - Locator Value :By.id: email
2020-06-29 13:29:34,440[INFO ] [main] [XMLObjectRepository_Web.java:106] - Locator Value :By.id: email
2020-06-29 13:29:34,617[DEBUG] [main] [WebKeywords.java:378] - Writing in text box:txtPassword
2020-06-29 13:29:34,619[INFO ] [main] [XMLObjectRepository_Web.java:106] - Locator Value :By.id: password
2020-06-29 13:29:34,664[INFO ] [main] [XMLObjectRepository_Web.java:106] - Locator Value :By.id: password
2020-06-29 13:29:34,756[DEBUG] [main] [WebKeywords.java:345] - Clicking on any element
2020-06-29 13:29:34,759[INFO ] [main] [XMLObjectRepository_Web.java:102] - Locator Value :By.xpath: //button[text()='LOGIN']
2020-06-29 13:29:34,818[INFO ] [main] [XMLObjectRepository_Web.java:102] - Locator Value :By.xpath: //button[text()='LOGIN']
2020-06-29 13:29:34,897[DEBUG] [main] [WebKeywords.java:354] - Clicking Action Success.
2020-06-29 13:29:34,900[DEBUG] [main] [WebKeywords.java:1360] - Waiting for an element to be visible for 30Secs..
2020-06-29 13:29:34,902[INFO ] [main] [XMLObjectRepository_Web.java:116] - Locator Value :By.linkText: Create a Bot
2020-06-29 13:29:38,130[INFO ] [main] [WebKeywords.java:1372] - Element is visible..
2020-06-29 13:29:38,133[INFO ] [main] [AutomateIOTest.java:37] - TestStep 1: PASSED
2020-06-29 13:29:38,133[INFO ] [main] [AutomateIOTest.java:39] - TestStep 2:Create a bot that sends an email to another Gmail account (input: to-email)
2020-06-29 13:29:38,133[DEBUG] [main] [WebKeywords.java:345] - Clicking on any element
2020-06-29 13:29:38,135[INFO ] [main] [XMLObjectRepository_Web.java:116] - Locator Value :By.linkText: Create a Bot
2020-06-29 13:29:38,245[INFO ] [main] [XMLObjectRepository_Web.java:116] - Locator Value :By.linkText: Create a Bot
2020-06-29 13:29:38,419[DEBUG] [main] [WebKeywords.java:354] - Clicking Action Success.
2020-06-29 13:29:38,420[DEBUG] [main] [WebKeywords.java:1360] - Waiting for an element to be visible for 30Secs..
2020-06-29 13:29:38,422[INFO ] [main] [XMLObjectRepository_Web.java:102] - Locator Value :By.xpath: //h5[text()='Connected Apps']/../following-sibling::div[1]//span[text()='Gmail']
2020-06-29 13:29:39,421[INFO ] [main] [WebKeywords.java:1372] - Element is visible..
2020-06-29 13:29:39,421[DEBUG] [main] [WebKeywords.java:345] - Clicking on any element
2020-06-29 13:29:39,424[INFO ] [main] [XMLObjectRepository_Web.java:102] - Locator Value :By.xpath: //h5[text()='Connected Apps']/../following-sibling::div[1]//span[text()='Gmail']
2020-06-29 13:29:39,455[INFO ] [main] [XMLObjectRepository_Web.java:102] - Locator Value :By.xpath: //h5[text()='Connected Apps']/../following-sibling::div[1]//span[text()='Gmail']
2020-06-29 13:29:39,620[DEBUG] [main] [WebKeywords.java:354] - Clicking Action Success.
2020-06-29 13:29:39,620[DEBUG] [main] [WebKeywords.java:378] - Writing in text box:txtTriggerEvent
2020-06-29 13:29:39,623[INFO ] [main] [XMLObjectRepository_Web.java:102] - Locator Value :By.xpath: //span[text()='Select the trigger event']/../following-sibling::ul//form/input
2020-06-29 13:29:40,847[INFO ] [main] [XMLObjectRepository_Web.java:102] - Locator Value :By.xpath: //span[text()='Select the trigger event']/../following-sibling::ul//form/input
2020-06-29 13:29:40,983[DEBUG] [main] [WebKeywords.java:345] - Clicking on any element
2020-06-29 13:29:40,986[INFO ] [main] [XMLObjectRepository_Web.java:102] - Locator Value :By.xpath: //div[@title='New Email']
2020-06-29 13:29:41,023[INFO ] [main] [XMLObjectRepository_Web.java:102] - Locator Value :By.xpath: //div[@title='New Email']
2020-06-29 13:29:41,152[DEBUG] [main] [WebKeywords.java:354] - Clicking Action Success.
2020-06-29 13:29:41,152[DEBUG] [main] [WebKeywords.java:345] - Clicking on any element
2020-06-29 13:29:41,156[INFO ] [main] [XMLObjectRepository_Web.java:102] - Locator Value :By.xpath: //small[text()='Gmail folder in which to look for New Email.']/preceding-sibling::div[1]
2020-06-29 13:29:41,307[INFO ] [main] [XMLObjectRepository_Web.java:102] - Locator Value :By.xpath: //small[text()='Gmail folder in which to look for New Email.']/preceding-sibling::div[1]
2020-06-29 13:29:41,417[DEBUG] [main] [WebKeywords.java:354] - Clicking Action Success.
2020-06-29 13:29:41,417[DEBUG] [main] [WebKeywords.java:378] - Writing in text box:txtFolderSearch
2020-06-29 13:29:41,420[INFO ] [main] [XMLObjectRepository_Web.java:102] - Locator Value :By.xpath: //small[text()='Gmail folder in which to look for New Email.']/preceding-sibling::div[1]//input
2020-06-29 13:29:42,043[INFO ] [main] [XMLObjectRepository_Web.java:102] - Locator Value :By.xpath: //small[text()='Gmail folder in which to look for New Email.']/preceding-sibling::div[1]//input
2020-06-29 13:29:42,213[DEBUG] [main] [WebKeywords.java:1360] - Waiting for an element to be visible for 30Secs..
2020-06-29 13:29:42,215[INFO ] [main] [XMLObjectRepository_Web.java:102] - Locator Value :By.xpath: //div[@title='INBOX']
2020-06-29 13:29:42,297[INFO ] [main] [WebKeywords.java:1372] - Element is visible..
2020-06-29 13:29:42,297[DEBUG] [main] [WebKeywords.java:345] - Clicking on any element
2020-06-29 13:29:42,299[INFO ] [main] [XMLObjectRepository_Web.java:102] - Locator Value :By.xpath: //div[@title='INBOX']
2020-06-29 13:29:42,334[INFO ] [main] [XMLObjectRepository_Web.java:102] - Locator Value :By.xpath: //div[@title='INBOX']
2020-06-29 13:29:42,459[DEBUG] [main] [WebKeywords.java:354] - Clicking Action Success.
2020-06-29 13:29:42,459[DEBUG] [main] [WebKeywords.java:1360] - Waiting for an element to be visible for 30Secs..
2020-06-29 13:29:42,462[INFO ] [main] [XMLObjectRepository_Web.java:102] - Locator Value :By.xpath: //span[contains(text(),'Select')]
2020-06-29 13:29:42,531[INFO ] [main] [WebKeywords.java:1372] - Element is visible..
2020-06-29 13:29:42,531[DEBUG] [main] [WebKeywords.java:345] - Clicking on any element
2020-06-29 13:29:42,534[INFO ] [main] [XMLObjectRepository_Web.java:102] - Locator Value :By.xpath: //span[contains(text(),'Select')]
2020-06-29 13:29:42,566[INFO ] [main] [XMLObjectRepository_Web.java:102] - Locator Value :By.xpath: //span[contains(text(),'Select')]
2020-06-29 13:29:42,719[DEBUG] [main] [WebKeywords.java:354] - Clicking Action Success.
2020-06-29 13:29:42,720[DEBUG] [main] [WebKeywords.java:345] - Clicking on any element
2020-06-29 13:29:42,732[INFO ] [main] [XMLObjectRepository_Web.java:102] - Locator Value :By.xpath: (//aio-user-app-select-figure[@title='Gmail']//img[1])[2]
2020-06-29 13:29:42,820[INFO ] [main] [XMLObjectRepository_Web.java:102] - Locator Value :By.xpath: (//aio-user-app-select-figure[@title='Gmail']//img[1])[2]
2020-06-29 13:29:43,111[DEBUG] [main] [WebKeywords.java:354] - Clicking Action Success.
2020-06-29 13:29:43,112[DEBUG] [main] [WebKeywords.java:345] - Clicking on any element
2020-06-29 13:29:43,115[INFO ] [main] [XMLObjectRepository_Web.java:102] - Locator Value :By.xpath: //div[contains(text(),'Send an Email from your account')]
2020-06-29 13:29:43,197[INFO ] [main] [XMLObjectRepository_Web.java:102] - Locator Value :By.xpath: //div[contains(text(),'Send an Email from your account')]
2020-06-29 13:29:43,475[DEBUG] [main] [WebKeywords.java:354] - Clicking Action Success.
2020-06-29 13:29:43,476[DEBUG] [main] [WebKeywords.java:345] - Clicking on any element
2020-06-29 13:29:43,479[INFO ] [main] [XMLObjectRepository_Web.java:102] - Locator Value :By.xpath: //label[contains(text(),'From Name')]/../following-sibling::div[1]//button
2020-06-29 13:29:43,516[INFO ] [main] [XMLObjectRepository_Web.java:102] - Locator Value :By.xpath: //label[contains(text(),'From Name')]/../following-sibling::div[1]//button
2020-06-29 13:29:43,619[DEBUG] [main] [WebKeywords.java:354] - Clicking Action Success.
2020-06-29 13:29:43,619[DEBUG] [main] [WebKeywords.java:345] - Clicking on any element
2020-06-29 13:29:43,621[INFO ] [main] [XMLObjectRepository_Web.java:102] - Locator Value :By.xpath: (//div[text()='Input Fields']/following-sibling::div//span[text()='From Name'])[2]
2020-06-29 13:29:43,676[INFO ] [main] [XMLObjectRepository_Web.java:102] - Locator Value :By.xpath: (//div[text()='Input Fields']/following-sibling::div//span[text()='From Name'])[2]
2020-06-29 13:29:43,789[DEBUG] [main] [WebKeywords.java:354] - Clicking Action Success.
2020-06-29 13:29:43,790[DEBUG] [main] [WebKeywords.java:345] - Clicking on any element
2020-06-29 13:29:43,793[INFO ] [main] [XMLObjectRepository_Web.java:102] - Locator Value :By.xpath: //label[contains(text(),'From Address')]/../following-sibling::div[1]//button
2020-06-29 13:29:43,848[INFO ] [main] [XMLObjectRepository_Web.java:102] - Locator Value :By.xpath: //label[contains(text(),'From Address')]/../following-sibling::div[1]//button
2020-06-29 13:29:44,003[DEBUG] [main] [WebKeywords.java:354] - Clicking Action Success.
2020-06-29 13:29:44,004[DEBUG] [main] [WebKeywords.java:345] - Clicking on any element
2020-06-29 13:29:44,005[INFO ] [main] [XMLObjectRepository_Web.java:102] - Locator Value :By.xpath: (//div[text()='Input Fields']/following-sibling::div//span[text()='From Email'])[3]
2020-06-29 13:29:44,065[INFO ] [main] [XMLObjectRepository_Web.java:102] - Locator Value :By.xpath: (//div[text()='Input Fields']/following-sibling::div//span[text()='From Email'])[3]
2020-06-29 13:29:44,199[DEBUG] [main] [WebKeywords.java:354] - Clicking Action Success.
2020-06-29 13:29:44,199[DEBUG] [main] [WebKeywords.java:378] - Writing in text box:spnToNameTrigger
2020-06-29 13:29:44,202[INFO ] [main] [XMLObjectRepository_Web.java:102] - Locator Value :By.xpath: //label[contains(text(),'To Name')]/../following-sibling::div/div/div
2020-06-29 13:29:44,250[INFO ] [main] [XMLObjectRepository_Web.java:102] - Locator Value :By.xpath: //label[contains(text(),'To Name')]/../following-sibling::div/div/div
2020-06-29 13:29:44,400[DEBUG] [main] [WebKeywords.java:378] - Writing in text box:spnToAddressTrigger
2020-06-29 13:29:44,402[INFO ] [main] [XMLObjectRepository_Web.java:102] - Locator Value :By.xpath: //label[contains(text(),'To Addresses')]/../following-sibling::div/aio-content-editable/div/div/div
2020-06-29 13:29:44,455[INFO ] [main] [XMLObjectRepository_Web.java:102] - Locator Value :By.xpath: //label[contains(text(),'To Addresses')]/../following-sibling::div/aio-content-editable/div/div/div
2020-06-29 13:29:44,549[DEBUG] [main] [WebKeywords.java:345] - Clicking on any element
2020-06-29 13:29:44,551[INFO ] [main] [XMLObjectRepository_Web.java:102] - Locator Value :By.xpath: //label[contains(text(),'Subject')]/../following-sibling::div[1]//button
2020-06-29 13:29:44,595[INFO ] [main] [XMLObjectRepository_Web.java:102] - Locator Value :By.xpath: //label[contains(text(),'Subject')]/../following-sibling::div[1]//button
2020-06-29 13:29:44,728[DEBUG] [main] [WebKeywords.java:354] - Clicking Action Success.
2020-06-29 13:29:44,729[DEBUG] [main] [WebKeywords.java:345] - Clicking on any element
2020-06-29 13:29:44,731[INFO ] [main] [XMLObjectRepository_Web.java:102] - Locator Value :By.xpath: (//li[@class='data-item link-like']//div[@title='Subject']//i[text()='trigger'])[7]
2020-06-29 13:30:45,175[ERROR] [main] [WebKeywords.java:356] - org.openqa.selenium.TimeoutException: Expected condition failed: waiting for visibility of element located by By.xpath: (//li[@class='data-item link-like']//div[@title='Subject']//i[text()='trigger'])[7] (tried for 60 second(s) with 500 MILLISECONDS interval)
Build info: version: 'unknown', revision: 'unknown', time: 'unknown'
System info: host: 'DESKTOP-AT125D0', ip: '192.168.43.80', os.name: 'Windows 10', os.arch: 'amd64', os.version: '10.0', java.version: '1.8.0_241'
Driver info: org.openqa.selenium.chrome.ChromeDriver
Capabilities [{applicationCacheEnabled=false, rotatable=false, mobileEmulationEnabled=false, networkConnectionEnabled=false, chrome={chromedriverVersion=2.35.528161 (5b82f2d2aae0ca24b877009200ced9065a772e73), userDataDir=C:\Users\rkuma\AppData\Local\Temp\scoped_dir8580_3651}, takesHeapSnapshot=true, pageLoadStrategy=normal, databaseEnabled=false, handlesAlerts=true, hasTouchScreen=false, version=83.0.4103.116, platform=XP, browserConnectionEnabled=false, nativeEvents=true, acceptSslCerts=false, acceptInsecureCerts=false, locationContextEnabled=true, webStorageEnabled=true, browserName=chrome, takesScreenshot=true, javascriptEnabled=true, cssSelectorsEnabled=true, setWindowRect=true, unexpectedAlertBehaviour=}]
Session ID: 8430eea603ea2862d12f6b223bcdd3bb
2020-06-29 13:30:45,179[DEBUG] [main] [WebKeywords.java:345] - Clicking on any element
2020-06-29 13:30:45,186[INFO ] [main] [XMLObjectRepository_Web.java:102] - Locator Value :By.xpath: //label[contains(text(),'Email Body')]/../following-sibling::div[1]//button
2020-06-29 13:30:45,254[INFO ] [main] [XMLObjectRepository_Web.java:102] - Locator Value :By.xpath: //label[contains(text(),'Email Body')]/../following-sibling::div[1]//button
2020-06-29 13:30:45,322[ERROR] [main] [WebKeywords.java:356] - org.openqa.selenium.WebDriverException: unknown error: Element <button aiodropdowntoggle="" class="btn btn-default" data-toggle="dropdown" title="Add an output field">...</button> is not clickable at point (1000, 555). Other element would receive the click: <div class="data-items-wrapper">...</div>
  (Session info: chrome=83.0.4103.116)
  (Driver info: chromedriver=2.35.528161 (5b82f2d2aae0ca24b877009200ced9065a772e73),platform=Windows NT 10.0.19041 x86_64) (WARNING: The server did not provide any stacktrace information)
Command duration or timeout: 44 milliseconds
Build info: version: 'unknown', revision: 'unknown', time: 'unknown'
System info: host: 'DESKTOP-AT125D0', ip: '192.168.43.80', os.name: 'Windows 10', os.arch: 'amd64', os.version: '10.0', java.version: '1.8.0_241'
Driver info: org.openqa.selenium.chrome.ChromeDriver
Capabilities [{applicationCacheEnabled=false, rotatable=false, mobileEmulationEnabled=false, networkConnectionEnabled=false, chrome={chromedriverVersion=2.35.528161 (5b82f2d2aae0ca24b877009200ced9065a772e73), userDataDir=C:\Users\rkuma\AppData\Local\Temp\scoped_dir8580_3651}, takesHeapSnapshot=true, pageLoadStrategy=normal, databaseEnabled=false, handlesAlerts=true, hasTouchScreen=false, version=83.0.4103.116, platform=XP, browserConnectionEnabled=false, nativeEvents=true, acceptSslCerts=false, acceptInsecureCerts=false, locationContextEnabled=true, webStorageEnabled=true, browserName=chrome, takesScreenshot=true, javascriptEnabled=true, cssSelectorsEnabled=true, setWindowRect=true, unexpectedAlertBehaviour=}]
Session ID: 8430eea603ea2862d12f6b223bcdd3bb
2020-06-29 13:30:45,325[INFO ] [main] [XMLObjectRepository_Web.java:102] - Locator Value :By.xpath: (//li[@class='data-item link-like']//div[@title='Body']//i[text()='trigger'])[8]
2020-06-29 13:30:50,439[DEBUG] [main] [WebKeywords.java:345] - Clicking on any element
2020-06-29 13:30:50,444[INFO ] [main] [XMLObjectRepository_Web.java:102] - Locator Value :By.xpath: (//li[@class='data-item link-like']//div[@title='Body']//i[text()='trigger'])[8]
2020-06-29 13:31:37,852[INFO ] [main] [XMLObjectRepository_Web.java:102] - Locator Value :By.xpath: (//li[@class='data-item link-like']//div[@title='Body']//i[text()='trigger'])[8]
2020-06-29 13:31:38,019[DEBUG] [main] [WebKeywords.java:354] - Clicking Action Success.
2020-06-29 13:31:48,033[DEBUG] [main] [WebKeywords.java:273] - Closing the browser
2020-06-29 13:31:48,228[DEBUG] [main] [WebKeywords.java:311] - quiting the driver instance
2020-06-29 13:31:48,228[INFO ] [main] [WebKeywords.java:312] - 8430eea603ea2862d12f6b223bcdd3bb
2020-06-29 13:31:49,146[INFO ] [main] [TestListener.java:191] - ****************** End of the Suite [AutomateIOTest] ************************
2020-06-29 13:31:49,327[INFO ] [main] [Executor.java:461] - ************ [Total Execution Time-0:2:36] *******************]
