2020-07-01 00:29:56,366[INFO ] [main] [MainDriver.java:75] - Creating object repository object....
2020-07-01 00:29:56,376[INFO ] [main] [Log.java:15] - ****************************************************************************************
2020-07-01 00:29:56,376[INFO ] [main] [Log.java:16] - ****************************************************************************************
2020-07-01 00:29:56,376[INFO ] [main] [Log.java:17] - $$$$$$$$$$$$$$$$$$$$$                -S--T--A--R--T AutomateIOTest       $$$$$$$$$$$$$$$$$$$$$$$$$
2020-07-01 00:29:56,376[INFO ] [main] [Log.java:18] - ****************************************************************************************
2020-07-01 00:29:56,377[INFO ] [main] [Log.java:19] - ****************************************************************************************
2020-07-01 00:29:56,404[INFO ] [main] [Log.java:15] - ****************************************************************************************
2020-07-01 00:29:56,404[INFO ] [main] [Log.java:16] - ****************************************************************************************
2020-07-01 00:29:56,405[INFO ] [main] [Log.java:17] - $$$$$$$$$$$$$$$$$$$$$                -S--T--A--R--T PerformTask2       $$$$$$$$$$$$$$$$$$$$$$$$$
2020-07-01 00:29:56,405[INFO ] [main] [Log.java:18] - ****************************************************************************************
2020-07-01 00:29:56,405[INFO ] [main] [Log.java:19] - ****************************************************************************************
2020-07-01 00:29:56,529[DEBUG] [main] [MainDriver.java:139] - Opening browser
2020-07-01 00:30:11,685[INFO ] [main] [AutomateIOTest.java:59] - Fetching the login credentials..
2020-07-01 00:30:11,688[INFO ] [main] [AutomateIOTest.java:63] - TestStep 1:Login to application
2020-07-01 00:30:11,694[DEBUG] [main] [WebKeywords.java:378] - Writing in text box:txtEmailID
2020-07-01 00:30:11,815[INFO ] [main] [XMLObjectRepository_Web.java:106] - Locator Value :By.id: email
2020-07-01 00:30:11,889[INFO ] [main] [XMLObjectRepository_Web.java:106] - Locator Value :By.id: email
2020-07-01 00:30:12,063[DEBUG] [main] [WebKeywords.java:378] - Writing in text box:txtPassword
2020-07-01 00:30:12,066[INFO ] [main] [XMLObjectRepository_Web.java:106] - Locator Value :By.id: password
2020-07-01 00:30:12,107[INFO ] [main] [XMLObjectRepository_Web.java:106] - Locator Value :By.id: password
2020-07-01 00:30:12,209[DEBUG] [main] [WebKeywords.java:345] - Clicking on any element
2020-07-01 00:30:12,212[INFO ] [main] [XMLObjectRepository_Web.java:102] - Locator Value :By.xpath: //button[text()='LOGIN']
2020-07-01 00:30:12,265[INFO ] [main] [XMLObjectRepository_Web.java:102] - Locator Value :By.xpath: //button[text()='LOGIN']
2020-07-01 00:30:12,370[DEBUG] [main] [WebKeywords.java:354] - Clicking Action Success.
2020-07-01 00:30:12,374[DEBUG] [main] [WebKeywords.java:1360] - Waiting for an element to be visible for 30Secs..
2020-07-01 00:30:12,377[INFO ] [main] [XMLObjectRepository_Web.java:116] - Locator Value :By.linkText: Create a Bot
2020-07-01 00:30:15,186[INFO ] [main] [WebKeywords.java:1372] - Element is visible..
2020-07-01 00:30:20,839[INFO ] [main] [ServicesKeywords.java:55] - Loading URL :https://api.automate.io/auth/login
2020-07-01 00:30:20,839[INFO ] [main] [ServicesKeywords.java:56] - Request is :Login
2020-07-01 00:30:20,840[INFO ] [main] [ServicesKeywords.java:62] - Successfully loaded Below request:
{
  "email": "${emailID}",
  "password": "${password}"
}
2020-07-01 00:30:20,842[INFO ] [main] [ServicesKeywords.java:66] - ---------------------------------------------------------------------------------------
2020-07-01 00:30:20,842[INFO ] [main] [ServicesKeywords.java:111] - Substituting Key:emailID --> Value:raviauto09@gmail.com
2020-07-01 00:30:20,842[INFO ] [main] [ServicesKeywords.java:113] - Substituted payLoad is:{"email": "raviauto09@gmail.com", "password": "${password}"}
2020-07-01 00:30:20,843[INFO ] [main] [ServicesKeywords.java:114] - ---------------------------------------------------------------------------------------
2020-07-01 00:30:20,843[INFO ] [main] [ServicesKeywords.java:111] - Substituting Key:password --> Value:2589243m
2020-07-01 00:30:20,843[INFO ] [main] [ServicesKeywords.java:113] - Substituted payLoad is:{"email": "raviauto09@gmail.com", "password": "2589243m"}
2020-07-01 00:30:20,843[INFO ] [main] [ServicesKeywords.java:114] - ---------------------------------------------------------------------------------------
2020-07-01 00:30:20,843[INFO ] [main] [ServicesKeywords.java:94] - Substituting header:Content-Type:application/json
2020-07-01 00:30:20,843[INFO ] [main] [ServicesKeywords.java:95] - ---------------------------------------------------------------------------------------
2020-07-01 00:30:20,844[INFO ] [main] [ServicesKeywords.java:94] - Substituting header:Accept:application/json
2020-07-01 00:30:20,844[INFO ] [main] [ServicesKeywords.java:95] - ---------------------------------------------------------------------------------------
2020-07-01 00:30:20,844[INFO ] [main] [ServicesKeywords.java:94] - Substituting header:User-Agent:Mozilla/5.0 (X11; Linux x86_64) AppleWebKit/537.36 (KHTML, like Gecko) Chrome/79.0.3945.130 Safari/537.36
2020-07-01 00:30:20,844[INFO ] [main] [ServicesKeywords.java:95] - ---------------------------------------------------------------------------------------
2020-07-01 00:30:20,844[INFO ] [main] [ServicesKeywords.java:131] - ---------------------------------------------------------------------------------------
2020-07-01 00:30:20,845[INFO ] [main] [ServicesKeywords.java:132] - Posting Request to URL:https://api.automate.io/auth/login
2020-07-01 00:30:23,830[INFO ] [main] [ServicesKeywords.java:138] - Response Code from the Server is:[200]
2020-07-01 00:30:23,830[INFO ] [main] [ServicesKeywords.java:140] - Response from Server is:
{
  "data": {
    "name": "Ravindra Kumar"
  },
  "status": "success"
}
2020-07-01 00:30:23,831[INFO ] [main] [ServicesKeywords.java:142] - ---------------------------------------------------------------------------------------
2020-07-01 00:30:26,839[INFO ] [main] [ServicesKeywords.java:193] - Servercode Matched
2020-07-01 00:30:26,954[INFO ] [main] [ServicesKeywords.java:222] - Response value fetched using Xpath [$.status] is [success]
2020-07-01 00:30:26,954[INFO ] [main] [ServicesKeywords.java:225] - Response Validation: Matched- Actual[success] ---> Expected[success]
2020-07-01 00:30:26,955[INFO ] [main] [ServicesKeywords.java:226] - ---------------------------------------------------------------------------------------
2020-07-01 00:30:26,955[INFO ] [main] [AutomateIOTest.java:125] - {xsrfToken=VYtQBLQh-ZjNEOT-4P5zZuvA2Q19EqTM-6ZI}
2020-07-01 00:30:26,955[INFO ] [main] [ServicesKeywords.java:55] - Loading URL :https://api.automate.io/workflows
2020-07-01 00:30:26,955[INFO ] [main] [ServicesKeywords.java:56] - Request is :Login
2020-07-01 00:30:26,956[INFO ] [main] [ServicesKeywords.java:62] - Successfully loaded Below request:
{
  "email": "${emailID}",
  "password": "${password}"
}
2020-07-01 00:30:26,956[INFO ] [main] [ServicesKeywords.java:66] - ---------------------------------------------------------------------------------------
2020-07-01 00:30:26,956[INFO ] [main] [ServicesKeywords.java:94] - Substituting header:Content-Type:application/json
2020-07-01 00:30:26,957[INFO ] [main] [ServicesKeywords.java:95] - ---------------------------------------------------------------------------------------
2020-07-01 00:30:26,957[INFO ] [main] [ServicesKeywords.java:94] - Substituting header:Accept:application/json
2020-07-01 00:30:26,957[INFO ] [main] [ServicesKeywords.java:95] - ---------------------------------------------------------------------------------------
2020-07-01 00:30:26,957[INFO ] [main] [ServicesKeywords.java:94] - Substituting header:User-Agent:Mozilla/5.0 (X11; Linux x86_64) AppleWebKit/537.36 (KHTML, like Gecko) Chrome/79.0.3945.130 Safari/537.36
2020-07-01 00:30:26,957[INFO ] [main] [ServicesKeywords.java:95] - ---------------------------------------------------------------------------------------
2020-07-01 00:30:26,958[INFO ] [main] [ServicesKeywords.java:94] - Substituting header:x-xsrf-token:VYtQBLQh-ZjNEOT-4P5zZuvA2Q19EqTM-6ZI
2020-07-01 00:30:26,958[INFO ] [main] [ServicesKeywords.java:95] - ---------------------------------------------------------------------------------------
2020-07-01 00:30:26,963[INFO ] [main] [ServicesKeywords.java:94] - Substituting header:Cookie:_hjIncludedInSample=1; path=/; domain=automate.io, __stripe_sid=833f4265-f59f-4cf2-ac39-f79499773b26; expires=Wed, 01 Jul 2020 01:00:14 IST; path=/; domain=.automate.io, intercom-id-mqa5mwh7=5ba5f7af-be94-47bd-9f53-1f1771635a9f; expires=Sun, 28 Mar 2021 01:03:34 IST; path=/; domain=.automate.io, _hjid=cd68b3a2-3e27-4443-8c78-0032517bac84; path=/; domain=.automate.io, _ga=GA1.2.1245577982.1593543606; expires=Fri, 01 Jul 2022 12:30:05 IST; path=/; domain=.automate.io, XSRF-TOKEN=VYtQBLQh-ZjNEOT-4P5zZuvA2Q19EqTM-6ZI; path=/; domain=.automate.io;secure;, intercom-session-mqa5mwh7=; expires=Wed, 08 Jul 2020 12:30:14 IST; path=/; domain=.automate.io, _csrf=4yJ0AEhKZ24gw26TYwYPDwAa; path=/; domain=.automate.io;secure;, mp_cbd34858df3ce780f2f7ecbd10436dc6_mixpanel=%7B%22distinct_id%22%3A%20%22raviauto09%40gmail.com%22%2C%22%24device_id%22%3A%20%221730699bd0bca-07fa010a6eb393-4353760-100200-1730699bd0c2fd%22%2C%22%24initial_referrer%22%3A%20%22%24direct%22%2C%22%24initial_referring_domain%22%3A%20%22%24direct%22%2C%22%24user_id%22%3A%20%22raviauto09%40gmail.com%22%7D; expires=Thu, 01 Jul 2021 12:30:14 IST; path=/; domain=.automate.io, _gat_gtag_UA_63343321_2=1; expires=Wed, 01 Jul 2020 12:31:05 IST; path=/; domain=.automate.io, _gid=GA1.2.1995664156.1593543606; expires=Thu, 02 Jul 2020 12:30:05 IST; path=/; domain=.automate.io, __stripe_mid=dba1167d-7280-43eb-b97f-d6845845574e; expires=Thu, 01 Jul 2021 12:30:14 IST; path=/; domain=.automate.io
2020-07-01 00:30:26,964[INFO ] [main] [ServicesKeywords.java:95] - ---------------------------------------------------------------------------------------
2020-07-01 00:30:26,964[INFO ] [main] [ServicesKeywords.java:131] - ---------------------------------------------------------------------------------------
2020-07-01 00:30:26,964[INFO ] [main] [ServicesKeywords.java:132] - Posting Request to URL:https://api.automate.io/workflows
2020-07-01 00:30:28,893[INFO ] [main] [ServicesKeywords.java:138] - Response Code from the Server is:[401]
2020-07-01 00:30:28,894[INFO ] [main] [ServicesKeywords.java:140] - Response from Server is:
{
  "error": {
    "message": "Not a valid User or SessionId!"
  },
  "status": "error"
}
2020-07-01 00:30:28,894[INFO ] [main] [ServicesKeywords.java:142] - ---------------------------------------------------------------------------------------
2020-07-01 00:30:31,896[ERROR] [main] [ServicesKeywords.java:196] - Server code did not matched: Expected[200] ---> Actual[401]
2020-07-01 00:30:31,900[ERROR] [main] [TestListener.java:30] - ***** Error PerformTask2 test has failed *****
2020-07-01 00:30:31,901[ERROR] [main] [TestListener.java:42] - Closing Driver Object:ChromeDriver: chrome on XP (null)
2020-07-01 00:30:31,907[ERROR] [main] [TestListener.java:78] - Closing the driver...ChromeDriver: chrome on XP (null)
2020-07-01 00:30:31,930[INFO ] [main] [TestListener.java:191] - ****************** End of the Suite [AutomateIOTest] ************************
2020-07-01 00:30:32,137[INFO ] [main] [Executor.java:461] - ************ [Total Execution Time-0:0:39] *******************]
