2020-06-29 13:50:52,962[INFO ] [main] [MainDriver.java:75] - Creating object repository object....
2020-06-29 13:50:52,970[INFO ] [main] [Log.java:15] - ****************************************************************************************
2020-06-29 13:50:52,971[INFO ] [main] [Log.java:16] - ****************************************************************************************
2020-06-29 13:50:52,971[INFO ] [main] [Log.java:17] - $$$$$$$$$$$$$$$$$$$$$                -S--T--A--R--T AutomateIOTest       $$$$$$$$$$$$$$$$$$$$$$$$$
2020-06-29 13:50:52,971[INFO ] [main] [Log.java:18] - ****************************************************************************************
2020-06-29 13:50:52,973[INFO ] [main] [Log.java:19] - ****************************************************************************************
2020-06-29 13:50:52,997[INFO ] [main] [Log.java:15] - ****************************************************************************************
2020-06-29 13:50:52,998[INFO ] [main] [Log.java:16] - ****************************************************************************************
2020-06-29 13:50:52,998[INFO ] [main] [Log.java:17] - $$$$$$$$$$$$$$$$$$$$$                -S--T--A--R--T PerformTask1       $$$$$$$$$$$$$$$$$$$$$$$$$
2020-06-29 13:50:52,998[INFO ] [main] [Log.java:18] - ****************************************************************************************
2020-06-29 13:50:52,999[INFO ] [main] [Log.java:19] - ****************************************************************************************
2020-06-29 13:50:53,115[DEBUG] [main] [MainDriver.java:139] - Opening browser
2020-06-29 13:51:08,225[INFO ] [main] [AutomateIOTest.java:30] - Fetching the login credentials..
2020-06-29 13:51:08,232[INFO ] [main] [AutomateIOTest.java:35] - TestStep 1:Login to application
2020-06-29 13:51:08,232[DEBUG] [main] [WebKeywords.java:378] - Writing in text box:txtEmailID
2020-06-29 13:51:08,327[INFO ] [main] [XMLObjectRepository_Web.java:106] - Locator Value :By.id: email
2020-06-29 13:51:08,412[INFO ] [main] [XMLObjectRepository_Web.java:106] - Locator Value :By.id: email
2020-06-29 13:51:08,582[DEBUG] [main] [WebKeywords.java:378] - Writing in text box:txtPassword
2020-06-29 13:51:08,584[INFO ] [main] [XMLObjectRepository_Web.java:106] - Locator Value :By.id: password
2020-06-29 13:51:08,626[INFO ] [main] [XMLObjectRepository_Web.java:106] - Locator Value :By.id: password
2020-06-29 13:51:08,720[DEBUG] [main] [WebKeywords.java:345] - Clicking on any element
2020-06-29 13:51:08,722[INFO ] [main] [XMLObjectRepository_Web.java:102] - Locator Value :By.xpath: //button[text()='LOGIN']
2020-06-29 13:51:08,763[INFO ] [main] [XMLObjectRepository_Web.java:102] - Locator Value :By.xpath: //button[text()='LOGIN']
2020-06-29 13:51:08,850[DEBUG] [main] [WebKeywords.java:354] - Clicking Action Success.
2020-06-29 13:51:08,853[DEBUG] [main] [WebKeywords.java:1360] - Waiting for an element to be visible for 30Secs..
2020-06-29 13:51:08,854[INFO ] [main] [XMLObjectRepository_Web.java:116] - Locator Value :By.linkText: Create a Bot
2020-06-29 13:51:11,651[INFO ] [main] [WebKeywords.java:1372] - Element is visible..
2020-06-29 13:51:11,655[INFO ] [main] [AutomateIOTest.java:37] - TestStep 1: PASSED
2020-06-29 13:51:11,655[INFO ] [main] [AutomateIOTest.java:39] - TestStep 2:Create a bot that sends an email to another Gmail account (input: to-email)
2020-06-29 13:51:11,655[DEBUG] [main] [WebKeywords.java:345] - Clicking on any element
2020-06-29 13:51:11,656[INFO ] [main] [XMLObjectRepository_Web.java:116] - Locator Value :By.linkText: Create a Bot
2020-06-29 13:51:11,803[INFO ] [main] [XMLObjectRepository_Web.java:116] - Locator Value :By.linkText: Create a Bot
2020-06-29 13:51:12,004[DEBUG] [main] [WebKeywords.java:354] - Clicking Action Success.
2020-06-29 13:51:12,005[DEBUG] [main] [WebKeywords.java:1360] - Waiting for an element to be visible for 30Secs..
2020-06-29 13:51:12,009[INFO ] [main] [XMLObjectRepository_Web.java:102] - Locator Value :By.xpath: //h5[text()='Connected Apps']/../following-sibling::div[1]//span[text()='Gmail']
2020-06-29 13:51:12,938[INFO ] [main] [WebKeywords.java:1372] - Element is visible..
2020-06-29 13:51:12,939[DEBUG] [main] [WebKeywords.java:345] - Clicking on any element
2020-06-29 13:51:12,940[INFO ] [main] [XMLObjectRepository_Web.java:102] - Locator Value :By.xpath: //h5[text()='Connected Apps']/../following-sibling::div[1]//span[text()='Gmail']
2020-06-29 13:51:13,120[INFO ] [main] [XMLObjectRepository_Web.java:102] - Locator Value :By.xpath: //h5[text()='Connected Apps']/../following-sibling::div[1]//span[text()='Gmail']
2020-06-29 13:51:13,231[DEBUG] [main] [WebKeywords.java:354] - Clicking Action Success.
2020-06-29 13:51:13,231[DEBUG] [main] [WebKeywords.java:378] - Writing in text box:txtTriggerEvent
2020-06-29 13:51:13,233[INFO ] [main] [XMLObjectRepository_Web.java:102] - Locator Value :By.xpath: //span[text()='Select the trigger event']/../following-sibling::ul//form/input
2020-06-29 13:51:14,434[INFO ] [main] [XMLObjectRepository_Web.java:102] - Locator Value :By.xpath: //span[text()='Select the trigger event']/../following-sibling::ul//form/input
2020-06-29 13:51:14,560[DEBUG] [main] [WebKeywords.java:345] - Clicking on any element
2020-06-29 13:51:14,563[INFO ] [main] [XMLObjectRepository_Web.java:102] - Locator Value :By.xpath: //div[@title='New Email']
2020-06-29 13:51:14,596[INFO ] [main] [XMLObjectRepository_Web.java:102] - Locator Value :By.xpath: //div[@title='New Email']
2020-06-29 13:51:14,733[DEBUG] [main] [WebKeywords.java:354] - Clicking Action Success.
2020-06-29 13:51:14,733[DEBUG] [main] [WebKeywords.java:345] - Clicking on any element
2020-06-29 13:51:14,736[INFO ] [main] [XMLObjectRepository_Web.java:102] - Locator Value :By.xpath: //small[text()='Gmail folder in which to look for New Email.']/preceding-sibling::div[1]
2020-06-29 13:51:14,883[INFO ] [main] [XMLObjectRepository_Web.java:102] - Locator Value :By.xpath: //small[text()='Gmail folder in which to look for New Email.']/preceding-sibling::div[1]
2020-06-29 13:51:15,022[DEBUG] [main] [WebKeywords.java:354] - Clicking Action Success.
2020-06-29 13:51:15,022[DEBUG] [main] [WebKeywords.java:378] - Writing in text box:txtFolderSearch
2020-06-29 13:51:15,024[INFO ] [main] [XMLObjectRepository_Web.java:102] - Locator Value :By.xpath: //small[text()='Gmail folder in which to look for New Email.']/preceding-sibling::div[1]//input
2020-06-29 13:51:16,165[INFO ] [main] [XMLObjectRepository_Web.java:102] - Locator Value :By.xpath: //small[text()='Gmail folder in which to look for New Email.']/preceding-sibling::div[1]//input
2020-06-29 13:51:16,328[DEBUG] [main] [WebKeywords.java:1360] - Waiting for an element to be visible for 30Secs..
2020-06-29 13:51:16,330[INFO ] [main] [XMLObjectRepository_Web.java:102] - Locator Value :By.xpath: //div[@title='INBOX']
2020-06-29 13:51:16,389[INFO ] [main] [WebKeywords.java:1372] - Element is visible..
2020-06-29 13:51:16,390[DEBUG] [main] [WebKeywords.java:345] - Clicking on any element
2020-06-29 13:51:16,391[INFO ] [main] [XMLObjectRepository_Web.java:102] - Locator Value :By.xpath: //div[@title='INBOX']
2020-06-29 13:51:16,423[INFO ] [main] [XMLObjectRepository_Web.java:102] - Locator Value :By.xpath: //div[@title='INBOX']
2020-06-29 13:51:16,537[DEBUG] [main] [WebKeywords.java:354] - Clicking Action Success.
2020-06-29 13:51:16,537[DEBUG] [main] [WebKeywords.java:1360] - Waiting for an element to be visible for 30Secs..
2020-06-29 13:51:16,539[INFO ] [main] [XMLObjectRepository_Web.java:102] - Locator Value :By.xpath: //span[contains(text(),'Select')]
2020-06-29 13:51:16,610[INFO ] [main] [WebKeywords.java:1372] - Element is visible..
2020-06-29 13:51:16,611[DEBUG] [main] [WebKeywords.java:345] - Clicking on any element
2020-06-29 13:51:16,613[INFO ] [main] [XMLObjectRepository_Web.java:102] - Locator Value :By.xpath: //span[contains(text(),'Select')]
2020-06-29 13:51:16,645[INFO ] [main] [XMLObjectRepository_Web.java:102] - Locator Value :By.xpath: //span[contains(text(),'Select')]
2020-06-29 13:51:16,801[DEBUG] [main] [WebKeywords.java:354] - Clicking Action Success.
2020-06-29 13:51:16,801[DEBUG] [main] [WebKeywords.java:345] - Clicking on any element
2020-06-29 13:51:16,804[INFO ] [main] [XMLObjectRepository_Web.java:102] - Locator Value :By.xpath: (//aio-user-app-select-figure[@title='Gmail']//img[1])[2]
2020-06-29 13:51:16,897[INFO ] [main] [XMLObjectRepository_Web.java:102] - Locator Value :By.xpath: (//aio-user-app-select-figure[@title='Gmail']//img[1])[2]
2020-06-29 13:51:17,137[DEBUG] [main] [WebKeywords.java:354] - Clicking Action Success.
2020-06-29 13:51:17,138[DEBUG] [main] [WebKeywords.java:345] - Clicking on any element
2020-06-29 13:51:17,140[INFO ] [main] [XMLObjectRepository_Web.java:102] - Locator Value :By.xpath: //div[contains(text(),'Send an Email from your account')]
2020-06-29 13:51:17,221[INFO ] [main] [XMLObjectRepository_Web.java:102] - Locator Value :By.xpath: //div[contains(text(),'Send an Email from your account')]
2020-06-29 13:51:17,513[DEBUG] [main] [WebKeywords.java:354] - Clicking Action Success.
2020-06-29 13:51:17,513[DEBUG] [main] [WebKeywords.java:345] - Clicking on any element
2020-06-29 13:51:17,517[INFO ] [main] [XMLObjectRepository_Web.java:102] - Locator Value :By.xpath: //label[contains(text(),'From Name')]/../following-sibling::div[1]//button
2020-06-29 13:51:17,567[INFO ] [main] [XMLObjectRepository_Web.java:102] - Locator Value :By.xpath: //label[contains(text(),'From Name')]/../following-sibling::div[1]//button
2020-06-29 13:51:17,696[DEBUG] [main] [WebKeywords.java:354] - Clicking Action Success.
2020-06-29 13:51:17,696[DEBUG] [main] [WebKeywords.java:345] - Clicking on any element
2020-06-29 13:51:17,699[INFO ] [main] [XMLObjectRepository_Web.java:102] - Locator Value :By.xpath: (//div[text()='Input Fields']/following-sibling::div//span[text()='From Name'])[2]
2020-06-29 13:51:17,742[INFO ] [main] [XMLObjectRepository_Web.java:102] - Locator Value :By.xpath: (//div[text()='Input Fields']/following-sibling::div//span[text()='From Name'])[2]
2020-06-29 13:51:17,869[DEBUG] [main] [WebKeywords.java:354] - Clicking Action Success.
2020-06-29 13:51:17,870[DEBUG] [main] [WebKeywords.java:345] - Clicking on any element
2020-06-29 13:51:17,873[INFO ] [main] [XMLObjectRepository_Web.java:102] - Locator Value :By.xpath: //label[contains(text(),'From Address')]/../following-sibling::div[1]//button
2020-06-29 13:51:17,927[INFO ] [main] [XMLObjectRepository_Web.java:102] - Locator Value :By.xpath: //label[contains(text(),'From Address')]/../following-sibling::div[1]//button
2020-06-29 13:51:18,055[DEBUG] [main] [WebKeywords.java:354] - Clicking Action Success.
2020-06-29 13:51:18,055[DEBUG] [main] [WebKeywords.java:345] - Clicking on any element
2020-06-29 13:51:18,057[INFO ] [main] [XMLObjectRepository_Web.java:102] - Locator Value :By.xpath: (//div[text()='Input Fields']/following-sibling::div//span[text()='From Email'])[3]
2020-06-29 13:51:18,124[INFO ] [main] [XMLObjectRepository_Web.java:102] - Locator Value :By.xpath: (//div[text()='Input Fields']/following-sibling::div//span[text()='From Email'])[3]
2020-06-29 13:51:18,276[DEBUG] [main] [WebKeywords.java:354] - Clicking Action Success.
2020-06-29 13:51:18,276[DEBUG] [main] [WebKeywords.java:378] - Writing in text box:spnToNameTrigger
2020-06-29 13:51:18,279[INFO ] [main] [XMLObjectRepository_Web.java:102] - Locator Value :By.xpath: //label[contains(text(),'To Name')]/../following-sibling::div/div/div
2020-06-29 13:51:18,322[INFO ] [main] [XMLObjectRepository_Web.java:102] - Locator Value :By.xpath: //label[contains(text(),'To Name')]/../following-sibling::div/div/div
2020-06-29 13:51:18,456[DEBUG] [main] [WebKeywords.java:378] - Writing in text box:spnToAddressTrigger
2020-06-29 13:51:18,458[INFO ] [main] [XMLObjectRepository_Web.java:102] - Locator Value :By.xpath: //label[contains(text(),'To Addresses')]/../following-sibling::div/aio-content-editable/div/div/div
2020-06-29 13:51:18,506[INFO ] [main] [XMLObjectRepository_Web.java:102] - Locator Value :By.xpath: //label[contains(text(),'To Addresses')]/../following-sibling::div/aio-content-editable/div/div/div
2020-06-29 13:51:18,577[DEBUG] [main] [WebKeywords.java:345] - Clicking on any element
2020-06-29 13:51:18,579[INFO ] [main] [XMLObjectRepository_Web.java:102] - Locator Value :By.xpath: //label[contains(text(),'Subject')]/../following-sibling::div[1]//button
2020-06-29 13:51:18,630[INFO ] [main] [XMLObjectRepository_Web.java:102] - Locator Value :By.xpath: //label[contains(text(),'Subject')]/../following-sibling::div[1]//button
2020-06-29 13:51:18,752[DEBUG] [main] [WebKeywords.java:354] - Clicking Action Success.
2020-06-29 13:51:18,753[DEBUG] [main] [WebKeywords.java:1360] - Waiting for an element to be visible for 15Secs..
2020-06-29 13:51:18,755[INFO ] [main] [XMLObjectRepository_Web.java:102] - Locator Value :By.xpath: //div[@class='input-group-btn open']//li[6]//div[1]//i[1]
2020-06-29 13:51:18,816[INFO ] [main] [WebKeywords.java:1372] - Element is visible..
2020-06-29 13:51:18,816[DEBUG] [main] [WebKeywords.java:345] - Clicking on any element
2020-06-29 13:51:18,818[INFO ] [main] [XMLObjectRepository_Web.java:102] - Locator Value :By.xpath: //div[@class='input-group-btn open']//li[6]//div[1]//i[1]
2020-06-29 13:51:18,849[INFO ] [main] [XMLObjectRepository_Web.java:102] - Locator Value :By.xpath: //div[@class='input-group-btn open']//li[6]//div[1]//i[1]
2020-06-29 13:51:18,962[DEBUG] [main] [WebKeywords.java:354] - Clicking Action Success.
2020-06-29 13:51:18,962[DEBUG] [main] [WebKeywords.java:345] - Clicking on any element
2020-06-29 13:51:18,970[INFO ] [main] [XMLObjectRepository_Web.java:102] - Locator Value :By.xpath: //aio-content-group[8]//div[1]//aio-content-input[1]//aio-content-editable[1]//div[1]//div[1]//div[2]//button[1]
2020-06-29 13:51:19,027[INFO ] [main] [XMLObjectRepository_Web.java:102] - Locator Value :By.xpath: //aio-content-group[8]//div[1]//aio-content-input[1]//aio-content-editable[1]//div[1]//div[1]//div[2]//button[1]
2020-06-29 13:51:19,146[DEBUG] [main] [WebKeywords.java:354] - Clicking Action Success.
2020-06-29 13:51:19,148[INFO ] [main] [XMLObjectRepository_Web.java:102] - Locator Value :By.xpath: //div[@class='input-group-btn open']//li[@class='data-item link-like highlighted']//i[contains(text(),'trigger')]
2020-06-29 13:51:19,183[ERROR] [main] [WebKeywords.java:1755] - org.openqa.selenium.NoSuchElementException: no such element: Unable to locate element: {"method":"xpath","selector":"//div[@class='input-group-btn open']//li[@class='data-item link-like highlighted']//i[contains(text(),'trigger')]"}
  (Session info: chrome=83.0.4103.116)
  (Driver info: chromedriver=2.35.528161 (5b82f2d2aae0ca24b877009200ced9065a772e73),platform=Windows NT 10.0.19041 x86_64) (WARNING: The server did not provide any stacktrace information)
Command duration or timeout: 32 milliseconds
For documentation on this error, please visit: http://seleniumhq.org/exceptions/no_such_element.html
Build info: version: 'unknown', revision: 'unknown', time: 'unknown'
System info: host: 'DESKTOP-AT125D0', ip: '192.168.43.80', os.name: 'Windows 10', os.arch: 'amd64', os.version: '10.0', java.version: '1.8.0_241'
Driver info: org.openqa.selenium.chrome.ChromeDriver
Capabilities [{applicationCacheEnabled=false, rotatable=false, mobileEmulationEnabled=false, networkConnectionEnabled=false, chrome={chromedriverVersion=2.35.528161 (5b82f2d2aae0ca24b877009200ced9065a772e73), userDataDir=C:\Users\rkuma\AppData\Local\Temp\scoped_dir9128_20759}, takesHeapSnapshot=true, pageLoadStrategy=normal, databaseEnabled=false, handlesAlerts=true, hasTouchScreen=false, version=83.0.4103.116, platform=XP, browserConnectionEnabled=false, nativeEvents=true, acceptSslCerts=false, acceptInsecureCerts=false, locationContextEnabled=true, webStorageEnabled=true, browserName=chrome, takesScreenshot=true, javascriptEnabled=true, cssSelectorsEnabled=true, setWindowRect=true, unexpectedAlertBehaviour=}]
Session ID: 0765b50a6382883c29c977a2d6fdb230
*** Element info: {Using=xpath, value=//div[@class='input-group-btn open']//li[@class='data-item link-like highlighted']//i[contains(text(),'trigger')]}
2020-06-29 13:51:19,185[DEBUG] [main] [WebKeywords.java:1360] - Waiting for an element to be visible for 15Secs..
2020-06-29 13:51:19,187[INFO ] [main] [XMLObjectRepository_Web.java:102] - Locator Value :By.xpath: //div[@class='input-group-btn open']//li[@class='data-item link-like highlighted']//i[contains(text(),'trigger')]
2020-06-29 13:51:29,579[INFO ] [main] [WebKeywords.java:1377] - Element is not visible..
2020-06-29 13:51:29,584[INFO ] [main] [XMLObjectRepository_Web.java:102] - Locator Value :By.xpath: //div[@class='input-group-btn open']//li[@class='data-item link-like highlighted']//i[contains(text(),'trigger')]
2020-06-29 13:51:39,966[INFO ] [main] [WebKeywords.java:1377] - Element is not visible..
2020-06-29 13:51:39,966[ERROR] [main] [WebKeywords.java:1388] - java.lang.Exception: Element wait failed.
2020-06-29 13:51:39,966[DEBUG] [main] [WebKeywords.java:345] - Clicking on any element
2020-06-29 13:51:39,968[INFO ] [main] [XMLObjectRepository_Web.java:102] - Locator Value :By.xpath: //div[@class='input-group-btn open']//li[@class='data-item link-like highlighted']//i[contains(text(),'trigger')]
2020-06-29 13:52:40,330[ERROR] [main] [WebKeywords.java:356] - org.openqa.selenium.TimeoutException: Expected condition failed: waiting for visibility of element located by By.xpath: //div[@class='input-group-btn open']//li[@class='data-item link-like highlighted']//i[contains(text(),'trigger')] (tried for 60 second(s) with 500 MILLISECONDS interval)
2020-06-29 13:52:50,340[DEBUG] [main] [WebKeywords.java:273] - Closing the browser
2020-06-29 13:52:54,527[DEBUG] [main] [WebKeywords.java:311] - quiting the driver instance
2020-06-29 13:52:54,528[INFO ] [main] [WebKeywords.java:312] - 0765b50a6382883c29c977a2d6fdb230
2020-06-29 13:52:55,494[INFO ] [main] [TestListener.java:191] - ****************** End of the Suite [AutomateIOTest] ************************
2020-06-29 13:52:55,693[INFO ] [main] [Executor.java:461] - ************ [Total Execution Time-0:2:5] *******************]
