2020-07-02 13:11:27,145[INFO ] [main] [MainDriver.java:75] - Creating object repository object....
2020-07-02 13:11:27,165[INFO ] [main] [Log.java:15] - ****************************************************************************************
2020-07-02 13:11:27,165[INFO ] [main] [Log.java:16] - ****************************************************************************************
2020-07-02 13:11:27,165[INFO ] [main] [Log.java:17] - $$$$$$$$$$$$$$$$$$$$$                -S--T--A--R--T AutomateIOTest       $$$$$$$$$$$$$$$$$$$$$$$$$
2020-07-02 13:11:27,165[INFO ] [main] [Log.java:18] - ****************************************************************************************
2020-07-02 13:11:27,166[INFO ] [main] [Log.java:19] - ****************************************************************************************
2020-07-02 13:11:27,190[INFO ] [main] [Log.java:15] - ****************************************************************************************
2020-07-02 13:11:27,190[INFO ] [main] [Log.java:16] - ****************************************************************************************
2020-07-02 13:11:27,190[INFO ] [main] [Log.java:17] - $$$$$$$$$$$$$$$$$$$$$                -S--T--A--R--T PerformTask1       $$$$$$$$$$$$$$$$$$$$$$$$$
2020-07-02 13:11:27,191[INFO ] [main] [Log.java:18] - ****************************************************************************************
2020-07-02 13:11:27,191[INFO ] [main] [Log.java:19] - ****************************************************************************************
2020-07-02 13:11:27,196[DEBUG] [main] [MainDriver.java:139] - Opening browser
2020-07-02 13:11:45,888[INFO ] [main] [AutomateIOTest.java:34] - Fetching the login credentials..
2020-07-02 13:11:45,896[INFO ] [main] [AutomateIOTest.java:39] - TestStep 1:Login to application
2020-07-02 13:11:45,897[DEBUG] [main] [WebKeywords.java:326] - Writing in text box:txtEmailID
2020-07-02 13:11:46,022[INFO ] [main] [XMLObjectRepository_Web.java:106] - Locator Value :By.id: email
2020-07-02 13:11:46,098[INFO ] [main] [XMLObjectRepository_Web.java:106] - Locator Value :By.id: email
2020-07-02 13:11:46,296[DEBUG] [main] [WebKeywords.java:326] - Writing in text box:txtPassword
2020-07-02 13:11:46,298[INFO ] [main] [XMLObjectRepository_Web.java:106] - Locator Value :By.id: password
2020-07-02 13:11:46,336[INFO ] [main] [XMLObjectRepository_Web.java:106] - Locator Value :By.id: password
2020-07-02 13:11:46,460[DEBUG] [main] [WebKeywords.java:293] - Clicking on any element
2020-07-02 13:11:46,463[INFO ] [main] [XMLObjectRepository_Web.java:102] - Locator Value :By.xpath: //button[text()='LOGIN']
2020-07-02 13:11:46,519[INFO ] [main] [XMLObjectRepository_Web.java:102] - Locator Value :By.xpath: //button[text()='LOGIN']
2020-07-02 13:11:46,622[DEBUG] [main] [WebKeywords.java:302] - Clicking Action Success.
2020-07-02 13:11:46,628[DEBUG] [main] [WebKeywords.java:710] - Waiting for an element to be visible for 30Secs..
2020-07-02 13:11:46,631[INFO ] [main] [XMLObjectRepository_Web.java:116] - Locator Value :By.linkText: Create a Bot
2020-07-02 13:11:48,903[INFO ] [main] [WebKeywords.java:722] - Element is visible..
2020-07-02 13:11:48,909[INFO ] [main] [AutomateIOTest.java:41] - TestStep 1: PASSED
2020-07-02 13:11:48,909[INFO ] [main] [AutomateIOTest.java:43] - TestStep 2:Create a bot that sends an email to another Gmail account (input: to-email)
2020-07-02 13:11:48,909[DEBUG] [main] [WebKeywords.java:293] - Clicking on any element
2020-07-02 13:11:48,911[INFO ] [main] [XMLObjectRepository_Web.java:116] - Locator Value :By.linkText: Create a Bot
2020-07-02 13:11:48,968[INFO ] [main] [XMLObjectRepository_Web.java:116] - Locator Value :By.linkText: Create a Bot
2020-07-02 13:11:49,227[DEBUG] [main] [WebKeywords.java:302] - Clicking Action Success.
2020-07-02 13:11:49,227[DEBUG] [main] [WebKeywords.java:710] - Waiting for an element to be visible for 30Secs..
2020-07-02 13:11:49,230[INFO ] [main] [XMLObjectRepository_Web.java:102] - Locator Value :By.xpath: //h5[text()='Connected Apps']/../following-sibling::div[1]//span[text()='Gmail']
2020-07-02 13:11:50,640[INFO ] [main] [WebKeywords.java:722] - Element is visible..
2020-07-02 13:11:50,641[DEBUG] [main] [WebKeywords.java:293] - Clicking on any element
2020-07-02 13:11:50,646[INFO ] [main] [XMLObjectRepository_Web.java:102] - Locator Value :By.xpath: //h5[text()='Connected Apps']/../following-sibling::div[1]//span[text()='Gmail']
2020-07-02 13:11:50,734[INFO ] [main] [XMLObjectRepository_Web.java:102] - Locator Value :By.xpath: //h5[text()='Connected Apps']/../following-sibling::div[1]//span[text()='Gmail']
2020-07-02 13:11:50,960[DEBUG] [main] [WebKeywords.java:302] - Clicking Action Success.
2020-07-02 13:11:50,960[DEBUG] [main] [WebKeywords.java:326] - Writing in text box:txtTriggerEvent
2020-07-02 13:11:50,963[INFO ] [main] [XMLObjectRepository_Web.java:102] - Locator Value :By.xpath: //span[text()='Select the trigger event']/../following-sibling::ul//form/input
2020-07-02 13:11:52,118[INFO ] [main] [XMLObjectRepository_Web.java:102] - Locator Value :By.xpath: //span[text()='Select the trigger event']/../following-sibling::ul//form/input
2020-07-02 13:11:52,262[DEBUG] [main] [WebKeywords.java:293] - Clicking on any element
2020-07-02 13:11:52,265[INFO ] [main] [XMLObjectRepository_Web.java:102] - Locator Value :By.xpath: //div[@title='New Email']
2020-07-02 13:11:52,324[INFO ] [main] [XMLObjectRepository_Web.java:102] - Locator Value :By.xpath: //div[@title='New Email']
2020-07-02 13:11:52,482[DEBUG] [main] [WebKeywords.java:302] - Clicking Action Success.
2020-07-02 13:11:52,482[DEBUG] [main] [WebKeywords.java:293] - Clicking on any element
2020-07-02 13:11:52,487[INFO ] [main] [XMLObjectRepository_Web.java:102] - Locator Value :By.xpath: //small[text()='Gmail folder in which to look for New Email.']/preceding-sibling::div[1]
2020-07-02 13:11:52,676[INFO ] [main] [XMLObjectRepository_Web.java:102] - Locator Value :By.xpath: //small[text()='Gmail folder in which to look for New Email.']/preceding-sibling::div[1]
2020-07-02 13:11:52,814[DEBUG] [main] [WebKeywords.java:302] - Clicking Action Success.
2020-07-02 13:11:52,814[DEBUG] [main] [WebKeywords.java:326] - Writing in text box:txtFolderSearch
2020-07-02 13:11:52,817[INFO ] [main] [XMLObjectRepository_Web.java:102] - Locator Value :By.xpath: //small[text()='Gmail folder in which to look for New Email.']/preceding-sibling::div[1]//input
2020-07-02 13:11:53,976[INFO ] [main] [XMLObjectRepository_Web.java:102] - Locator Value :By.xpath: //small[text()='Gmail folder in which to look for New Email.']/preceding-sibling::div[1]//input
2020-07-02 13:11:54,117[DEBUG] [main] [WebKeywords.java:710] - Waiting for an element to be visible for 30Secs..
2020-07-02 13:11:54,120[INFO ] [main] [XMLObjectRepository_Web.java:102] - Locator Value :By.xpath: //div[@title='INBOX']
2020-07-02 13:11:54,208[INFO ] [main] [WebKeywords.java:722] - Element is visible..
2020-07-02 13:11:54,208[DEBUG] [main] [WebKeywords.java:293] - Clicking on any element
2020-07-02 13:11:54,211[INFO ] [main] [XMLObjectRepository_Web.java:102] - Locator Value :By.xpath: //div[@title='INBOX']
2020-07-02 13:11:54,258[INFO ] [main] [XMLObjectRepository_Web.java:102] - Locator Value :By.xpath: //div[@title='INBOX']
2020-07-02 13:11:54,368[DEBUG] [main] [WebKeywords.java:302] - Clicking Action Success.
2020-07-02 13:11:54,369[DEBUG] [main] [WebKeywords.java:710] - Waiting for an element to be visible for 30Secs..
2020-07-02 13:11:54,372[INFO ] [main] [XMLObjectRepository_Web.java:102] - Locator Value :By.xpath: //span[contains(text(),'Select')]
2020-07-02 13:11:54,454[INFO ] [main] [WebKeywords.java:722] - Element is visible..
2020-07-02 13:11:54,455[DEBUG] [main] [WebKeywords.java:293] - Clicking on any element
2020-07-02 13:11:54,456[INFO ] [main] [XMLObjectRepository_Web.java:102] - Locator Value :By.xpath: //span[contains(text(),'Select')]
2020-07-02 13:11:54,490[INFO ] [main] [XMLObjectRepository_Web.java:102] - Locator Value :By.xpath: //span[contains(text(),'Select')]
2020-07-02 13:11:54,681[DEBUG] [main] [WebKeywords.java:302] - Clicking Action Success.
2020-07-02 13:11:54,682[DEBUG] [main] [WebKeywords.java:293] - Clicking on any element
2020-07-02 13:11:54,685[INFO ] [main] [XMLObjectRepository_Web.java:102] - Locator Value :By.xpath: (//aio-user-app-select-figure[@title='Gmail']//img[1])[2]
2020-07-02 13:11:54,790[INFO ] [main] [XMLObjectRepository_Web.java:102] - Locator Value :By.xpath: (//aio-user-app-select-figure[@title='Gmail']//img[1])[2]
2020-07-02 13:11:55,079[DEBUG] [main] [WebKeywords.java:302] - Clicking Action Success.
2020-07-02 13:11:55,079[DEBUG] [main] [WebKeywords.java:293] - Clicking on any element
2020-07-02 13:11:55,083[INFO ] [main] [XMLObjectRepository_Web.java:102] - Locator Value :By.xpath: //div[contains(text(),'Send an Email from your account')]
2020-07-02 13:11:55,135[INFO ] [main] [XMLObjectRepository_Web.java:102] - Locator Value :By.xpath: //div[contains(text(),'Send an Email from your account')]
2020-07-02 13:11:55,501[DEBUG] [main] [WebKeywords.java:302] - Clicking Action Success.
2020-07-02 13:11:55,501[DEBUG] [main] [WebKeywords.java:293] - Clicking on any element
2020-07-02 13:11:55,504[INFO ] [main] [XMLObjectRepository_Web.java:102] - Locator Value :By.xpath: //label[contains(text(),'From Name')]/../following-sibling::div[1]//button
2020-07-02 13:11:55,544[INFO ] [main] [XMLObjectRepository_Web.java:102] - Locator Value :By.xpath: //label[contains(text(),'From Name')]/../following-sibling::div[1]//button
2020-07-02 13:11:55,673[DEBUG] [main] [WebKeywords.java:302] - Clicking Action Success.
2020-07-02 13:11:55,674[DEBUG] [main] [WebKeywords.java:293] - Clicking on any element
2020-07-02 13:11:55,676[INFO ] [main] [XMLObjectRepository_Web.java:102] - Locator Value :By.xpath: (//div[text()='Input Fields']/following-sibling::div//span[text()='From Name'])[2]
2020-07-02 13:11:55,736[INFO ] [main] [XMLObjectRepository_Web.java:102] - Locator Value :By.xpath: (//div[text()='Input Fields']/following-sibling::div//span[text()='From Name'])[2]
2020-07-02 13:11:55,861[DEBUG] [main] [WebKeywords.java:302] - Clicking Action Success.
2020-07-02 13:11:55,862[DEBUG] [main] [WebKeywords.java:293] - Clicking on any element
2020-07-02 13:11:55,866[INFO ] [main] [XMLObjectRepository_Web.java:102] - Locator Value :By.xpath: //label[contains(text(),'From Address')]/../following-sibling::div[1]//button
2020-07-02 13:11:55,923[INFO ] [main] [XMLObjectRepository_Web.java:102] - Locator Value :By.xpath: //label[contains(text(),'From Address')]/../following-sibling::div[1]//button
2020-07-02 13:11:56,058[DEBUG] [main] [WebKeywords.java:302] - Clicking Action Success.
2020-07-02 13:11:56,058[DEBUG] [main] [WebKeywords.java:293] - Clicking on any element
2020-07-02 13:11:56,061[INFO ] [main] [XMLObjectRepository_Web.java:102] - Locator Value :By.xpath: (//div[text()='Input Fields']/following-sibling::div//span[text()='From Email'])[3]
2020-07-02 13:11:56,124[INFO ] [main] [XMLObjectRepository_Web.java:102] - Locator Value :By.xpath: (//div[text()='Input Fields']/following-sibling::div//span[text()='From Email'])[3]
2020-07-02 13:11:56,274[DEBUG] [main] [WebKeywords.java:302] - Clicking Action Success.
2020-07-02 13:11:56,275[DEBUG] [main] [WebKeywords.java:326] - Writing in text box:spnToNameTrigger
2020-07-02 13:11:56,279[INFO ] [main] [XMLObjectRepository_Web.java:102] - Locator Value :By.xpath: //label[contains(text(),'To Name')]/../following-sibling::div/div/div
2020-07-02 13:11:56,341[INFO ] [main] [XMLObjectRepository_Web.java:102] - Locator Value :By.xpath: //label[contains(text(),'To Name')]/../following-sibling::div/div/div
2020-07-02 13:11:56,521[DEBUG] [main] [WebKeywords.java:326] - Writing in text box:spnToAddressTrigger
2020-07-02 13:11:56,525[INFO ] [main] [XMLObjectRepository_Web.java:102] - Locator Value :By.xpath: //label[contains(text(),'To Addresses')]/../following-sibling::div/aio-content-editable/div/div/div
2020-07-02 13:11:56,596[INFO ] [main] [XMLObjectRepository_Web.java:102] - Locator Value :By.xpath: //label[contains(text(),'To Addresses')]/../following-sibling::div/aio-content-editable/div/div/div
2020-07-02 13:11:56,820[DEBUG] [main] [WebKeywords.java:293] - Clicking on any element
2020-07-02 13:11:56,823[INFO ] [main] [XMLObjectRepository_Web.java:102] - Locator Value :By.xpath: //label[contains(text(),'Subject')]/../following-sibling::div[1]//button
2020-07-02 13:11:56,899[INFO ] [main] [XMLObjectRepository_Web.java:102] - Locator Value :By.xpath: //label[contains(text(),'Subject')]/../following-sibling::div[1]//button
2020-07-02 13:11:57,039[DEBUG] [main] [WebKeywords.java:302] - Clicking Action Success.
2020-07-02 13:11:57,039[DEBUG] [main] [WebKeywords.java:710] - Waiting for an element to be visible for 15Secs..
2020-07-02 13:11:57,042[INFO ] [main] [XMLObjectRepository_Web.java:102] - Locator Value :By.xpath: //div[@class='input-group-btn open']//li[6]//div[1]//i[1]
2020-07-02 13:11:57,135[INFO ] [main] [WebKeywords.java:722] - Element is visible..
2020-07-02 13:11:57,136[DEBUG] [main] [WebKeywords.java:293] - Clicking on any element
2020-07-02 13:11:57,138[INFO ] [main] [XMLObjectRepository_Web.java:102] - Locator Value :By.xpath: //div[@class='input-group-btn open']//li[6]//div[1]//i[1]
2020-07-02 13:11:57,196[INFO ] [main] [XMLObjectRepository_Web.java:102] - Locator Value :By.xpath: //div[@class='input-group-btn open']//li[6]//div[1]//i[1]
2020-07-02 13:11:57,335[DEBUG] [main] [WebKeywords.java:302] - Clicking Action Success.
2020-07-02 13:11:59,338[DEBUG] [main] [WebKeywords.java:293] - Clicking on any element
2020-07-02 13:11:59,343[INFO ] [main] [XMLObjectRepository_Web.java:102] - Locator Value :By.xpath: //label[contains(text(),'Body')]/../following-sibling::div[1]//button
2020-07-02 13:11:59,434[INFO ] [main] [XMLObjectRepository_Web.java:102] - Locator Value :By.xpath: //label[contains(text(),'Body')]/../following-sibling::div[1]//button
2020-07-02 13:11:59,568[DEBUG] [main] [WebKeywords.java:302] - Clicking Action Success.
2020-07-02 13:11:59,569[DEBUG] [main] [WebKeywords.java:293] - Clicking on any element
2020-07-02 13:11:59,571[INFO ] [main] [XMLObjectRepository_Web.java:102] - Locator Value :By.xpath: //label[contains(text(),'Body')]/../following-sibling::div[1]//button
2020-07-02 13:11:59,608[INFO ] [main] [XMLObjectRepository_Web.java:102] - Locator Value :By.xpath: //label[contains(text(),'Body')]/../following-sibling::div[1]//button
2020-07-02 13:11:59,709[DEBUG] [main] [WebKeywords.java:302] - Clicking Action Success.
2020-07-02 13:12:03,785[INFO ] [main] [WebKeywords.java:878] - Performing KeyPress:Body
2020-07-02 13:12:05,835[DEBUG] [main] [WebKeywords.java:710] - Waiting for an element to be visible for 15Secs..
2020-07-02 13:12:05,838[INFO ] [main] [XMLObjectRepository_Web.java:102] - Locator Value :By.xpath: (//div[@title='Body']//i[contains(text(),'trigger')])[9]
2020-07-02 13:12:05,970[INFO ] [main] [WebKeywords.java:722] - Element is visible..
2020-07-02 13:12:05,970[DEBUG] [main] [WebKeywords.java:293] - Clicking on any element
2020-07-02 13:12:05,972[INFO ] [main] [XMLObjectRepository_Web.java:102] - Locator Value :By.xpath: (//div[@title='Body']//i[contains(text(),'trigger')])[9]
2020-07-02 13:12:06,008[INFO ] [main] [XMLObjectRepository_Web.java:102] - Locator Value :By.xpath: (//div[@title='Body']//i[contains(text(),'trigger')])[9]
2020-07-02 13:12:06,194[DEBUG] [main] [WebKeywords.java:302] - Clicking Action Success.
2020-07-02 13:12:06,195[DEBUG] [main] [WebKeywords.java:293] - Clicking on any element
2020-07-02 13:12:06,197[INFO ] [main] [XMLObjectRepository_Web.java:102] - Locator Value :By.xpath: //a[@class='btn btn-cta1 mw6 pull-right']
2020-07-02 13:12:06,249[INFO ] [main] [XMLObjectRepository_Web.java:102] - Locator Value :By.xpath: //a[@class='btn btn-cta1 mw6 pull-right']
2020-07-02 13:12:06,411[DEBUG] [main] [WebKeywords.java:302] - Clicking Action Success.
2020-07-02 13:12:06,412[DEBUG] [main] [WebKeywords.java:710] - Waiting for an element to be visible for 15Secs..
2020-07-02 13:12:06,415[INFO ] [main] [XMLObjectRepository_Web.java:102] - Locator Value :By.xpath: //span[@class='text text-off']
2020-07-02 13:12:08,115[INFO ] [main] [WebKeywords.java:722] - Element is visible..
2020-07-02 13:12:08,116[DEBUG] [main] [WebKeywords.java:293] - Clicking on any element
2020-07-02 13:12:08,119[INFO ] [main] [XMLObjectRepository_Web.java:102] - Locator Value :By.xpath: //span[@class='text text-off']
2020-07-02 13:12:08,159[INFO ] [main] [XMLObjectRepository_Web.java:102] - Locator Value :By.xpath: //span[@class='text text-off']
2020-07-02 13:12:08,228[DEBUG] [main] [WebKeywords.java:302] - Clicking Action Success.
2020-07-02 13:12:08,228[DEBUG] [main] [WebKeywords.java:710] - Waiting for an element to be visible for 15Secs..
2020-07-02 13:12:08,232[INFO ] [main] [XMLObjectRepository_Web.java:102] - Locator Value :By.xpath: //button[text()="I'm Done"]
2020-07-02 13:12:09,918[INFO ] [main] [WebKeywords.java:722] - Element is visible..
2020-07-02 13:12:09,919[DEBUG] [main] [WebKeywords.java:293] - Clicking on any element
2020-07-02 13:12:09,921[INFO ] [main] [XMLObjectRepository_Web.java:102] - Locator Value :By.xpath: //button[text()="I'm Done"]
2020-07-02 13:12:09,962[INFO ] [main] [XMLObjectRepository_Web.java:102] - Locator Value :By.xpath: //button[text()="I'm Done"]
2020-07-02 13:12:10,065[DEBUG] [main] [WebKeywords.java:302] - Clicking Action Success.
2020-07-02 13:12:10,065[DEBUG] [main] [WebKeywords.java:584] - Verifying the text
2020-07-02 13:12:10,090[INFO ] [main] [AutomateIOTest.java:45] - TestStep 2: PASSED
2020-07-02 13:12:10,090[INFO ] [main] [AutomateIOTest.java:47] - Closing the driver instance..
2020-07-02 13:12:10,090[DEBUG] [main] [WebKeywords.java:221] - Closing the browser
2020-07-02 13:12:14,282[DEBUG] [main] [WebKeywords.java:259] - quiting the driver instance
2020-07-02 13:12:14,283[INFO ] [main] [WebKeywords.java:260] - 8a3c2c7b4d60d142ca910b1be9cdc1df
2020-07-02 13:12:17,683[INFO ] [main] [MainDriver.java:399] - Successfully closed the recording
2020-07-02 13:12:17,702[INFO ] [main] [TestListener.java:192] - ****************** End of the Suite [AutomateIOTest] ************************
2020-07-02 13:12:17,897[INFO ] [main] [Executor.java:461] - ************ [Total Execution Time-0:0:54] *******************]
