2020-07-01 00:27:44,622[INFO ] [main] [MainDriver.java:75] - Creating object repository object....
2020-07-01 00:27:44,631[INFO ] [main] [Log.java:15] - ****************************************************************************************
2020-07-01 00:27:44,631[INFO ] [main] [Log.java:16] - ****************************************************************************************
2020-07-01 00:27:44,632[INFO ] [main] [Log.java:17] - $$$$$$$$$$$$$$$$$$$$$                -S--T--A--R--T AutomateIOTest       $$$$$$$$$$$$$$$$$$$$$$$$$
2020-07-01 00:27:44,632[INFO ] [main] [Log.java:18] - ****************************************************************************************
2020-07-01 00:27:44,633[INFO ] [main] [Log.java:19] - ****************************************************************************************
2020-07-01 00:27:44,673[INFO ] [main] [Log.java:15] - ****************************************************************************************
2020-07-01 00:27:44,673[INFO ] [main] [Log.java:16] - ****************************************************************************************
2020-07-01 00:27:44,673[INFO ] [main] [Log.java:17] - $$$$$$$$$$$$$$$$$$$$$                -S--T--A--R--T PerformTask2       $$$$$$$$$$$$$$$$$$$$$$$$$
2020-07-01 00:27:44,674[INFO ] [main] [Log.java:18] - ****************************************************************************************
2020-07-01 00:27:44,674[INFO ] [main] [Log.java:19] - ****************************************************************************************
2020-07-01 00:27:44,798[DEBUG] [main] [MainDriver.java:139] - Opening browser
2020-07-01 00:28:00,168[INFO ] [main] [AutomateIOTest.java:59] - Fetching the login credentials..
2020-07-01 00:28:00,171[INFO ] [main] [AutomateIOTest.java:63] - TestStep 1:Login to application
2020-07-01 00:28:00,174[DEBUG] [main] [WebKeywords.java:378] - Writing in text box:txtEmailID
2020-07-01 00:28:00,267[INFO ] [main] [XMLObjectRepository_Web.java:106] - Locator Value :By.id: email
2020-07-01 00:28:00,339[INFO ] [main] [XMLObjectRepository_Web.java:106] - Locator Value :By.id: email
2020-07-01 00:28:00,513[DEBUG] [main] [WebKeywords.java:378] - Writing in text box:txtPassword
2020-07-01 00:28:00,515[INFO ] [main] [XMLObjectRepository_Web.java:106] - Locator Value :By.id: password
2020-07-01 00:28:00,561[INFO ] [main] [XMLObjectRepository_Web.java:106] - Locator Value :By.id: password
2020-07-01 00:28:00,676[DEBUG] [main] [WebKeywords.java:345] - Clicking on any element
2020-07-01 00:28:00,678[INFO ] [main] [XMLObjectRepository_Web.java:102] - Locator Value :By.xpath: //button[text()='LOGIN']
2020-07-01 00:28:00,731[INFO ] [main] [XMLObjectRepository_Web.java:102] - Locator Value :By.xpath: //button[text()='LOGIN']
2020-07-01 00:28:00,826[DEBUG] [main] [WebKeywords.java:354] - Clicking Action Success.
2020-07-01 00:28:00,831[DEBUG] [main] [WebKeywords.java:1360] - Waiting for an element to be visible for 30Secs..
2020-07-01 00:28:00,833[INFO ] [main] [XMLObjectRepository_Web.java:116] - Locator Value :By.linkText: Create a Bot
2020-07-01 00:28:02,591[INFO ] [main] [WebKeywords.java:1372] - Element is visible..
2020-07-01 00:28:02,837[ERROR] [main] [TestListener.java:30] - ***** Error PerformTask2 test has failed *****
2020-07-01 00:28:02,838[ERROR] [main] [TestListener.java:42] - Closing Driver Object:ChromeDriver: chrome on XP (b4d8472d8babbbb02e1ce7d96d9536d5)
2020-07-01 00:28:03,180[ERROR] [main] [TestListener.java:57] - Screen shot taken:C:\MyDrive\Work\Honeywell\MyDrive\WorkSpace_2\Automate.io\ScreenShot\_1832820200702.png
2020-07-01 00:28:03,180[ERROR] [main] [TestListener.java:78] - Closing the driver...ChromeDriver: chrome on XP (b4d8472d8babbbb02e1ce7d96d9536d5)
2020-07-01 00:28:04,370[INFO ] [main] [TestListener.java:191] - ****************** End of the Suite [AutomateIOTest] ************************
2020-07-01 00:28:04,603[INFO ] [main] [Executor.java:461] - ************ [Total Execution Time-0:0:23] *******************]
