2020-06-30 21:30:49,552[INFO ] [main] [MainDriver.java:75] - Creating object repository object....
2020-06-30 21:30:49,561[INFO ] [main] [Log.java:15] - ****************************************************************************************
2020-06-30 21:30:49,561[INFO ] [main] [Log.java:16] - ****************************************************************************************
2020-06-30 21:30:49,561[INFO ] [main] [Log.java:17] - $$$$$$$$$$$$$$$$$$$$$                -S--T--A--R--T AutomateIOTest       $$$$$$$$$$$$$$$$$$$$$$$$$
2020-06-30 21:30:49,561[INFO ] [main] [Log.java:18] - ****************************************************************************************
2020-06-30 21:30:49,562[INFO ] [main] [Log.java:19] - ****************************************************************************************
2020-06-30 21:30:49,596[INFO ] [main] [Log.java:15] - ****************************************************************************************
2020-06-30 21:30:49,596[INFO ] [main] [Log.java:16] - ****************************************************************************************
2020-06-30 21:30:49,597[INFO ] [main] [Log.java:17] - $$$$$$$$$$$$$$$$$$$$$                -S--T--A--R--T PerformTask2       $$$$$$$$$$$$$$$$$$$$$$$$$
2020-06-30 21:30:49,598[INFO ] [main] [Log.java:18] - ****************************************************************************************
2020-06-30 21:30:49,598[INFO ] [main] [Log.java:19] - ****************************************************************************************
2020-06-30 21:30:49,599[INFO ] [main] [AutomateIOTest.java:52] - Fetching the login credentials..
2020-06-30 21:30:49,704[INFO ] [main] [ServicesKeywords.java:55] - Loading URL :https://api.automate.io/auth/login
2020-06-30 21:30:49,704[INFO ] [main] [ServicesKeywords.java:56] - Request is :Login
2020-06-30 21:30:49,712[INFO ] [main] [ServicesKeywords.java:62] - Successfully loaded Below request:
{
  "email": "${emailID}",
  "password": "${password}"
}
2020-06-30 21:30:49,715[INFO ] [main] [ServicesKeywords.java:66] - ---------------------------------------------------------------------------------------
2020-06-30 21:30:49,716[INFO ] [main] [ServicesKeywords.java:111] - Substituting Key:emailID --> Value:raviauto09@gmail.com
2020-06-30 21:30:49,716[INFO ] [main] [ServicesKeywords.java:113] - Substituted payLoad is:{"email": "raviauto09@gmail.com", "password": "${password}"}
2020-06-30 21:30:49,716[INFO ] [main] [ServicesKeywords.java:114] - ---------------------------------------------------------------------------------------
2020-06-30 21:30:49,716[INFO ] [main] [ServicesKeywords.java:111] - Substituting Key:password --> Value:2589243m
2020-06-30 21:30:49,716[INFO ] [main] [ServicesKeywords.java:113] - Substituted payLoad is:{"email": "raviauto09@gmail.com", "password": "2589243m"}
2020-06-30 21:30:49,717[INFO ] [main] [ServicesKeywords.java:114] - ---------------------------------------------------------------------------------------
2020-06-30 21:30:49,717[INFO ] [main] [ServicesKeywords.java:94] - Substituting header:Content-Type:application/json
2020-06-30 21:30:49,717[INFO ] [main] [ServicesKeywords.java:95] - ---------------------------------------------------------------------------------------
2020-06-30 21:30:49,718[INFO ] [main] [ServicesKeywords.java:131] - ---------------------------------------------------------------------------------------
2020-06-30 21:30:49,719[INFO ] [main] [ServicesKeywords.java:132] - Posting Request to URL:https://api.automate.io/auth/login
2020-06-30 21:30:52,087[INFO ] [main] [ServicesKeywords.java:138] - Response Code from the Server is:[200]
2020-06-30 21:30:52,089[INFO ] [main] [ServicesKeywords.java:140] - Response from Server is:
{
  "data": {
    "name": "Ravindra Kumar"
  },
  "status": "success"
}
2020-06-30 21:30:52,090[INFO ] [main] [ServicesKeywords.java:142] - ---------------------------------------------------------------------------------------
2020-06-30 21:30:55,102[INFO ] [main] [ServicesKeywords.java:193] - Servercode Matched
2020-06-30 21:30:55,234[INFO ] [main] [ServicesKeywords.java:222] - Response value fetched using Xpath [$.status] is [success]
2020-06-30 21:30:55,234[INFO ] [main] [ServicesKeywords.java:225] - Response Validation: Matched- Actual[success] ---> Expected[success]
2020-06-30 21:30:55,235[INFO ] [main] [ServicesKeywords.java:226] - ---------------------------------------------------------------------------------------
2020-06-30 21:30:55,235[ERROR] [main] [ServicesKeywords.java:308] - Exception Occurred:[Ljava.lang.StackTraceElement;@2783717b
2020-06-30 21:30:55,236[ERROR] [main] [ServicesKeywords.java:309] - 
2020-06-30 21:30:55,236[INFO ] [main] [ServicesKeywords.java:310] - ---------------------------------------------------------------------------------------
2020-06-30 21:30:55,237[ERROR] [main] [ServicesKeywords.java:308] - Exception Occurred:[Ljava.lang.StackTraceElement;@76f7d241
2020-06-30 21:30:55,237[ERROR] [main] [ServicesKeywords.java:309] - 
2020-06-30 21:30:55,237[INFO ] [main] [ServicesKeywords.java:310] - ---------------------------------------------------------------------------------------
2020-06-30 21:30:55,238[INFO ] [main] [AutomateIOTest.java:81] - {cookie=null, xsrfToken=null}
2020-06-30 21:30:55,286[INFO ] [main] [TestListener.java:191] - ****************** End of the Suite [AutomateIOTest] ************************
2020-06-30 21:30:55,595[INFO ] [main] [Executor.java:461] - ************ [Total Execution Time-0:0:9] *******************]
