2020-06-30 21:56:17,313[INFO ] [main] [MainDriver.java:75] - Creating object repository object....
2020-06-30 21:56:17,322[INFO ] [main] [Log.java:15] - ****************************************************************************************
2020-06-30 21:56:17,322[INFO ] [main] [Log.java:16] - ****************************************************************************************
2020-06-30 21:56:17,323[INFO ] [main] [Log.java:17] - $$$$$$$$$$$$$$$$$$$$$                -S--T--A--R--T AutomateIOTest       $$$$$$$$$$$$$$$$$$$$$$$$$
2020-06-30 21:56:17,323[INFO ] [main] [Log.java:18] - ****************************************************************************************
2020-06-30 21:56:17,324[INFO ] [main] [Log.java:19] - ****************************************************************************************
2020-06-30 21:56:17,367[INFO ] [main] [Log.java:15] - ****************************************************************************************
2020-06-30 21:56:17,369[INFO ] [main] [Log.java:16] - ****************************************************************************************
2020-06-30 21:56:17,369[INFO ] [main] [Log.java:17] - $$$$$$$$$$$$$$$$$$$$$                -S--T--A--R--T PerformTask2       $$$$$$$$$$$$$$$$$$$$$$$$$
2020-06-30 21:56:17,370[INFO ] [main] [Log.java:18] - ****************************************************************************************
2020-06-30 21:56:17,371[INFO ] [main] [Log.java:19] - ****************************************************************************************
2020-06-30 21:56:17,522[DEBUG] [main] [MainDriver.java:139] - Opening browser
2020-06-30 21:56:33,409[INFO ] [main] [AutomateIOTest.java:57] - Fetching the login credentials..
2020-06-30 21:56:33,412[INFO ] [main] [AutomateIOTest.java:61] - TestStep 1:Login to application
2020-06-30 21:56:33,418[DEBUG] [main] [WebKeywords.java:378] - Writing in text box:txtEmailID
2020-06-30 21:56:33,547[INFO ] [main] [XMLObjectRepository_Web.java:106] - Locator Value :By.id: email
2020-06-30 21:56:33,645[INFO ] [main] [XMLObjectRepository_Web.java:106] - Locator Value :By.id: email
2020-06-30 21:56:33,814[DEBUG] [main] [WebKeywords.java:378] - Writing in text box:txtPassword
2020-06-30 21:56:33,816[INFO ] [main] [XMLObjectRepository_Web.java:106] - Locator Value :By.id: password
2020-06-30 21:56:33,863[INFO ] [main] [XMLObjectRepository_Web.java:106] - Locator Value :By.id: password
2020-06-30 21:56:33,966[DEBUG] [main] [WebKeywords.java:345] - Clicking on any element
2020-06-30 21:56:33,969[INFO ] [main] [XMLObjectRepository_Web.java:102] - Locator Value :By.xpath: //button[text()='LOGIN']
2020-06-30 21:56:34,021[INFO ] [main] [XMLObjectRepository_Web.java:102] - Locator Value :By.xpath: //button[text()='LOGIN']
2020-06-30 21:56:34,145[DEBUG] [main] [WebKeywords.java:354] - Clicking Action Success.
2020-06-30 21:56:34,148[DEBUG] [main] [WebKeywords.java:1360] - Waiting for an element to be visible for 30Secs..
2020-06-30 21:56:34,150[INFO ] [main] [XMLObjectRepository_Web.java:116] - Locator Value :By.linkText: Create a Bot
2020-06-30 21:56:36,994[INFO ] [main] [WebKeywords.java:1372] - Element is visible..
2020-06-30 21:56:37,161[INFO ] [main] [ServicesKeywords.java:55] - Loading URL :https://api.automate.io/auth/login
2020-06-30 21:56:37,161[INFO ] [main] [ServicesKeywords.java:56] - Request is :Login
2020-06-30 21:56:37,161[INFO ] [main] [ServicesKeywords.java:62] - Successfully loaded Below request:
{
  "email": "${emailID}",
  "password": "${password}"
}
2020-06-30 21:56:37,163[INFO ] [main] [ServicesKeywords.java:66] - ---------------------------------------------------------------------------------------
2020-06-30 21:56:37,164[INFO ] [main] [ServicesKeywords.java:111] - Substituting Key:emailID --> Value:raviauto09@gmail.com
2020-06-30 21:56:37,164[INFO ] [main] [ServicesKeywords.java:113] - Substituted payLoad is:{"email": "raviauto09@gmail.com", "password": "${password}"}
2020-06-30 21:56:37,164[INFO ] [main] [ServicesKeywords.java:114] - ---------------------------------------------------------------------------------------
2020-06-30 21:56:37,164[INFO ] [main] [ServicesKeywords.java:111] - Substituting Key:password --> Value:2589243m
2020-06-30 21:56:37,164[INFO ] [main] [ServicesKeywords.java:113] - Substituted payLoad is:{"email": "raviauto09@gmail.com", "password": "2589243m"}
2020-06-30 21:56:37,164[INFO ] [main] [ServicesKeywords.java:114] - ---------------------------------------------------------------------------------------
2020-06-30 21:56:37,165[INFO ] [main] [ServicesKeywords.java:94] - Substituting header:Content-Type:application/json
2020-06-30 21:56:37,165[INFO ] [main] [ServicesKeywords.java:95] - ---------------------------------------------------------------------------------------
2020-06-30 21:56:37,165[INFO ] [main] [ServicesKeywords.java:94] - Substituting header:Accept:application/json
2020-06-30 21:56:37,166[INFO ] [main] [ServicesKeywords.java:95] - ---------------------------------------------------------------------------------------
2020-06-30 21:56:37,166[INFO ] [main] [ServicesKeywords.java:94] - Substituting header:User-Agent:Mozilla/5.0 (X11; Linux x86_64) AppleWebKit/537.36 (KHTML, like Gecko) Chrome/79.0.3945.130 Safari/537.36
2020-06-30 21:56:37,166[INFO ] [main] [ServicesKeywords.java:95] - ---------------------------------------------------------------------------------------
2020-06-30 21:56:37,166[INFO ] [main] [ServicesKeywords.java:131] - ---------------------------------------------------------------------------------------
2020-06-30 21:56:37,166[INFO ] [main] [ServicesKeywords.java:132] - Posting Request to URL:https://api.automate.io/auth/login
2020-06-30 21:56:39,618[INFO ] [main] [ServicesKeywords.java:138] - Response Code from the Server is:[200]
2020-06-30 21:56:39,619[INFO ] [main] [ServicesKeywords.java:140] - Response from Server is:
{
  "data": {
    "name": "Ravindra Kumar"
  },
  "status": "success"
}
2020-06-30 21:56:39,619[INFO ] [main] [ServicesKeywords.java:142] - ---------------------------------------------------------------------------------------
2020-06-30 21:56:42,633[INFO ] [main] [ServicesKeywords.java:193] - Servercode Matched
2020-06-30 21:56:42,792[INFO ] [main] [ServicesKeywords.java:222] - Response value fetched using Xpath [$.status] is [success]
2020-06-30 21:56:42,793[INFO ] [main] [ServicesKeywords.java:225] - Response Validation: Matched- Actual[success] ---> Expected[success]
2020-06-30 21:56:42,793[INFO ] [main] [ServicesKeywords.java:226] - ---------------------------------------------------------------------------------------
2020-06-30 21:56:42,793[INFO ] [main] [AutomateIOTest.java:97] - {xsrfToken=ZK1KjlLi-sI9uPC6in4A4LaB6aauJuL8oNR8}
2020-06-30 21:56:48,204[INFO ] [main] [TestListener.java:191] - ****************** End of the Suite [AutomateIOTest] ************************
2020-06-30 21:56:48,413[INFO ] [main] [Executor.java:461] - ************ [Total Execution Time-0:0:47] *******************]
