2020-06-30 23:00:33,937[INFO ] [main] [MainDriver.java:75] - Creating object repository object....
2020-06-30 23:00:33,946[INFO ] [main] [Log.java:15] - ****************************************************************************************
2020-06-30 23:00:33,946[INFO ] [main] [Log.java:16] - ****************************************************************************************
2020-06-30 23:00:33,946[INFO ] [main] [Log.java:17] - $$$$$$$$$$$$$$$$$$$$$                -S--T--A--R--T AutomateIOTest       $$$$$$$$$$$$$$$$$$$$$$$$$
2020-06-30 23:00:33,946[INFO ] [main] [Log.java:18] - ****************************************************************************************
2020-06-30 23:00:33,947[INFO ] [main] [Log.java:19] - ****************************************************************************************
2020-06-30 23:00:33,973[INFO ] [main] [Log.java:15] - ****************************************************************************************
2020-06-30 23:00:33,974[INFO ] [main] [Log.java:16] - ****************************************************************************************
2020-06-30 23:00:33,974[INFO ] [main] [Log.java:17] - $$$$$$$$$$$$$$$$$$$$$                -S--T--A--R--T PerformTask2       $$$$$$$$$$$$$$$$$$$$$$$$$
2020-06-30 23:00:33,974[INFO ] [main] [Log.java:18] - ****************************************************************************************
2020-06-30 23:00:33,975[INFO ] [main] [Log.java:19] - ****************************************************************************************
2020-06-30 23:00:34,105[DEBUG] [main] [MainDriver.java:139] - Opening browser
2020-06-30 23:00:48,743[INFO ] [main] [AutomateIOTest.java:57] - Fetching the login credentials..
2020-06-30 23:00:48,746[INFO ] [main] [AutomateIOTest.java:61] - TestStep 1:Login to application
2020-06-30 23:00:48,751[DEBUG] [main] [WebKeywords.java:378] - Writing in text box:txtEmailID
2020-06-30 23:00:48,856[INFO ] [main] [XMLObjectRepository_Web.java:106] - Locator Value :By.id: email
2020-06-30 23:00:48,931[INFO ] [main] [XMLObjectRepository_Web.java:106] - Locator Value :By.id: email
2020-06-30 23:00:49,100[DEBUG] [main] [WebKeywords.java:378] - Writing in text box:txtPassword
2020-06-30 23:00:49,101[INFO ] [main] [XMLObjectRepository_Web.java:106] - Locator Value :By.id: password
2020-06-30 23:00:49,138[INFO ] [main] [XMLObjectRepository_Web.java:106] - Locator Value :By.id: password
2020-06-30 23:00:49,239[DEBUG] [main] [WebKeywords.java:345] - Clicking on any element
2020-06-30 23:00:49,241[INFO ] [main] [XMLObjectRepository_Web.java:102] - Locator Value :By.xpath: //button[text()='LOGIN']
2020-06-30 23:00:49,277[INFO ] [main] [XMLObjectRepository_Web.java:102] - Locator Value :By.xpath: //button[text()='LOGIN']
2020-06-30 23:00:49,352[DEBUG] [main] [WebKeywords.java:354] - Clicking Action Success.
2020-06-30 23:00:49,356[DEBUG] [main] [WebKeywords.java:1360] - Waiting for an element to be visible for 30Secs..
2020-06-30 23:00:49,357[INFO ] [main] [XMLObjectRepository_Web.java:116] - Locator Value :By.linkText: Create a Bot
2020-06-30 23:00:51,651[INFO ] [main] [WebKeywords.java:1372] - Element is visible..
2020-06-30 23:00:52,837[ERROR] [main] [TestListener.java:30] - ***** Error PerformTask2 test has failed *****
2020-06-30 23:00:52,838[ERROR] [main] [TestListener.java:42] - Closing Driver Object:ChromeDriver: chrome on XP (null)
2020-06-30 23:00:52,842[ERROR] [main] [TestListener.java:78] - Closing the driver...ChromeDriver: chrome on XP (null)
2020-06-30 23:00:52,872[INFO ] [main] [TestListener.java:191] - ****************** End of the Suite [AutomateIOTest] ************************
2020-06-30 23:00:53,104[INFO ] [main] [Executor.java:461] - ************ [Total Execution Time-0:0:26] *******************]
