2020-06-29 22:26:49,418[INFO ] [main] [MainDriver.java:75] - Creating object repository object....
2020-06-29 22:26:49,428[INFO ] [main] [Log.java:15] - ****************************************************************************************
2020-06-29 22:26:49,428[INFO ] [main] [Log.java:16] - ****************************************************************************************
2020-06-29 22:26:49,428[INFO ] [main] [Log.java:17] - $$$$$$$$$$$$$$$$$$$$$                -S--T--A--R--T AutomateIOTest       $$$$$$$$$$$$$$$$$$$$$$$$$
2020-06-29 22:26:49,428[INFO ] [main] [Log.java:18] - ****************************************************************************************
2020-06-29 22:26:49,429[INFO ] [main] [Log.java:19] - ****************************************************************************************
2020-06-29 22:26:49,454[INFO ] [main] [Log.java:15] - ****************************************************************************************
2020-06-29 22:26:49,455[INFO ] [main] [Log.java:16] - ****************************************************************************************
2020-06-29 22:26:49,455[INFO ] [main] [Log.java:17] - $$$$$$$$$$$$$$$$$$$$$                -S--T--A--R--T PerformTask1       $$$$$$$$$$$$$$$$$$$$$$$$$
2020-06-29 22:26:49,456[INFO ] [main] [Log.java:18] - ****************************************************************************************
2020-06-29 22:26:49,456[INFO ] [main] [Log.java:19] - ****************************************************************************************
2020-06-29 22:26:49,575[DEBUG] [main] [MainDriver.java:139] - Opening browser
2020-06-29 22:27:04,611[INFO ] [main] [AutomateIOTest.java:30] - Fetching the login credentials..
2020-06-29 22:27:04,618[INFO ] [main] [AutomateIOTest.java:35] - TestStep 1:Login to application
2020-06-29 22:27:04,619[DEBUG] [main] [WebKeywords.java:378] - Writing in text box:txtEmailID
2020-06-29 22:27:04,724[INFO ] [main] [XMLObjectRepository_Web.java:106] - Locator Value :By.id: email
2020-06-29 22:27:04,799[INFO ] [main] [XMLObjectRepository_Web.java:106] - Locator Value :By.id: email
2020-06-29 22:27:04,965[DEBUG] [main] [WebKeywords.java:378] - Writing in text box:txtPassword
2020-06-29 22:27:04,967[INFO ] [main] [XMLObjectRepository_Web.java:106] - Locator Value :By.id: password
2020-06-29 22:27:05,005[INFO ] [main] [XMLObjectRepository_Web.java:106] - Locator Value :By.id: password
2020-06-29 22:27:05,090[DEBUG] [main] [WebKeywords.java:345] - Clicking on any element
2020-06-29 22:27:05,092[INFO ] [main] [XMLObjectRepository_Web.java:102] - Locator Value :By.xpath: //button[text()='LOGIN']
2020-06-29 22:27:05,130[INFO ] [main] [XMLObjectRepository_Web.java:102] - Locator Value :By.xpath: //button[text()='LOGIN']
2020-06-29 22:27:05,230[DEBUG] [main] [WebKeywords.java:354] - Clicking Action Success.
2020-06-29 22:27:05,234[DEBUG] [main] [WebKeywords.java:1360] - Waiting for an element to be visible for 30Secs..
2020-06-29 22:27:05,235[INFO ] [main] [XMLObjectRepository_Web.java:116] - Locator Value :By.linkText: Create a Bot
2020-06-29 22:27:07,004[INFO ] [main] [WebKeywords.java:1372] - Element is visible..
2020-06-29 22:27:07,009[INFO ] [main] [AutomateIOTest.java:37] - TestStep 1: PASSED
2020-06-29 22:27:07,009[INFO ] [main] [AutomateIOTest.java:39] - TestStep 2:Create a bot that sends an email to another Gmail account (input: to-email)
2020-06-29 22:27:07,009[DEBUG] [main] [WebKeywords.java:345] - Clicking on any element
2020-06-29 22:27:07,012[INFO ] [main] [XMLObjectRepository_Web.java:116] - Locator Value :By.linkText: Create a Bot
2020-06-29 22:27:07,056[INFO ] [main] [XMLObjectRepository_Web.java:116] - Locator Value :By.linkText: Create a Bot
2020-06-29 22:27:07,224[DEBUG] [main] [WebKeywords.java:354] - Clicking Action Success.
2020-06-29 22:27:07,224[DEBUG] [main] [WebKeywords.java:1360] - Waiting for an element to be visible for 30Secs..
2020-06-29 22:27:07,227[INFO ] [main] [XMLObjectRepository_Web.java:102] - Locator Value :By.xpath: //h5[text()='Connected Apps']/../following-sibling::div[1]//span[text()='Gmail']
2020-06-29 22:27:08,208[INFO ] [main] [WebKeywords.java:1372] - Element is visible..
2020-06-29 22:27:08,208[DEBUG] [main] [WebKeywords.java:345] - Clicking on any element
2020-06-29 22:27:08,212[INFO ] [main] [XMLObjectRepository_Web.java:102] - Locator Value :By.xpath: //h5[text()='Connected Apps']/../following-sibling::div[1]//span[text()='Gmail']
2020-06-29 22:27:08,281[INFO ] [main] [XMLObjectRepository_Web.java:102] - Locator Value :By.xpath: //h5[text()='Connected Apps']/../following-sibling::div[1]//span[text()='Gmail']
2020-06-29 22:27:08,494[DEBUG] [main] [WebKeywords.java:354] - Clicking Action Success.
2020-06-29 22:27:08,494[DEBUG] [main] [WebKeywords.java:378] - Writing in text box:txtTriggerEvent
2020-06-29 22:27:08,497[INFO ] [main] [XMLObjectRepository_Web.java:102] - Locator Value :By.xpath: //span[text()='Select the trigger event']/../following-sibling::ul//form/input
2020-06-29 22:27:09,635[INFO ] [main] [XMLObjectRepository_Web.java:102] - Locator Value :By.xpath: //span[text()='Select the trigger event']/../following-sibling::ul//form/input
2020-06-29 22:27:09,754[DEBUG] [main] [WebKeywords.java:345] - Clicking on any element
2020-06-29 22:27:09,756[INFO ] [main] [XMLObjectRepository_Web.java:102] - Locator Value :By.xpath: //div[@title='New Email']
2020-06-29 22:27:09,807[INFO ] [main] [XMLObjectRepository_Web.java:102] - Locator Value :By.xpath: //div[@title='New Email']
2020-06-29 22:27:09,947[DEBUG] [main] [WebKeywords.java:354] - Clicking Action Success.
2020-06-29 22:27:09,947[DEBUG] [main] [WebKeywords.java:345] - Clicking on any element
2020-06-29 22:27:09,950[INFO ] [main] [XMLObjectRepository_Web.java:102] - Locator Value :By.xpath: //small[text()='Gmail folder in which to look for New Email.']/preceding-sibling::div[1]
2020-06-29 22:27:10,157[INFO ] [main] [XMLObjectRepository_Web.java:102] - Locator Value :By.xpath: //small[text()='Gmail folder in which to look for New Email.']/preceding-sibling::div[1]
2020-06-29 22:27:10,276[DEBUG] [main] [WebKeywords.java:354] - Clicking Action Success.
2020-06-29 22:27:10,276[DEBUG] [main] [WebKeywords.java:378] - Writing in text box:txtFolderSearch
2020-06-29 22:27:10,279[INFO ] [main] [XMLObjectRepository_Web.java:102] - Locator Value :By.xpath: //small[text()='Gmail folder in which to look for New Email.']/preceding-sibling::div[1]//input
2020-06-29 22:27:11,442[INFO ] [main] [XMLObjectRepository_Web.java:102] - Locator Value :By.xpath: //small[text()='Gmail folder in which to look for New Email.']/preceding-sibling::div[1]//input
2020-06-29 22:27:11,555[DEBUG] [main] [WebKeywords.java:1360] - Waiting for an element to be visible for 30Secs..
2020-06-29 22:27:11,557[INFO ] [main] [XMLObjectRepository_Web.java:102] - Locator Value :By.xpath: //div[@title='INBOX']
2020-06-29 22:27:11,614[INFO ] [main] [WebKeywords.java:1372] - Element is visible..
2020-06-29 22:27:11,614[DEBUG] [main] [WebKeywords.java:345] - Clicking on any element
2020-06-29 22:27:11,617[INFO ] [main] [XMLObjectRepository_Web.java:102] - Locator Value :By.xpath: //div[@title='INBOX']
2020-06-29 22:27:11,649[INFO ] [main] [XMLObjectRepository_Web.java:102] - Locator Value :By.xpath: //div[@title='INBOX']
2020-06-29 22:27:11,763[DEBUG] [main] [WebKeywords.java:354] - Clicking Action Success.
2020-06-29 22:27:11,763[DEBUG] [main] [WebKeywords.java:1360] - Waiting for an element to be visible for 30Secs..
2020-06-29 22:27:11,767[INFO ] [main] [XMLObjectRepository_Web.java:102] - Locator Value :By.xpath: //span[contains(text(),'Select')]
2020-06-29 22:27:11,834[INFO ] [main] [WebKeywords.java:1372] - Element is visible..
2020-06-29 22:27:11,835[DEBUG] [main] [WebKeywords.java:345] - Clicking on any element
2020-06-29 22:27:11,837[INFO ] [main] [XMLObjectRepository_Web.java:102] - Locator Value :By.xpath: //span[contains(text(),'Select')]
2020-06-29 22:27:11,868[INFO ] [main] [XMLObjectRepository_Web.java:102] - Locator Value :By.xpath: //span[contains(text(),'Select')]
2020-06-29 22:27:12,032[DEBUG] [main] [WebKeywords.java:354] - Clicking Action Success.
2020-06-29 22:27:12,033[DEBUG] [main] [WebKeywords.java:345] - Clicking on any element
2020-06-29 22:27:12,035[INFO ] [main] [XMLObjectRepository_Web.java:102] - Locator Value :By.xpath: (//aio-user-app-select-figure[@title='Gmail']//img[1])[2]
2020-06-29 22:27:12,122[INFO ] [main] [XMLObjectRepository_Web.java:102] - Locator Value :By.xpath: (//aio-user-app-select-figure[@title='Gmail']//img[1])[2]
2020-06-29 22:27:12,363[DEBUG] [main] [WebKeywords.java:354] - Clicking Action Success.
2020-06-29 22:27:12,363[DEBUG] [main] [WebKeywords.java:345] - Clicking on any element
2020-06-29 22:27:12,366[INFO ] [main] [XMLObjectRepository_Web.java:102] - Locator Value :By.xpath: //div[contains(text(),'Send an Email from your account')]
2020-06-29 22:27:12,425[INFO ] [main] [XMLObjectRepository_Web.java:102] - Locator Value :By.xpath: //div[contains(text(),'Send an Email from your account')]
2020-06-29 22:27:12,765[DEBUG] [main] [WebKeywords.java:354] - Clicking Action Success.
2020-06-29 22:27:12,766[DEBUG] [main] [WebKeywords.java:345] - Clicking on any element
2020-06-29 22:27:12,768[INFO ] [main] [XMLObjectRepository_Web.java:102] - Locator Value :By.xpath: //label[contains(text(),'From Name')]/../following-sibling::div[1]//button
2020-06-29 22:27:12,817[INFO ] [main] [XMLObjectRepository_Web.java:102] - Locator Value :By.xpath: //label[contains(text(),'From Name')]/../following-sibling::div[1]//button
2020-06-29 22:27:12,928[DEBUG] [main] [WebKeywords.java:354] - Clicking Action Success.
2020-06-29 22:27:12,929[DEBUG] [main] [WebKeywords.java:345] - Clicking on any element
2020-06-29 22:27:12,931[INFO ] [main] [XMLObjectRepository_Web.java:102] - Locator Value :By.xpath: (//div[text()='Input Fields']/following-sibling::div//span[text()='From Name'])[2]
2020-06-29 22:27:12,992[INFO ] [main] [XMLObjectRepository_Web.java:102] - Locator Value :By.xpath: (//div[text()='Input Fields']/following-sibling::div//span[text()='From Name'])[2]
2020-06-29 22:27:13,125[DEBUG] [main] [WebKeywords.java:354] - Clicking Action Success.
2020-06-29 22:27:13,126[DEBUG] [main] [WebKeywords.java:345] - Clicking on any element
2020-06-29 22:27:13,129[INFO ] [main] [XMLObjectRepository_Web.java:102] - Locator Value :By.xpath: //label[contains(text(),'From Address')]/../following-sibling::div[1]//button
2020-06-29 22:27:13,182[INFO ] [main] [XMLObjectRepository_Web.java:102] - Locator Value :By.xpath: //label[contains(text(),'From Address')]/../following-sibling::div[1]//button
2020-06-29 22:27:13,319[DEBUG] [main] [WebKeywords.java:354] - Clicking Action Success.
2020-06-29 22:27:13,319[DEBUG] [main] [WebKeywords.java:345] - Clicking on any element
2020-06-29 22:27:13,321[INFO ] [main] [XMLObjectRepository_Web.java:102] - Locator Value :By.xpath: (//div[text()='Input Fields']/following-sibling::div//span[text()='From Email'])[3]
2020-06-29 22:27:13,374[INFO ] [main] [XMLObjectRepository_Web.java:102] - Locator Value :By.xpath: (//div[text()='Input Fields']/following-sibling::div//span[text()='From Email'])[3]
2020-06-29 22:27:13,542[DEBUG] [main] [WebKeywords.java:354] - Clicking Action Success.
2020-06-29 22:27:13,543[DEBUG] [main] [WebKeywords.java:378] - Writing in text box:spnToNameTrigger
2020-06-29 22:27:13,545[INFO ] [main] [XMLObjectRepository_Web.java:102] - Locator Value :By.xpath: //label[contains(text(),'To Name')]/../following-sibling::div/div/div
2020-06-29 22:27:13,611[INFO ] [main] [XMLObjectRepository_Web.java:102] - Locator Value :By.xpath: //label[contains(text(),'To Name')]/../following-sibling::div/div/div
2020-06-29 22:27:13,759[DEBUG] [main] [WebKeywords.java:378] - Writing in text box:spnToAddressTrigger
2020-06-29 22:27:13,761[INFO ] [main] [XMLObjectRepository_Web.java:102] - Locator Value :By.xpath: //label[contains(text(),'To Addresses')]/../following-sibling::div/aio-content-editable/div/div/div
2020-06-29 22:27:13,813[INFO ] [main] [XMLObjectRepository_Web.java:102] - Locator Value :By.xpath: //label[contains(text(),'To Addresses')]/../following-sibling::div/aio-content-editable/div/div/div
2020-06-29 22:27:13,902[DEBUG] [main] [WebKeywords.java:345] - Clicking on any element
2020-06-29 22:27:13,906[INFO ] [main] [XMLObjectRepository_Web.java:102] - Locator Value :By.xpath: //label[contains(text(),'Subject')]/../following-sibling::div[1]//button
2020-06-29 22:27:13,955[INFO ] [main] [XMLObjectRepository_Web.java:102] - Locator Value :By.xpath: //label[contains(text(),'Subject')]/../following-sibling::div[1]//button
2020-06-29 22:27:14,066[DEBUG] [main] [WebKeywords.java:354] - Clicking Action Success.
2020-06-29 22:27:14,067[DEBUG] [main] [WebKeywords.java:1360] - Waiting for an element to be visible for 15Secs..
2020-06-29 22:27:14,069[INFO ] [main] [XMLObjectRepository_Web.java:102] - Locator Value :By.xpath: //div[@class='input-group-btn open']//li[6]//div[1]//i[1]
2020-06-29 22:27:14,164[INFO ] [main] [WebKeywords.java:1372] - Element is visible..
2020-06-29 22:27:14,165[DEBUG] [main] [WebKeywords.java:345] - Clicking on any element
2020-06-29 22:27:14,167[INFO ] [main] [XMLObjectRepository_Web.java:102] - Locator Value :By.xpath: //div[@class='input-group-btn open']//li[6]//div[1]//i[1]
2020-06-29 22:27:14,202[INFO ] [main] [XMLObjectRepository_Web.java:102] - Locator Value :By.xpath: //div[@class='input-group-btn open']//li[6]//div[1]//i[1]
2020-06-29 22:27:14,324[DEBUG] [main] [WebKeywords.java:354] - Clicking Action Success.
2020-06-29 22:27:16,331[DEBUG] [main] [WebKeywords.java:345] - Clicking on any element
2020-06-29 22:27:16,334[INFO ] [main] [XMLObjectRepository_Web.java:102] - Locator Value :By.xpath: //label[contains(text(),'Body')]/../following-sibling::div[1]//button
2020-06-29 22:27:16,408[INFO ] [main] [XMLObjectRepository_Web.java:102] - Locator Value :By.xpath: //label[contains(text(),'Body')]/../following-sibling::div[1]//button
2020-06-29 22:27:16,553[DEBUG] [main] [WebKeywords.java:354] - Clicking Action Success.
2020-06-29 22:27:16,553[DEBUG] [main] [WebKeywords.java:345] - Clicking on any element
2020-06-29 22:27:16,557[INFO ] [main] [XMLObjectRepository_Web.java:102] - Locator Value :By.xpath: //label[contains(text(),'Body')]/../following-sibling::div[1]//button
2020-06-29 22:27:16,593[INFO ] [main] [XMLObjectRepository_Web.java:102] - Locator Value :By.xpath: //label[contains(text(),'Body')]/../following-sibling::div[1]//button
2020-06-29 22:27:16,662[DEBUG] [main] [WebKeywords.java:354] - Clicking Action Success.
2020-06-29 22:27:18,675[DEBUG] [main] [WebKeywords.java:1360] - Waiting for an element to be visible for 15Secs..
2020-06-29 22:27:18,679[INFO ] [main] [XMLObjectRepository_Web.java:102] - Locator Value :By.xpath: //div[@class='input-group-btn open']//li[@class='data-item link-like highlighted']//div[@class='heading ellipsed']
2020-06-29 22:27:29,042[INFO ] [main] [WebKeywords.java:1377] - Element is not visible..
2020-06-29 22:27:29,049[INFO ] [main] [XMLObjectRepository_Web.java:102] - Locator Value :By.xpath: //div[@class='input-group-btn open']//li[@class='data-item link-like highlighted']//div[@class='heading ellipsed']
2020-06-29 22:27:39,414[INFO ] [main] [WebKeywords.java:1377] - Element is not visible..
2020-06-29 22:27:39,415[ERROR] [main] [WebKeywords.java:1388] - java.lang.Exception: Element wait failed.
2020-06-29 22:27:41,421[DEBUG] [main] [WebKeywords.java:378] - Writing in text box:txtEmailBodyAdd
2020-06-29 22:27:41,426[INFO ] [main] [XMLObjectRepository_Web.java:102] - Locator Value :By.xpath: //div[@class='input-group-btn open']//input[@class='form-control input-sm ng-pristine ng-valid ng-touched']
2020-06-29 22:28:41,592[ERROR] [main] [WebKeywords.java:386] - org.openqa.selenium.TimeoutException: Expected condition failed: waiting for visibility of element located by By.xpath: //div[@class='input-group-btn open']//input[@class='form-control input-sm ng-pristine ng-valid ng-touched'] (tried for 60 second(s) with 500 MILLISECONDS interval)
2020-06-29 22:28:41,593[DEBUG] [main] [WebKeywords.java:1360] - Waiting for an element to be visible for 15Secs..
2020-06-29 22:28:41,600[INFO ] [main] [XMLObjectRepository_Web.java:102] - Locator Value :By.xpath: //div[@class='input-group-btn open']//li[@class='data-item link-like highlighted']//div[@class='heading ellipsed']
2020-06-29 22:28:51,970[INFO ] [main] [WebKeywords.java:1377] - Element is not visible..
2020-06-29 22:28:51,973[INFO ] [main] [XMLObjectRepository_Web.java:102] - Locator Value :By.xpath: //div[@class='input-group-btn open']//li[@class='data-item link-like highlighted']//div[@class='heading ellipsed']
2020-06-29 22:29:02,351[INFO ] [main] [WebKeywords.java:1377] - Element is not visible..
2020-06-29 22:29:02,351[ERROR] [main] [WebKeywords.java:1388] - java.lang.Exception: Element wait failed.
2020-06-29 22:29:02,351[DEBUG] [main] [WebKeywords.java:345] - Clicking on any element
2020-06-29 22:29:02,354[INFO ] [main] [XMLObjectRepository_Web.java:102] - Locator Value :By.xpath: //div[@class='input-group-btn open']//li[@class='data-item link-like highlighted']//div[@class='heading ellipsed']
2020-06-29 22:29:31,855[INFO ] [main] [XMLObjectRepository_Web.java:102] - Locator Value :By.xpath: //div[@class='input-group-btn open']//li[@class='data-item link-like highlighted']//div[@class='heading ellipsed']
2020-06-29 22:29:32,002[DEBUG] [main] [WebKeywords.java:354] - Clicking Action Success.
2020-06-29 22:29:42,013[DEBUG] [main] [WebKeywords.java:273] - Closing the browser
2020-06-29 22:29:46,240[DEBUG] [main] [WebKeywords.java:311] - quiting the driver instance
2020-06-29 22:29:46,240[INFO ] [main] [WebKeywords.java:312] - c37ec39f8c85a8f22c56eeaea1bb94b4
2020-06-29 22:29:47,207[INFO ] [main] [TestListener.java:191] - ****************** End of the Suite [AutomateIOTest] ************************
2020-06-29 22:29:47,472[INFO ] [main] [Executor.java:461] - ************ [Total Execution Time-0:3:1] *******************]
