2020-06-30 23:20:01,300[INFO ] [main] [MainDriver.java:75] - Creating object repository object....
2020-06-30 23:20:01,310[INFO ] [main] [Log.java:15] - ****************************************************************************************
2020-06-30 23:20:01,310[INFO ] [main] [Log.java:16] - ****************************************************************************************
2020-06-30 23:20:01,310[INFO ] [main] [Log.java:17] - $$$$$$$$$$$$$$$$$$$$$                -S--T--A--R--T AutomateIOTest       $$$$$$$$$$$$$$$$$$$$$$$$$
2020-06-30 23:20:01,310[INFO ] [main] [Log.java:18] - ****************************************************************************************
2020-06-30 23:20:01,311[INFO ] [main] [Log.java:19] - ****************************************************************************************
2020-06-30 23:20:01,336[INFO ] [main] [Log.java:15] - ****************************************************************************************
2020-06-30 23:20:01,337[INFO ] [main] [Log.java:16] - ****************************************************************************************
2020-06-30 23:20:01,337[INFO ] [main] [Log.java:17] - $$$$$$$$$$$$$$$$$$$$$                -S--T--A--R--T PerformTask2       $$$$$$$$$$$$$$$$$$$$$$$$$
2020-06-30 23:20:01,338[INFO ] [main] [Log.java:18] - ****************************************************************************************
2020-06-30 23:20:01,338[INFO ] [main] [Log.java:19] - ****************************************************************************************
2020-06-30 23:20:01,465[DEBUG] [main] [MainDriver.java:139] - Opening browser
2020-06-30 23:20:16,594[INFO ] [main] [AutomateIOTest.java:59] - Fetching the login credentials..
2020-06-30 23:20:16,600[INFO ] [main] [AutomateIOTest.java:63] - TestStep 1:Login to application
2020-06-30 23:20:16,608[DEBUG] [main] [WebKeywords.java:378] - Writing in text box:txtEmailID
2020-06-30 23:20:16,708[INFO ] [main] [XMLObjectRepository_Web.java:106] - Locator Value :By.id: email
2020-06-30 23:20:16,780[INFO ] [main] [XMLObjectRepository_Web.java:106] - Locator Value :By.id: email
2020-06-30 23:20:16,944[DEBUG] [main] [WebKeywords.java:378] - Writing in text box:txtPassword
2020-06-30 23:20:16,947[INFO ] [main] [XMLObjectRepository_Web.java:106] - Locator Value :By.id: password
2020-06-30 23:20:16,982[INFO ] [main] [XMLObjectRepository_Web.java:106] - Locator Value :By.id: password
2020-06-30 23:20:17,086[DEBUG] [main] [WebKeywords.java:345] - Clicking on any element
2020-06-30 23:20:17,088[INFO ] [main] [XMLObjectRepository_Web.java:102] - Locator Value :By.xpath: //button[text()='LOGIN']
2020-06-30 23:20:17,125[INFO ] [main] [XMLObjectRepository_Web.java:102] - Locator Value :By.xpath: //button[text()='LOGIN']
2020-06-30 23:20:17,211[DEBUG] [main] [WebKeywords.java:354] - Clicking Action Success.
2020-06-30 23:20:17,215[DEBUG] [main] [WebKeywords.java:1360] - Waiting for an element to be visible for 30Secs..
2020-06-30 23:20:17,216[INFO ] [main] [XMLObjectRepository_Web.java:116] - Locator Value :By.linkText: Create a Bot
2020-06-30 23:20:20,101[INFO ] [main] [WebKeywords.java:1372] - Element is visible..
2020-06-30 23:20:25,224[INFO ] [main] [ServicesKeywords.java:55] - Loading URL :https://api.automate.io/auth/login
2020-06-30 23:20:25,224[INFO ] [main] [ServicesKeywords.java:56] - Request is :Login
2020-06-30 23:20:25,225[INFO ] [main] [ServicesKeywords.java:62] - Successfully loaded Below request:
{
  "email": "${emailID}",
  "password": "${password}"
}
2020-06-30 23:20:25,227[INFO ] [main] [ServicesKeywords.java:66] - ---------------------------------------------------------------------------------------
2020-06-30 23:20:25,227[INFO ] [main] [ServicesKeywords.java:111] - Substituting Key:emailID --> Value:raviauto09@gmail.com
2020-06-30 23:20:25,227[INFO ] [main] [ServicesKeywords.java:113] - Substituted payLoad is:{"email": "raviauto09@gmail.com", "password": "${password}"}
2020-06-30 23:20:25,227[INFO ] [main] [ServicesKeywords.java:114] - ---------------------------------------------------------------------------------------
2020-06-30 23:20:25,227[INFO ] [main] [ServicesKeywords.java:111] - Substituting Key:password --> Value:2589243m
2020-06-30 23:20:25,227[INFO ] [main] [ServicesKeywords.java:113] - Substituted payLoad is:{"email": "raviauto09@gmail.com", "password": "2589243m"}
2020-06-30 23:20:25,227[INFO ] [main] [ServicesKeywords.java:114] - ---------------------------------------------------------------------------------------
2020-06-30 23:20:25,228[INFO ] [main] [ServicesKeywords.java:94] - Substituting header:Content-Type:application/json
2020-06-30 23:20:25,228[INFO ] [main] [ServicesKeywords.java:95] - ---------------------------------------------------------------------------------------
2020-06-30 23:20:25,228[INFO ] [main] [ServicesKeywords.java:94] - Substituting header:Accept:application/json
2020-06-30 23:20:25,229[INFO ] [main] [ServicesKeywords.java:95] - ---------------------------------------------------------------------------------------
2020-06-30 23:20:25,229[INFO ] [main] [ServicesKeywords.java:94] - Substituting header:User-Agent:Mozilla/5.0 (X11; Linux x86_64) AppleWebKit/537.36 (KHTML, like Gecko) Chrome/79.0.3945.130 Safari/537.36
2020-06-30 23:20:25,229[INFO ] [main] [ServicesKeywords.java:95] - ---------------------------------------------------------------------------------------
2020-06-30 23:20:25,229[INFO ] [main] [ServicesKeywords.java:131] - ---------------------------------------------------------------------------------------
2020-06-30 23:20:25,229[INFO ] [main] [ServicesKeywords.java:132] - Posting Request to URL:https://api.automate.io/auth/login
2020-06-30 23:20:27,459[INFO ] [main] [ServicesKeywords.java:138] - Response Code from the Server is:[200]
2020-06-30 23:20:27,459[INFO ] [main] [ServicesKeywords.java:140] - Response from Server is:
{
  "data": {
    "name": "Ravindra Kumar"
  },
  "status": "success"
}
2020-06-30 23:20:27,459[INFO ] [main] [ServicesKeywords.java:142] - ---------------------------------------------------------------------------------------
2020-06-30 23:20:30,463[INFO ] [main] [ServicesKeywords.java:193] - Servercode Matched
2020-06-30 23:20:30,539[INFO ] [main] [ServicesKeywords.java:222] - Response value fetched using Xpath [$.status] is [success]
2020-06-30 23:20:30,540[INFO ] [main] [ServicesKeywords.java:225] - Response Validation: Matched- Actual[success] ---> Expected[success]
2020-06-30 23:20:30,540[INFO ] [main] [ServicesKeywords.java:226] - ---------------------------------------------------------------------------------------
2020-06-30 23:20:30,540[INFO ] [main] [AutomateIOTest.java:102] - {xsrfToken=t0dBIQ6k-sKzqVtAAS6ses7RBTs1JQJtfsu8}
2020-06-30 23:20:30,540[INFO ] [main] [ServicesKeywords.java:55] - Loading URL :https://api.automate.io/workflows
2020-06-30 23:20:30,540[INFO ] [main] [ServicesKeywords.java:56] - Request is :Login
2020-06-30 23:20:30,541[INFO ] [main] [ServicesKeywords.java:62] - Successfully loaded Below request:
{
  "email": "${emailID}",
  "password": "${password}"
}
2020-06-30 23:20:30,541[INFO ] [main] [ServicesKeywords.java:66] - ---------------------------------------------------------------------------------------
2020-06-30 23:20:30,541[INFO ] [main] [ServicesKeywords.java:94] - Substituting header:Content-Type:application/json
2020-06-30 23:20:30,541[INFO ] [main] [ServicesKeywords.java:95] - ---------------------------------------------------------------------------------------
2020-06-30 23:20:30,541[INFO ] [main] [ServicesKeywords.java:94] - Substituting header:Accept:application/json
2020-06-30 23:20:30,541[INFO ] [main] [ServicesKeywords.java:95] - ---------------------------------------------------------------------------------------
2020-06-30 23:20:30,541[INFO ] [main] [ServicesKeywords.java:94] - Substituting header:User-Agent:Mozilla/5.0 (X11; Linux x86_64) AppleWebKit/537.36 (KHTML, like Gecko) Chrome/79.0.3945.130 Safari/537.36
2020-06-30 23:20:30,541[INFO ] [main] [ServicesKeywords.java:95] - ---------------------------------------------------------------------------------------
2020-06-30 23:20:30,542[INFO ] [main] [ServicesKeywords.java:94] - Substituting header:x-xsrf-token:t0dBIQ6k-sKzqVtAAS6ses7RBTs1JQJtfsu8
2020-06-30 23:20:30,542[INFO ] [main] [ServicesKeywords.java:95] - ---------------------------------------------------------------------------------------
2020-06-30 23:20:30,546[INFO ] [main] [ServicesKeywords.java:94] - Substituting header:Cookie:[__stripe_sid=44129ffe-6b75-4373-acb8-407a1dedffe8; expires=Tue, 30 Jun 2020 11:50:19 IST; path=/; domain=.automate.io, intercom-id-mqa5mwh7=b3a047fa-6c25-4caf-95d6-3f14a13d352e; expires=Sat, 27 Mar 2021 11:53:39 IST; path=/; domain=.automate.io, _hjid=ff5ba0e7-dd78-4510-87cd-100167eda0ef; path=/; domain=.automate.io, _ga=GA1.2.1052474672.1593539410; expires=Thu, 30 Jun 2022 11:20:10 IST; path=/; domain=.automate.io, XSRF-TOKEN=t0dBIQ6k-sKzqVtAAS6ses7RBTs1JQJtfsu8; path=/; domain=.automate.io;secure;, intercom-session-mqa5mwh7=; expires=Tue, 07 Jul 2020 11:20:19 IST; path=/; domain=.automate.io, _csrf=GJ_7Q8nfLNKdre0T0MZYQnhj; path=/; domain=.automate.io;secure;, mp_cbd34858df3ce780f2f7ecbd10436dc6_mixpanel=%7B%22distinct_id%22%3A%20%22raviauto09%40gmail.com%22%2C%22%24device_id%22%3A%20%221730659b9692e9-08ed813f817dba-4353760-100200-1730659b96a201%22%2C%22%24initial_referrer%22%3A%20%22%24direct%22%2C%22%24initial_referring_domain%22%3A%20%22%24direct%22%2C%22%24user_id%22%3A%20%22raviauto09%40gmail.com%22%7D; expires=Wed, 30 Jun 2021 11:20:19 IST; path=/; domain=.automate.io, _gat_gtag_UA_63343321_2=1; expires=Tue, 30 Jun 2020 11:21:10 IST; path=/; domain=.automate.io, _gid=GA1.2.1641726343.1593539410; expires=Wed, 01 Jul 2020 11:20:10 IST; path=/; domain=.automate.io, __stripe_mid=df60408c-e21d-474f-8a75-8183491ac404; expires=Wed, 30 Jun 2021 11:20:19 IST; path=/; domain=.automate.io]
2020-06-30 23:20:30,546[INFO ] [main] [ServicesKeywords.java:95] - ---------------------------------------------------------------------------------------
2020-06-30 23:20:30,547[INFO ] [main] [ServicesKeywords.java:131] - ---------------------------------------------------------------------------------------
2020-06-30 23:20:30,547[INFO ] [main] [ServicesKeywords.java:132] - Posting Request to URL:https://api.automate.io/workflows
2020-06-30 23:20:32,392[INFO ] [main] [ServicesKeywords.java:138] - Response Code from the Server is:[401]
2020-06-30 23:20:32,393[INFO ] [main] [ServicesKeywords.java:140] - Response from Server is:
{
  "error": {
    "message": "Not a valid User or SessionId!"
  },
  "status": "error"
}
2020-06-30 23:20:32,394[INFO ] [main] [ServicesKeywords.java:142] - ---------------------------------------------------------------------------------------
2020-06-30 23:20:35,401[ERROR] [main] [ServicesKeywords.java:196] - Server code did not matched: Expected[200] ---> Actual[401]
2020-06-30 23:20:35,413[ERROR] [main] [TestListener.java:30] - ***** Error PerformTask2 test has failed *****
2020-06-30 23:20:35,416[ERROR] [main] [TestListener.java:42] - Closing Driver Object:ChromeDriver: chrome on XP (null)
2020-06-30 23:20:35,429[ERROR] [main] [TestListener.java:78] - Closing the driver...ChromeDriver: chrome on XP (null)
2020-06-30 23:20:35,476[INFO ] [main] [TestListener.java:191] - ****************** End of the Suite [AutomateIOTest] ************************
2020-06-30 23:20:35,715[INFO ] [main] [Executor.java:461] - ************ [Total Execution Time-0:0:37] *******************]
