2020-06-29 13:26:39,719[INFO ] [main] [MainDriver.java:75] - Creating object repository object....
2020-06-29 13:26:39,728[INFO ] [main] [Log.java:15] - ****************************************************************************************
2020-06-29 13:26:39,728[INFO ] [main] [Log.java:16] - ****************************************************************************************
2020-06-29 13:26:39,728[INFO ] [main] [Log.java:17] - $$$$$$$$$$$$$$$$$$$$$                -S--T--A--R--T AutomateIOTest       $$$$$$$$$$$$$$$$$$$$$$$$$
2020-06-29 13:26:39,729[INFO ] [main] [Log.java:18] - ****************************************************************************************
2020-06-29 13:26:39,730[INFO ] [main] [Log.java:19] - ****************************************************************************************
2020-06-29 13:26:39,755[INFO ] [main] [Log.java:15] - ****************************************************************************************
2020-06-29 13:26:39,755[INFO ] [main] [Log.java:16] - ****************************************************************************************
2020-06-29 13:26:39,755[INFO ] [main] [Log.java:17] - $$$$$$$$$$$$$$$$$$$$$                -S--T--A--R--T PerformTask1       $$$$$$$$$$$$$$$$$$$$$$$$$
2020-06-29 13:26:39,757[INFO ] [main] [Log.java:18] - ****************************************************************************************
2020-06-29 13:26:39,758[INFO ] [main] [Log.java:19] - ****************************************************************************************
2020-06-29 13:26:39,887[DEBUG] [main] [MainDriver.java:139] - Opening browser
2020-06-29 13:26:54,462[INFO ] [main] [AutomateIOTest.java:30] - Fetching the login credentials..
2020-06-29 13:26:54,469[INFO ] [main] [AutomateIOTest.java:35] - TestStep 1:Login to application
2020-06-29 13:26:54,469[DEBUG] [main] [WebKeywords.java:378] - Writing in text box:txtEmailID
2020-06-29 13:26:54,566[INFO ] [main] [XMLObjectRepository_Web.java:106] - Locator Value :By.id: email
2020-06-29 13:26:54,637[INFO ] [main] [XMLObjectRepository_Web.java:106] - Locator Value :By.id: email
2020-06-29 13:26:54,846[DEBUG] [main] [WebKeywords.java:378] - Writing in text box:txtPassword
2020-06-29 13:26:54,847[INFO ] [main] [XMLObjectRepository_Web.java:106] - Locator Value :By.id: password
2020-06-29 13:26:54,888[INFO ] [main] [XMLObjectRepository_Web.java:106] - Locator Value :By.id: password
2020-06-29 13:26:54,978[DEBUG] [main] [WebKeywords.java:345] - Clicking on any element
2020-06-29 13:26:54,980[INFO ] [main] [XMLObjectRepository_Web.java:102] - Locator Value :By.xpath: //button[text()='LOGIN']
2020-06-29 13:26:55,014[INFO ] [main] [XMLObjectRepository_Web.java:102] - Locator Value :By.xpath: //button[text()='LOGIN']
2020-06-29 13:26:55,099[DEBUG] [main] [WebKeywords.java:354] - Clicking Action Success.
2020-06-29 13:26:55,103[DEBUG] [main] [WebKeywords.java:1360] - Waiting for an element to be visible for 30Secs..
2020-06-29 13:26:55,105[INFO ] [main] [XMLObjectRepository_Web.java:116] - Locator Value :By.linkText: Create a Bot
2020-06-29 13:26:57,527[INFO ] [main] [WebKeywords.java:1372] - Element is visible..
2020-06-29 13:26:57,532[INFO ] [main] [AutomateIOTest.java:37] - TestStep 1: PASSED
2020-06-29 13:26:57,532[INFO ] [main] [AutomateIOTest.java:39] - TestStep 2:Create a bot that sends an email to another Gmail account (input: to-email)
2020-06-29 13:26:57,532[DEBUG] [main] [WebKeywords.java:345] - Clicking on any element
2020-06-29 13:26:57,535[INFO ] [main] [XMLObjectRepository_Web.java:116] - Locator Value :By.linkText: Create a Bot
2020-06-29 13:26:57,588[INFO ] [main] [XMLObjectRepository_Web.java:116] - Locator Value :By.linkText: Create a Bot
2020-06-29 13:26:57,741[DEBUG] [main] [WebKeywords.java:354] - Clicking Action Success.
2020-06-29 13:26:57,742[DEBUG] [main] [WebKeywords.java:1360] - Waiting for an element to be visible for 30Secs..
2020-06-29 13:26:57,744[INFO ] [main] [XMLObjectRepository_Web.java:102] - Locator Value :By.xpath: //h5[text()='Connected Apps']/../following-sibling::div[1]//span[text()='Gmail']
2020-06-29 13:26:58,843[INFO ] [main] [WebKeywords.java:1372] - Element is visible..
2020-06-29 13:26:58,844[DEBUG] [main] [WebKeywords.java:345] - Clicking on any element
2020-06-29 13:26:58,845[INFO ] [main] [XMLObjectRepository_Web.java:102] - Locator Value :By.xpath: //h5[text()='Connected Apps']/../following-sibling::div[1]//span[text()='Gmail']
2020-06-29 13:26:58,877[INFO ] [main] [XMLObjectRepository_Web.java:102] - Locator Value :By.xpath: //h5[text()='Connected Apps']/../following-sibling::div[1]//span[text()='Gmail']
2020-06-29 13:26:59,053[DEBUG] [main] [WebKeywords.java:354] - Clicking Action Success.
2020-06-29 13:26:59,053[DEBUG] [main] [WebKeywords.java:378] - Writing in text box:txtTriggerEvent
2020-06-29 13:26:59,056[INFO ] [main] [XMLObjectRepository_Web.java:102] - Locator Value :By.xpath: //span[text()='Select the trigger event']/../following-sibling::ul//form/input
2020-06-29 13:27:00,266[INFO ] [main] [XMLObjectRepository_Web.java:102] - Locator Value :By.xpath: //span[text()='Select the trigger event']/../following-sibling::ul//form/input
2020-06-29 13:27:00,483[DEBUG] [main] [WebKeywords.java:345] - Clicking on any element
2020-06-29 13:27:00,486[INFO ] [main] [XMLObjectRepository_Web.java:102] - Locator Value :By.xpath: //div[@title='New Email']
2020-06-29 13:27:00,549[INFO ] [main] [XMLObjectRepository_Web.java:102] - Locator Value :By.xpath: //div[@title='New Email']
2020-06-29 13:27:00,687[DEBUG] [main] [WebKeywords.java:354] - Clicking Action Success.
2020-06-29 13:27:00,688[DEBUG] [main] [WebKeywords.java:345] - Clicking on any element
2020-06-29 13:27:00,690[INFO ] [main] [XMLObjectRepository_Web.java:102] - Locator Value :By.xpath: //small[text()='Gmail folder in which to look for New Email.']/preceding-sibling::div[1]
2020-06-29 13:27:00,885[INFO ] [main] [XMLObjectRepository_Web.java:102] - Locator Value :By.xpath: //small[text()='Gmail folder in which to look for New Email.']/preceding-sibling::div[1]
2020-06-29 13:27:00,998[DEBUG] [main] [WebKeywords.java:354] - Clicking Action Success.
2020-06-29 13:27:00,998[DEBUG] [main] [WebKeywords.java:378] - Writing in text box:txtFolderSearch
2020-06-29 13:27:01,000[INFO ] [main] [XMLObjectRepository_Web.java:102] - Locator Value :By.xpath: //small[text()='Gmail folder in which to look for New Email.']/preceding-sibling::div[1]//input
2020-06-29 13:27:01,582[INFO ] [main] [XMLObjectRepository_Web.java:102] - Locator Value :By.xpath: //small[text()='Gmail folder in which to look for New Email.']/preceding-sibling::div[1]//input
2020-06-29 13:27:01,683[DEBUG] [main] [WebKeywords.java:1360] - Waiting for an element to be visible for 30Secs..
2020-06-29 13:27:01,685[INFO ] [main] [XMLObjectRepository_Web.java:102] - Locator Value :By.xpath: //div[@title='INBOX']
2020-06-29 13:27:01,731[INFO ] [main] [WebKeywords.java:1372] - Element is visible..
2020-06-29 13:27:01,732[DEBUG] [main] [WebKeywords.java:345] - Clicking on any element
2020-06-29 13:27:01,733[INFO ] [main] [XMLObjectRepository_Web.java:102] - Locator Value :By.xpath: //div[@title='INBOX']
2020-06-29 13:27:01,766[INFO ] [main] [XMLObjectRepository_Web.java:102] - Locator Value :By.xpath: //div[@title='INBOX']
2020-06-29 13:27:01,881[DEBUG] [main] [WebKeywords.java:354] - Clicking Action Success.
2020-06-29 13:27:01,882[DEBUG] [main] [WebKeywords.java:1360] - Waiting for an element to be visible for 30Secs..
2020-06-29 13:27:01,884[INFO ] [main] [XMLObjectRepository_Web.java:102] - Locator Value :By.xpath: //span[contains(text(),'Select')]
2020-06-29 13:27:01,939[INFO ] [main] [WebKeywords.java:1372] - Element is visible..
2020-06-29 13:27:01,939[DEBUG] [main] [WebKeywords.java:345] - Clicking on any element
2020-06-29 13:27:01,941[INFO ] [main] [XMLObjectRepository_Web.java:102] - Locator Value :By.xpath: //span[contains(text(),'Select')]
2020-06-29 13:27:01,970[INFO ] [main] [XMLObjectRepository_Web.java:102] - Locator Value :By.xpath: //span[contains(text(),'Select')]
2020-06-29 13:27:02,157[DEBUG] [main] [WebKeywords.java:354] - Clicking Action Success.
2020-06-29 13:27:02,158[DEBUG] [main] [WebKeywords.java:345] - Clicking on any element
2020-06-29 13:27:02,161[INFO ] [main] [XMLObjectRepository_Web.java:102] - Locator Value :By.xpath: (//aio-user-app-select-figure[@title='Gmail']//img[1])[2]
2020-06-29 13:27:02,286[INFO ] [main] [XMLObjectRepository_Web.java:102] - Locator Value :By.xpath: (//aio-user-app-select-figure[@title='Gmail']//img[1])[2]
2020-06-29 13:27:02,483[DEBUG] [main] [WebKeywords.java:354] - Clicking Action Success.
2020-06-29 13:27:02,483[DEBUG] [main] [WebKeywords.java:345] - Clicking on any element
2020-06-29 13:27:02,486[INFO ] [main] [XMLObjectRepository_Web.java:102] - Locator Value :By.xpath: //div[contains(text(),'Send an Email from your account')]
2020-06-29 13:27:02,550[INFO ] [main] [XMLObjectRepository_Web.java:102] - Locator Value :By.xpath: //div[contains(text(),'Send an Email from your account')]
2020-06-29 13:27:02,925[DEBUG] [main] [WebKeywords.java:354] - Clicking Action Success.
2020-06-29 13:27:02,925[DEBUG] [main] [WebKeywords.java:345] - Clicking on any element
2020-06-29 13:27:02,928[INFO ] [main] [XMLObjectRepository_Web.java:102] - Locator Value :By.xpath: //label[contains(text(),'From Name')]/../following-sibling::div[1]//button
2020-06-29 13:27:03,000[INFO ] [main] [XMLObjectRepository_Web.java:102] - Locator Value :By.xpath: //label[contains(text(),'From Name')]/../following-sibling::div[1]//button
2020-06-29 13:27:03,126[DEBUG] [main] [WebKeywords.java:354] - Clicking Action Success.
2020-06-29 13:27:03,126[DEBUG] [main] [WebKeywords.java:345] - Clicking on any element
2020-06-29 13:27:03,128[INFO ] [main] [XMLObjectRepository_Web.java:102] - Locator Value :By.xpath: (//div[text()='Input Fields']/following-sibling::div//span[text()='From Name'])[2]
2020-06-29 13:27:03,194[INFO ] [main] [XMLObjectRepository_Web.java:102] - Locator Value :By.xpath: (//div[text()='Input Fields']/following-sibling::div//span[text()='From Name'])[2]
2020-06-29 13:27:03,325[DEBUG] [main] [WebKeywords.java:354] - Clicking Action Success.
2020-06-29 13:27:03,326[DEBUG] [main] [WebKeywords.java:345] - Clicking on any element
2020-06-29 13:27:03,329[INFO ] [main] [XMLObjectRepository_Web.java:102] - Locator Value :By.xpath: //label[contains(text(),'From Address')]/../following-sibling::div[1]//button
2020-06-29 13:27:03,380[INFO ] [main] [XMLObjectRepository_Web.java:102] - Locator Value :By.xpath: //label[contains(text(),'From Address')]/../following-sibling::div[1]//button
2020-06-29 13:27:03,522[DEBUG] [main] [WebKeywords.java:354] - Clicking Action Success.
2020-06-29 13:27:03,522[DEBUG] [main] [WebKeywords.java:345] - Clicking on any element
2020-06-29 13:27:03,524[INFO ] [main] [XMLObjectRepository_Web.java:102] - Locator Value :By.xpath: (//div[text()='Input Fields']/following-sibling::div//span[text()='From Email'])[3]
2020-06-29 13:27:03,587[INFO ] [main] [XMLObjectRepository_Web.java:102] - Locator Value :By.xpath: (//div[text()='Input Fields']/following-sibling::div//span[text()='From Email'])[3]
2020-06-29 13:27:03,733[DEBUG] [main] [WebKeywords.java:354] - Clicking Action Success.
2020-06-29 13:27:03,733[DEBUG] [main] [WebKeywords.java:378] - Writing in text box:spnToNameTrigger
2020-06-29 13:27:03,736[INFO ] [main] [XMLObjectRepository_Web.java:102] - Locator Value :By.xpath: //label[contains(text(),'To Name')]/../following-sibling::div/div/div
2020-06-29 13:27:03,792[INFO ] [main] [XMLObjectRepository_Web.java:102] - Locator Value :By.xpath: //label[contains(text(),'To Name')]/../following-sibling::div/div/div
2020-06-29 13:27:03,950[DEBUG] [main] [WebKeywords.java:378] - Writing in text box:spnToAddressTrigger
2020-06-29 13:27:03,952[INFO ] [main] [XMLObjectRepository_Web.java:102] - Locator Value :By.xpath: //label[contains(text(),'To Addresses')]/../following-sibling::div/aio-content-editable/div/div/div
2020-06-29 13:27:03,999[INFO ] [main] [XMLObjectRepository_Web.java:102] - Locator Value :By.xpath: //label[contains(text(),'To Addresses')]/../following-sibling::div/aio-content-editable/div/div/div
2020-06-29 13:27:04,081[INFO ] [main] [XMLObjectRepository_Web.java:102] - Locator Value :By.xpath: //label[contains(text(),'Subject')]/../following-sibling::div[1]//button
2020-06-29 13:27:09,193[DEBUG] [main] [WebKeywords.java:345] - Clicking on any element
2020-06-29 13:27:09,195[INFO ] [main] [XMLObjectRepository_Web.java:102] - Locator Value :By.xpath: //label[contains(text(),'Subject')]/../following-sibling::div[1]//button
2020-06-29 13:27:09,249[INFO ] [main] [XMLObjectRepository_Web.java:102] - Locator Value :By.xpath: //label[contains(text(),'Subject')]/../following-sibling::div[1]//button
2020-06-29 13:27:09,353[DEBUG] [main] [WebKeywords.java:354] - Clicking Action Success.
2020-06-29 13:27:09,353[DEBUG] [main] [WebKeywords.java:345] - Clicking on any element
2020-06-29 13:27:09,356[INFO ] [main] [XMLObjectRepository_Web.java:102] - Locator Value :By.xpath: (//li[@class='data-item link-like']//div[@title='Subject']//i[text()='trigger'])[7]
2020-06-29 13:28:09,610[ERROR] [main] [WebKeywords.java:356] - org.openqa.selenium.TimeoutException: Expected condition failed: waiting for visibility of element located by By.xpath: (//li[@class='data-item link-like']//div[@title='Subject']//i[text()='trigger'])[7] (tried for 60 second(s) with 500 MILLISECONDS interval)
Build info: version: 'unknown', revision: 'unknown', time: 'unknown'
System info: host: 'DESKTOP-AT125D0', ip: '192.168.43.80', os.name: 'Windows 10', os.arch: 'amd64', os.version: '10.0', java.version: '1.8.0_241'
Driver info: org.openqa.selenium.chrome.ChromeDriver
Capabilities [{applicationCacheEnabled=false, rotatable=false, mobileEmulationEnabled=false, networkConnectionEnabled=false, chrome={chromedriverVersion=2.35.528161 (5b82f2d2aae0ca24b877009200ced9065a772e73), userDataDir=C:\Users\rkuma\AppData\Local\Temp\scoped_dir7188_7282}, takesHeapSnapshot=true, pageLoadStrategy=normal, databaseEnabled=false, handlesAlerts=true, hasTouchScreen=false, version=83.0.4103.116, platform=XP, browserConnectionEnabled=false, nativeEvents=true, acceptSslCerts=false, acceptInsecureCerts=false, locationContextEnabled=true, webStorageEnabled=true, browserName=chrome, takesScreenshot=true, javascriptEnabled=true, cssSelectorsEnabled=true, setWindowRect=true, unexpectedAlertBehaviour=}]
Session ID: ede685c0ddcb2c338c26a33da969eea7
2020-06-29 13:28:09,613[DEBUG] [main] [WebKeywords.java:345] - Clicking on any element
2020-06-29 13:28:09,622[INFO ] [main] [XMLObjectRepository_Web.java:102] - Locator Value :By.xpath: //label[contains(text(),'Email Body')]/../following-sibling::div[1]//button
2020-06-29 13:28:09,685[INFO ] [main] [XMLObjectRepository_Web.java:102] - Locator Value :By.xpath: //label[contains(text(),'Email Body')]/../following-sibling::div[1]//button
2020-06-29 13:28:09,766[ERROR] [main] [WebKeywords.java:356] - org.openqa.selenium.WebDriverException: unknown error: Element <button aiodropdowntoggle="" class="btn btn-default" data-toggle="dropdown" title="Add an output field">...</button> is not clickable at point (869, 555). Other element would receive the click: <div class="data-items-wrapper">...</div>
  (Session info: chrome=83.0.4103.116)
  (Driver info: chromedriver=2.35.528161 (5b82f2d2aae0ca24b877009200ced9065a772e73),platform=Windows NT 10.0.19041 x86_64) (WARNING: The server did not provide any stacktrace information)
Command duration or timeout: 53 milliseconds
Build info: version: 'unknown', revision: 'unknown', time: 'unknown'
System info: host: 'DESKTOP-AT125D0', ip: '192.168.43.80', os.name: 'Windows 10', os.arch: 'amd64', os.version: '10.0', java.version: '1.8.0_241'
Driver info: org.openqa.selenium.chrome.ChromeDriver
Capabilities [{applicationCacheEnabled=false, rotatable=false, mobileEmulationEnabled=false, networkConnectionEnabled=false, chrome={chromedriverVersion=2.35.528161 (5b82f2d2aae0ca24b877009200ced9065a772e73), userDataDir=C:\Users\rkuma\AppData\Local\Temp\scoped_dir7188_7282}, takesHeapSnapshot=true, pageLoadStrategy=normal, databaseEnabled=false, handlesAlerts=true, hasTouchScreen=false, version=83.0.4103.116, platform=XP, browserConnectionEnabled=false, nativeEvents=true, acceptSslCerts=false, acceptInsecureCerts=false, locationContextEnabled=true, webStorageEnabled=true, browserName=chrome, takesScreenshot=true, javascriptEnabled=true, cssSelectorsEnabled=true, setWindowRect=true, unexpectedAlertBehaviour=}]
Session ID: ede685c0ddcb2c338c26a33da969eea7
2020-06-29 13:28:09,768[INFO ] [main] [XMLObjectRepository_Web.java:102] - Locator Value :By.xpath: (//li[@class='data-item link-like']//div[@title='Body']//i[text()='trigger'])[8]
2020-06-29 13:28:14,869[DEBUG] [main] [WebKeywords.java:345] - Clicking on any element
2020-06-29 13:28:14,872[INFO ] [main] [XMLObjectRepository_Web.java:102] - Locator Value :By.xpath: (//li[@class='data-item link-like']//div[@title='Body']//i[text()='trigger'])[8]
2020-06-29 13:28:14,932[INFO ] [main] [XMLObjectRepository_Web.java:102] - Locator Value :By.xpath: (//li[@class='data-item link-like']//div[@title='Body']//i[text()='trigger'])[8]
2020-06-29 13:28:15,093[DEBUG] [main] [WebKeywords.java:354] - Clicking Action Success.
2020-06-29 13:28:25,108[DEBUG] [main] [WebKeywords.java:273] - Closing the browser
2020-06-29 13:28:29,347[DEBUG] [main] [WebKeywords.java:311] - quiting the driver instance
2020-06-29 13:28:29,347[INFO ] [main] [WebKeywords.java:312] - ede685c0ddcb2c338c26a33da969eea7
2020-06-29 13:28:30,303[INFO ] [main] [TestListener.java:191] - ****************** End of the Suite [AutomateIOTest] ************************
2020-06-29 13:28:30,502[INFO ] [main] [Executor.java:461] - ************ [Total Execution Time-0:1:53] *******************]
