2020-07-01 17:43:43,098[INFO ] [main] [MainDriver.java:75] - Creating object repository object....
2020-07-01 17:43:43,107[INFO ] [main] [Log.java:15] - ****************************************************************************************
2020-07-01 17:43:43,107[INFO ] [main] [Log.java:16] - ****************************************************************************************
2020-07-01 17:43:43,107[INFO ] [main] [Log.java:17] - $$$$$$$$$$$$$$$$$$$$$                -S--T--A--R--T AutomateIOTest       $$$$$$$$$$$$$$$$$$$$$$$$$
2020-07-01 17:43:43,107[INFO ] [main] [Log.java:18] - ****************************************************************************************
2020-07-01 17:43:43,108[INFO ] [main] [Log.java:19] - ****************************************************************************************
2020-07-01 17:43:43,135[INFO ] [main] [Log.java:15] - ****************************************************************************************
2020-07-01 17:43:43,135[INFO ] [main] [Log.java:16] - ****************************************************************************************
2020-07-01 17:43:43,136[INFO ] [main] [Log.java:17] - $$$$$$$$$$$$$$$$$$$$$                -S--T--A--R--T PerformTask2       $$$$$$$$$$$$$$$$$$$$$$$$$
2020-07-01 17:43:43,136[INFO ] [main] [Log.java:18] - ****************************************************************************************
2020-07-01 17:43:43,136[INFO ] [main] [Log.java:19] - ****************************************************************************************
2020-07-01 17:43:43,264[DEBUG] [main] [MainDriver.java:139] - Opening browser
2020-07-01 17:43:58,430[INFO ] [main] [AutomateIOTest.java:59] - Fetching the login credentials..
2020-07-01 17:43:58,435[INFO ] [main] [ServicesKeywords.java:55] - Loading URL :https://api.automate.io/auth/login
2020-07-01 17:43:58,435[INFO ] [main] [ServicesKeywords.java:56] - Request is :Login
2020-07-01 17:43:58,435[INFO ] [main] [ServicesKeywords.java:62] - Successfully loaded Below request:
{
  "email": "${emailID}",
  "password": "${password}"
}
2020-07-01 17:43:58,438[INFO ] [main] [ServicesKeywords.java:66] - ---------------------------------------------------------------------------------------
2020-07-01 17:43:58,439[INFO ] [main] [ServicesKeywords.java:111] - Substituting Key:emailID --> Value:raviauto09@gmail.com
2020-07-01 17:43:58,439[INFO ] [main] [ServicesKeywords.java:113] - Substituted payLoad is:{"email": "raviauto09@gmail.com", "password": "${password}"}
2020-07-01 17:43:58,439[INFO ] [main] [ServicesKeywords.java:114] - ---------------------------------------------------------------------------------------
2020-07-01 17:43:58,439[INFO ] [main] [ServicesKeywords.java:111] - Substituting Key:password --> Value:2589243m
2020-07-01 17:43:58,440[INFO ] [main] [ServicesKeywords.java:113] - Substituted payLoad is:{"email": "raviauto09@gmail.com", "password": "2589243m"}
2020-07-01 17:43:58,440[INFO ] [main] [ServicesKeywords.java:114] - ---------------------------------------------------------------------------------------
2020-07-01 17:43:58,440[INFO ] [main] [ServicesKeywords.java:94] - Substituting header:Content-Type:application/json
2020-07-01 17:43:58,440[INFO ] [main] [ServicesKeywords.java:95] - ---------------------------------------------------------------------------------------
2020-07-01 17:43:58,442[INFO ] [main] [ServicesKeywords.java:94] - Substituting header:Accept:application/json
2020-07-01 17:43:58,442[INFO ] [main] [ServicesKeywords.java:95] - ---------------------------------------------------------------------------------------
2020-07-01 17:43:58,442[INFO ] [main] [ServicesKeywords.java:94] - Substituting header:User-Agent:Mozilla/5.0 (X11; Linux x86_64) AppleWebKit/537.36 (KHTML, like Gecko) Chrome/79.0.3945.130 Safari/537.36
2020-07-01 17:43:58,442[INFO ] [main] [ServicesKeywords.java:95] - ---------------------------------------------------------------------------------------
2020-07-01 17:43:58,443[INFO ] [main] [ServicesKeywords.java:131] - ---------------------------------------------------------------------------------------
2020-07-01 17:43:58,443[INFO ] [main] [ServicesKeywords.java:132] - Posting Request to URL:https://api.automate.io/auth/login
2020-07-01 17:44:00,809[INFO ] [main] [ServicesKeywords.java:138] - Response Code from the Server is:[200]
2020-07-01 17:44:00,810[INFO ] [main] [ServicesKeywords.java:140] - Response from Server is:
{
  "data": {
    "name": "Ravindra Kumar"
  },
  "status": "success"
}
2020-07-01 17:44:00,810[INFO ] [main] [ServicesKeywords.java:142] - ---------------------------------------------------------------------------------------
2020-07-01 17:44:03,814[INFO ] [main] [ServicesKeywords.java:193] - Servercode Matched
2020-07-01 17:44:03,908[INFO ] [main] [ServicesKeywords.java:222] - Response value fetched using Xpath [$.status] is [success]
2020-07-01 17:44:03,909[INFO ] [main] [ServicesKeywords.java:225] - Response Validation: Matched- Actual[success] ---> Expected[success]
2020-07-01 17:44:03,909[INFO ] [main] [ServicesKeywords.java:226] - ---------------------------------------------------------------------------------------
2020-07-01 17:44:03,909[ERROR] [main] [ServicesKeywords.java:308] - Exception Occurred:[Ljava.lang.StackTraceElement;@19868320
2020-07-01 17:44:03,909[ERROR] [main] [ServicesKeywords.java:309] - 
2020-07-01 17:44:03,909[INFO ] [main] [ServicesKeywords.java:310] - ---------------------------------------------------------------------------------------
2020-07-01 17:44:03,910[INFO ] [main] [AutomateIOTest.java:89] - {}
2020-07-01 17:44:03,910[INFO ] [main] [AutomateIOTest.java:93] - TestStep 1:Login to application
2020-07-01 17:44:03,914[DEBUG] [main] [WebKeywords.java:378] - Writing in text box:txtEmailID
2020-07-01 17:44:04,059[INFO ] [main] [XMLObjectRepository_Web.java:106] - Locator Value :By.id: email
2020-07-01 17:44:04,137[INFO ] [main] [XMLObjectRepository_Web.java:106] - Locator Value :By.id: email
2020-07-01 17:44:04,347[DEBUG] [main] [WebKeywords.java:378] - Writing in text box:txtPassword
2020-07-01 17:44:04,350[INFO ] [main] [XMLObjectRepository_Web.java:106] - Locator Value :By.id: password
2020-07-01 17:44:04,397[INFO ] [main] [XMLObjectRepository_Web.java:106] - Locator Value :By.id: password
2020-07-01 17:44:04,505[DEBUG] [main] [WebKeywords.java:345] - Clicking on any element
2020-07-01 17:44:04,507[INFO ] [main] [XMLObjectRepository_Web.java:102] - Locator Value :By.xpath: //button[text()='LOGIN']
2020-07-01 17:44:04,557[INFO ] [main] [XMLObjectRepository_Web.java:102] - Locator Value :By.xpath: //button[text()='LOGIN']
2020-07-01 17:44:04,657[DEBUG] [main] [WebKeywords.java:354] - Clicking Action Success.
2020-07-01 17:44:04,661[DEBUG] [main] [WebKeywords.java:1360] - Waiting for an element to be visible for 30Secs..
2020-07-01 17:44:04,664[INFO ] [main] [XMLObjectRepository_Web.java:116] - Locator Value :By.linkText: Create a Bot
2020-07-01 17:44:06,993[INFO ] [main] [WebKeywords.java:1372] - Element is visible..
2020-07-01 17:44:08,220[INFO ] [main] [ServicesKeywords.java:55] - Loading URL :https://api.automate.io/workflows
2020-07-01 17:44:08,220[INFO ] [main] [ServicesKeywords.java:56] - Request is :CreateBot
2020-07-01 17:44:08,222[INFO ] [main] [ServicesKeywords.java:62] - Successfully loaded Below request:
{
  "actions": [
    {
      "id": "aio_w_k5yxbb1bai1np_5ef8ea6a1645f56c03223643_send_mail",
      "params": [
        {
          "data": {
            "value": "plain"
          },
          "dataType": "string",
          "id": "contentType",
          "inputType": "select",
          "datatype": "string",
          "required": true,
          "value": "plain"
        },
        {
          "id": "fromName",
          "inputType": "input",
          "data": {
            "value": "[[{\"activityId\":\"aio_w_1hqn3znfzyye_5ef8ea6a1645f56c03223643_new_email\",\"appId\":\"gmail\",\"fieldId\":\"fromName\",\"fieldName\":\"From Name\"}]]"
          },
          "datatype": "string",
          "required": false,
          "value": "[[{\"activityId\":\"aio_w_1hqn3znfzyye_5ef8ea6a1645f56c03223643_new_email\",\"appId\":\"gmail\",\"fieldId\":\"fromName\",\"fieldName\":\"From Name\"}]]"
        },
        {
          "id": "from",
          "inputType": "input",
          "data": {
            "value": "[[{\"activityId\":\"aio_w_1hqn3znfzyye_5ef8ea6a1645f56c03223643_new_email\",\"appId\":\"gmail\",\"fieldId\":\"toEmail\",\"fieldName\":\"To Email\"}]]"
          },
          "datatype": "string",
          "required": false,
          "value": "[[{\"activityId\":\"aio_w_1hqn3znfzyye_5ef8ea6a1645f56c03223643_new_email\",\"appId\":\"gmail\",\"fieldId\":\"toEmail\",\"fieldName\":\"To Email\"}]]"
        },
        {
          "id": "toName",
          "inputType": "input",
          "data": {
            "value": "Ravindra Kumar"
          },
          "datatype": "string",
          "required": false,
          "value": "Ravindra Kumar"
        },
        {
          "id": "to",
          "inputType": "multiinput",
          "data": [
            {
              "id": "0",
              "value": "tewst@gmail.com"
            }
          ],
          "datatype": "string",
          "required": false
        },
        {
          "id": "subject",
          "inputType": "input",
          "data": {
            "value": "[[{\"activityId\":\"aio_w_1hqn3znfzyye_5ef8ea6a1645f56c03223643_new_email\",\"appId\":\"gmail\",\"fieldId\":\"Subject\",\"fieldName\":\"Subject\"}]]"
          },
          "datatype": "string",
          "required": true,
          "value": "[[{\"activityId\":\"aio_w_1hqn3znfzyye_5ef8ea6a1645f56c03223643_new_email\",\"appId\":\"gmail\",\"fieldId\":\"Subject\",\"fieldName\":\"Subject\"}]]"
        },
        {
          "id": "email_body",
          "inputType": "input",
          "data": {
            "value": "[[{\"activityId\":\"aio_w_1hqn3znfzyye_5ef8ea6a1645f56c03223643_new_email\",\"appId\":\"gmail\",\"fieldId\":\"body\",\"fieldName\":\"Body\"}]]"
          },
          "datatype": "string",
          "required": true,
          "value": "[[{\"activityId\":\"aio_w_1hqn3znfzyye_5ef8ea6a1645f56c03223643_new_email\",\"appId\":\"gmail\",\"fieldId\":\"body\",\"fieldName\":\"Body\"}]]"
        }
      ],
      "appId": "56bdb323f3e0ce2491d66197",
      "userappId": "5ef8ea6a1645f56c03223643",
      "parsedSampleData": [],
      "sampleData": {},
      "actionId": "send_mail",
      "dynamicResponseFields": []
    }
  ],
  "name": "Gmail - New Email",
  "status": "disabled",
  "trigger": {
    "id": "aio_w_1hqn3znfzyye_5ef8ea6a1645f56c03223643_new_email",
    "params": [
      {
        "id": "label",
        "inputType": "select",
        "data": {
          "isCustom": false,
          "name": "INBOX",
          "value": "INBOX"
        },
        "datatype": "string",
        "required": true,
        "value": "INBOX"
      }
    ],
    "appId": "56bdb323f3e0ce2491d66197",
    "userappId": "5ef8ea6a1645f56c03223643",
    "parsedSampleData": [],
    "sampleData": {},
    "triggerId": "new_email",
    "dynamicResponseFields": []
  },
  "version": "1.1",
  "webhookStatus": "disabled"
}
2020-07-01 17:44:08,222[INFO ] [main] [ServicesKeywords.java:66] - ---------------------------------------------------------------------------------------
2020-07-01 17:44:08,223[INFO ] [main] [ServicesKeywords.java:94] - Substituting header:Content-Type:application/json
2020-07-01 17:44:08,223[INFO ] [main] [ServicesKeywords.java:95] - ---------------------------------------------------------------------------------------
2020-07-01 17:44:08,223[INFO ] [main] [ServicesKeywords.java:94] - Substituting header:Accept:application/json
2020-07-01 17:44:08,223[INFO ] [main] [ServicesKeywords.java:95] - ---------------------------------------------------------------------------------------
2020-07-01 17:44:08,223[INFO ] [main] [ServicesKeywords.java:94] - Substituting header:User-Agent:Mozilla/5.0 (X11; Linux x86_64) AppleWebKit/537.36 (KHTML, like Gecko) Chrome/79.0.3945.130 Safari/537.36
2020-07-01 17:44:08,224[INFO ] [main] [ServicesKeywords.java:95] - ---------------------------------------------------------------------------------------
2020-07-01 17:44:08,224[INFO ] [main] [ServicesKeywords.java:94] - Substituting header:x-xsrf-token:4hNbhaj8-TLzsv5jvFosBHOuuGY35Bq4-IOs
2020-07-01 17:44:08,224[INFO ] [main] [ServicesKeywords.java:95] - ---------------------------------------------------------------------------------------
2020-07-01 17:44:08,224[INFO ] [main] [ServicesKeywords.java:94] - Substituting header:Cookie:;_hjIncludedInSample=1;__stripe_sid=9e041898-f765-42c9-86d1-86d64fe1ddf4;intercom-id-mqa5mwh7=002477bf-16e5-4f2b-8115-9fc97da20888;_hjid=27301117-bd7a-4d0f-bf8c-6e74e2c8fdb5;_ga=GA1.2.697544393.1593605632;XSRF-TOKEN=4hNbhaj8-TLzsv5jvFosBHOuuGY35Bq4-IOs;intercom-session-mqa5mwh7=;_csrf=_TQPKNCY5F33kgE0swKEBUum;mp_cbd34858df3ce780f2f7ecbd10436dc6_mixpanel=%7B%22distinct_id%22%3A%20%22raviauto09%40gmail.com%22%2C%22%24device_id%22%3A%20%221730a4c309a8c-0d6d794934499a-4353760-100200-1730a4c309b264%22%2C%22%24initial_referrer%22%3A%20%22%24direct%22%2C%22%24initial_referring_domain%22%3A%20%22%24direct%22%2C%22%24user_id%22%3A%20%22raviauto09%40gmail.com%22%7D;_gat_gtag_UA_63343321_2=1;_gid=GA1.2.1088987817.1593605632;__stripe_mid=8199a3d9-5d65-4b12-870f-6b357efd38ac
2020-07-01 17:44:08,224[INFO ] [main] [ServicesKeywords.java:95] - ---------------------------------------------------------------------------------------
2020-07-01 17:44:08,225[INFO ] [main] [ServicesKeywords.java:131] - ---------------------------------------------------------------------------------------
2020-07-01 17:44:08,225[INFO ] [main] [ServicesKeywords.java:132] - Posting Request to URL:https://api.automate.io/workflows
2020-07-01 17:44:09,957[INFO ] [main] [ServicesKeywords.java:138] - Response Code from the Server is:[401]
2020-07-01 17:44:09,957[INFO ] [main] [ServicesKeywords.java:140] - Response from Server is:
{
  "error": {
    "message": "Not a valid User or SessionId!"
  },
  "status": "error"
}
2020-07-01 17:44:09,957[INFO ] [main] [ServicesKeywords.java:142] - ---------------------------------------------------------------------------------------
2020-07-01 17:44:12,963[ERROR] [main] [ServicesKeywords.java:196] - Server code did not matched: Expected[200] ---> Actual[401]
2020-07-01 17:44:12,973[ERROR] [main] [TestListener.java:31] - ***** Error PerformTask2 test has failed *****
2020-07-01 17:44:12,975[ERROR] [main] [TestListener.java:43] - Closing Driver Object:ChromeDriver: chrome on XP (null)
2020-07-01 17:44:13,029[INFO ] [main] [TestListener.java:192] - ****************** End of the Suite [AutomateIOTest] ************************
2020-07-01 17:44:13,243[INFO ] [main] [Executor.java:461] - ************ [Total Execution Time-0:0:38] *******************]
